<?xml version="1.0" encoding="UTF-8"?>
<testsuite xmlns:xsi="http://www.w3.org/2001/XMLSchema-instance" xsi:noNamespaceSchemaLocation="https://maven.apache.org/surefire/maven-surefire-plugin/xsd/surefire-test-report.xsd" version="3.0.2" name="com.hexaware.fastx.service.BookingServiceTest" time="0.799" tests="6" errors="0" skipped="0" failures="0" flakes="0">
  <properties>
[...]
</properties>
  <testcase name="testGetBookingById" classname="com.hexaware.fastx.service.BookingServiceTest" time="0.128">
    <system-out><![CDATA[2026-06-23T15:49:11.340+05:30  INFO 9260 --- [FastX-Test] [           main] t.c.s.AnnotationConfigContextLoaderUtils : Could not detect default configuration classes for test class [com.hexaware.fastx.service.BookingServiceTest]: BookingServiceTest does not declare any static, non-private, non-final, nested classes annotated with @Configuration.
2026-06-23T15:49:11.341+05:30  INFO 9260 --- [FastX-Test] [           main] .b.t.c.SpringBootTestContextBootstrapper : Found @SpringBootConfiguration com.hexaware.fastx.FastXApplication for test class com.hexaware.fastx.service.BookingServiceTest
2026-06-23T15:49:11.346+05:30 DEBUG 9260 --- [FastX-Test] [           main] org.hibernate.SQL                        : 
    insert 
    into
        roles
        (created_at, role_name, updated_at, role_id) 
    values
        (?, ?, ?, default)
Hibernate: 
    insert 
    into
        roles
        (created_at, role_name, updated_at, role_id) 
    values
        (?, ?, ?, default)
2026-06-23T15:49:11.346+05:30  INFO 9260 --- [FastX-Test] [           main] c.h.fastx.service.impl.RoleServiceImpl   : Role created with ID: 11
2026-06-23T15:49:11.347+05:30 DEBUG 9260 --- [FastX-Test] [           main] org.hibernate.SQL                        : 
    select
        u1_0.user_id 
    from
        users u1_0 
    where
        u1_0.email=? 
    fetch
        first ? rows only
Hibernate: 
    select
        u1_0.user_id 
    from
        users u1_0 
    where
        u1_0.email=? 
    fetch
        first ? rows only
2026-06-23T15:49:11.402+05:30 DEBUG 9260 --- [FastX-Test] [           main] org.hibernate.SQL                        : 
    insert 
    into
        users
        (address, created_at, email, full_name, gender, is_active, password, phone_number, role_id, updated_at, user_id) 
    values
        (?, ?, ?, ?, ?, ?, ?, ?, ?, ?, default)
Hibernate: 
    insert 
    into
        users
        (address, created_at, email, full_name, gender, is_active, password, phone_number, role_id, updated_at, user_id) 
    values
        (?, ?, ?, ?, ?, ?, ?, ?, ?, ?, default)
2026-06-23T15:49:11.402+05:30  INFO 9260 --- [FastX-Test] [           main] c.h.fastx.service.impl.UserServiceImpl   : User created with ID: 5
2026-06-23T15:49:11.455+05:30 DEBUG 9260 --- [FastX-Test] [           main] org.hibernate.SQL                        : 
    insert 
    into
        bus_operators
        (address, company_name, created_at, email, is_active, password, phone_number, updated_at, operator_id) 
    values
        (?, ?, ?, ?, ?, ?, ?, ?, default)
Hibernate: 
    insert 
    into
        bus_operators
        (address, company_name, created_at, email, is_active, password, phone_number, updated_at, operator_id) 
    values
        (?, ?, ?, ?, ?, ?, ?, ?, default)
2026-06-23T15:49:11.456+05:30  INFO 9260 --- [FastX-Test] [           main] c.h.f.s.impl.BusOperatorServiceImpl      : Bus Operator created with ID: 16
2026-06-23T15:49:11.456+05:30 DEBUG 9260 --- [FastX-Test] [           main] org.hibernate.SQL                        : 
    insert 
    into
        buses
        (arrival_time, bus_name, bus_number, operator_id, bus_type, created_at, departure_time, destination, fare, journey_date, origin, total_seats, updated_at, bus_id) 
    values
        (?, ?, ?, ?, ?, ?, ?, ?, ?, ?, ?, ?, ?, default)
Hibernate: 
    insert 
    into
        buses
        (arrival_time, bus_name, bus_number, operator_id, bus_type, created_at, departure_time, destination, fare, journey_date, origin, total_seats, updated_at, bus_id) 
    values
        (?, ?, ?, ?, ?, ?, ?, ?, ?, ?, ?, ?, ?, default)
2026-06-23T15:49:11.457+05:30  INFO 9260 --- [FastX-Test] [           main] c.h.fastx.service.impl.BusServiceImpl    : Bus added with ID: 16
2026-06-23T15:49:11.457+05:30 DEBUG 9260 --- [FastX-Test] [           main] org.hibernate.SQL                        : 
    insert 
    into
        seats
        (bus_id, created_at, reserved_booking_id, seat_number, seat_status, seat_type, updated_at, seat_id) 
    values
        (?, ?, ?, ?, ?, ?, ?, default)
Hibernate: 
    insert 
    into
        seats
        (bus_id, created_at, reserved_booking_id, seat_number, seat_status, seat_type, updated_at, seat_id) 
    values
        (?, ?, ?, ?, ?, ?, ?, default)
2026-06-23T15:49:11.457+05:30 DEBUG 9260 --- [FastX-Test] [           main] org.hibernate.SQL                        : 
    insert 
    into
        seats
        (bus_id, created_at, reserved_booking_id, seat_number, seat_status, seat_type, updated_at, seat_id) 
    values
        (?, ?, ?, ?, ?, ?, ?, default)
Hibernate: 
    insert 
    into
        seats
        (bus_id, created_at, reserved_booking_id, seat_number, seat_status, seat_type, updated_at, seat_id) 
    values
        (?, ?, ?, ?, ?, ?, ?, default)
2026-06-23T15:49:11.457+05:30 DEBUG 9260 --- [FastX-Test] [           main] org.hibernate.SQL                        : 
    insert 
    into
        seats
        (bus_id, created_at, reserved_booking_id, seat_number, seat_status, seat_type, updated_at, seat_id) 
    values
        (?, ?, ?, ?, ?, ?, ?, default)
Hibernate: 
    insert 
    into
        seats
        (bus_id, created_at, reserved_booking_id, seat_number, seat_status, seat_type, updated_at, seat_id) 
    values
        (?, ?, ?, ?, ?, ?, ?, default)
2026-06-23T15:49:11.458+05:30 DEBUG 9260 --- [FastX-Test] [           main] org.hibernate.SQL                        : 
    insert 
    into
        seats
        (bus_id, created_at, reserved_booking_id, seat_number, seat_status, seat_type, updated_at, seat_id) 
    values
        (?, ?, ?, ?, ?, ?, ?, default)
Hibernate: 
    insert 
    into
        seats
        (bus_id, created_at, reserved_booking_id, seat_number, seat_status, seat_type, updated_at, seat_id) 
    values
        (?, ?, ?, ?, ?, ?, ?, default)
2026-06-23T15:49:11.458+05:30 DEBUG 9260 --- [FastX-Test] [           main] org.hibernate.SQL                        : 
    insert 
    into
        seats
        (bus_id, created_at, reserved_booking_id, seat_number, seat_status, seat_type, updated_at, seat_id) 
    values
        (?, ?, ?, ?, ?, ?, ?, default)
Hibernate: 
    insert 
    into
        seats
        (bus_id, created_at, reserved_booking_id, seat_number, seat_status, seat_type, updated_at, seat_id) 
    values
        (?, ?, ?, ?, ?, ?, ?, default)
2026-06-23T15:49:11.458+05:30 DEBUG 9260 --- [FastX-Test] [           main] org.hibernate.SQL                        : 
    insert 
    into
        seats
        (bus_id, created_at, reserved_booking_id, seat_number, seat_status, seat_type, updated_at, seat_id) 
    values
        (?, ?, ?, ?, ?, ?, ?, default)
Hibernate: 
    insert 
    into
        seats
        (bus_id, created_at, reserved_booking_id, seat_number, seat_status, seat_type, updated_at, seat_id) 
    values
        (?, ?, ?, ?, ?, ?, ?, default)
2026-06-23T15:49:11.458+05:30 DEBUG 9260 --- [FastX-Test] [           main] org.hibernate.SQL                        : 
    insert 
    into
        seats
        (bus_id, created_at, reserved_booking_id, seat_number, seat_status, seat_type, updated_at, seat_id) 
    values
        (?, ?, ?, ?, ?, ?, ?, default)
Hibernate: 
    insert 
    into
        seats
        (bus_id, created_at, reserved_booking_id, seat_number, seat_status, seat_type, updated_at, seat_id) 
    values
        (?, ?, ?, ?, ?, ?, ?, default)
2026-06-23T15:49:11.458+05:30 DEBUG 9260 --- [FastX-Test] [           main] org.hibernate.SQL                        : 
    insert 
    into
        seats
        (bus_id, created_at, reserved_booking_id, seat_number, seat_status, seat_type, updated_at, seat_id) 
    values
        (?, ?, ?, ?, ?, ?, ?, default)
Hibernate: 
    insert 
    into
        seats
        (bus_id, created_at, reserved_booking_id, seat_number, seat_status, seat_type, updated_at, seat_id) 
    values
        (?, ?, ?, ?, ?, ?, ?, default)
2026-06-23T15:49:11.458+05:30 DEBUG 9260 --- [FastX-Test] [           main] org.hibernate.SQL                        : 
    insert 
    into
        seats
        (bus_id, created_at, reserved_booking_id, seat_number, seat_status, seat_type, updated_at, seat_id) 
    values
        (?, ?, ?, ?, ?, ?, ?, default)
Hibernate: 
    insert 
    into
        seats
        (bus_id, created_at, reserved_booking_id, seat_number, seat_status, seat_type, updated_at, seat_id) 
    values
        (?, ?, ?, ?, ?, ?, ?, default)
2026-06-23T15:49:11.459+05:30 DEBUG 9260 --- [FastX-Test] [           main] org.hibernate.SQL                        : 
    insert 
    into
        seats
        (bus_id, created_at, reserved_booking_id, seat_number, seat_status, seat_type, updated_at, seat_id) 
    values
        (?, ?, ?, ?, ?, ?, ?, default)
Hibernate: 
    insert 
    into
        seats
        (bus_id, created_at, reserved_booking_id, seat_number, seat_status, seat_type, updated_at, seat_id) 
    values
        (?, ?, ?, ?, ?, ?, ?, default)
2026-06-23T15:49:11.459+05:30 DEBUG 9260 --- [FastX-Test] [           main] org.hibernate.SQL                        : 
    insert 
    into
        seats
        (bus_id, created_at, reserved_booking_id, seat_number, seat_status, seat_type, updated_at, seat_id) 
    values
        (?, ?, ?, ?, ?, ?, ?, default)
Hibernate: 
    insert 
    into
        seats
        (bus_id, created_at, reserved_booking_id, seat_number, seat_status, seat_type, updated_at, seat_id) 
    values
        (?, ?, ?, ?, ?, ?, ?, default)
2026-06-23T15:49:11.459+05:30 DEBUG 9260 --- [FastX-Test] [           main] org.hibernate.SQL                        : 
    insert 
    into
        seats
        (bus_id, created_at, reserved_booking_id, seat_number, seat_status, seat_type, updated_at, seat_id) 
    values
        (?, ?, ?, ?, ?, ?, ?, default)
Hibernate: 
    insert 
    into
        seats
        (bus_id, created_at, reserved_booking_id, seat_number, seat_status, seat_type, updated_at, seat_id) 
    values
        (?, ?, ?, ?, ?, ?, ?, default)
2026-06-23T15:49:11.459+05:30 DEBUG 9260 --- [FastX-Test] [           main] org.hibernate.SQL                        : 
    insert 
    into
        seats
        (bus_id, created_at, reserved_booking_id, seat_number, seat_status, seat_type, updated_at, seat_id) 
    values
        (?, ?, ?, ?, ?, ?, ?, default)
Hibernate: 
    insert 
    into
        seats
        (bus_id, created_at, reserved_booking_id, seat_number, seat_status, seat_type, updated_at, seat_id) 
    values
        (?, ?, ?, ?, ?, ?, ?, default)
2026-06-23T15:49:11.460+05:30 DEBUG 9260 --- [FastX-Test] [           main] org.hibernate.SQL                        : 
    insert 
    into
        seats
        (bus_id, created_at, reserved_booking_id, seat_number, seat_status, seat_type, updated_at, seat_id) 
    values
        (?, ?, ?, ?, ?, ?, ?, default)
Hibernate: 
    insert 
    into
        seats
        (bus_id, created_at, reserved_booking_id, seat_number, seat_status, seat_type, updated_at, seat_id) 
    values
        (?, ?, ?, ?, ?, ?, ?, default)
2026-06-23T15:49:11.460+05:30 DEBUG 9260 --- [FastX-Test] [           main] org.hibernate.SQL                        : 
    insert 
    into
        seats
        (bus_id, created_at, reserved_booking_id, seat_number, seat_status, seat_type, updated_at, seat_id) 
    values
        (?, ?, ?, ?, ?, ?, ?, default)
Hibernate: 
    insert 
    into
        seats
        (bus_id, created_at, reserved_booking_id, seat_number, seat_status, seat_type, updated_at, seat_id) 
    values
        (?, ?, ?, ?, ?, ?, ?, default)
2026-06-23T15:49:11.460+05:30 DEBUG 9260 --- [FastX-Test] [           main] org.hibernate.SQL                        : 
    insert 
    into
        seats
        (bus_id, created_at, reserved_booking_id, seat_number, seat_status, seat_type, updated_at, seat_id) 
    values
        (?, ?, ?, ?, ?, ?, ?, default)
Hibernate: 
    insert 
    into
        seats
        (bus_id, created_at, reserved_booking_id, seat_number, seat_status, seat_type, updated_at, seat_id) 
    values
        (?, ?, ?, ?, ?, ?, ?, default)
2026-06-23T15:49:11.460+05:30 DEBUG 9260 --- [FastX-Test] [           main] org.hibernate.SQL                        : 
    insert 
    into
        seats
        (bus_id, created_at, reserved_booking_id, seat_number, seat_status, seat_type, updated_at, seat_id) 
    values
        (?, ?, ?, ?, ?, ?, ?, default)
Hibernate: 
    insert 
    into
        seats
        (bus_id, created_at, reserved_booking_id, seat_number, seat_status, seat_type, updated_at, seat_id) 
    values
        (?, ?, ?, ?, ?, ?, ?, default)
2026-06-23T15:49:11.460+05:30 DEBUG 9260 --- [FastX-Test] [           main] org.hibernate.SQL                        : 
    insert 
    into
        seats
        (bus_id, created_at, reserved_booking_id, seat_number, seat_status, seat_type, updated_at, seat_id) 
    values
        (?, ?, ?, ?, ?, ?, ?, default)
Hibernate: 
    insert 
    into
        seats
        (bus_id, created_at, reserved_booking_id, seat_number, seat_status, seat_type, updated_at, seat_id) 
    values
        (?, ?, ?, ?, ?, ?, ?, default)
2026-06-23T15:49:11.460+05:30 DEBUG 9260 --- [FastX-Test] [           main] org.hibernate.SQL                        : 
    insert 
    into
        seats
        (bus_id, created_at, reserved_booking_id, seat_number, seat_status, seat_type, updated_at, seat_id) 
    values
        (?, ?, ?, ?, ?, ?, ?, default)
Hibernate: 
    insert 
    into
        seats
        (bus_id, created_at, reserved_booking_id, seat_number, seat_status, seat_type, updated_at, seat_id) 
    values
        (?, ?, ?, ?, ?, ?, ?, default)
2026-06-23T15:49:11.461+05:30 DEBUG 9260 --- [FastX-Test] [           main] org.hibernate.SQL                        : 
    insert 
    into
        seats
        (bus_id, created_at, reserved_booking_id, seat_number, seat_status, seat_type, updated_at, seat_id) 
    values
        (?, ?, ?, ?, ?, ?, ?, default)
Hibernate: 
    insert 
    into
        seats
        (bus_id, created_at, reserved_booking_id, seat_number, seat_status, seat_type, updated_at, seat_id) 
    values
        (?, ?, ?, ?, ?, ?, ?, default)
2026-06-23T15:49:11.461+05:30 DEBUG 9260 --- [FastX-Test] [           main] org.hibernate.SQL                        : 
    insert 
    into
        seats
        (bus_id, created_at, reserved_booking_id, seat_number, seat_status, seat_type, updated_at, seat_id) 
    values
        (?, ?, ?, ?, ?, ?, ?, default)
Hibernate: 
    insert 
    into
        seats
        (bus_id, created_at, reserved_booking_id, seat_number, seat_status, seat_type, updated_at, seat_id) 
    values
        (?, ?, ?, ?, ?, ?, ?, default)
2026-06-23T15:49:11.461+05:30 DEBUG 9260 --- [FastX-Test] [           main] org.hibernate.SQL                        : 
    insert 
    into
        seats
        (bus_id, created_at, reserved_booking_id, seat_number, seat_status, seat_type, updated_at, seat_id) 
    values
        (?, ?, ?, ?, ?, ?, ?, default)
Hibernate: 
    insert 
    into
        seats
        (bus_id, created_at, reserved_booking_id, seat_number, seat_status, seat_type, updated_at, seat_id) 
    values
        (?, ?, ?, ?, ?, ?, ?, default)
2026-06-23T15:49:11.461+05:30 DEBUG 9260 --- [FastX-Test] [           main] org.hibernate.SQL                        : 
    insert 
    into
        seats
        (bus_id, created_at, reserved_booking_id, seat_number, seat_status, seat_type, updated_at, seat_id) 
    values
        (?, ?, ?, ?, ?, ?, ?, default)
Hibernate: 
    insert 
    into
        seats
        (bus_id, created_at, reserved_booking_id, seat_number, seat_status, seat_type, updated_at, seat_id) 
    values
        (?, ?, ?, ?, ?, ?, ?, default)
2026-06-23T15:49:11.461+05:30 DEBUG 9260 --- [FastX-Test] [           main] org.hibernate.SQL                        : 
    insert 
    into
        seats
        (bus_id, created_at, reserved_booking_id, seat_number, seat_status, seat_type, updated_at, seat_id) 
    values
        (?, ?, ?, ?, ?, ?, ?, default)
Hibernate: 
    insert 
    into
        seats
        (bus_id, created_at, reserved_booking_id, seat_number, seat_status, seat_type, updated_at, seat_id) 
    values
        (?, ?, ?, ?, ?, ?, ?, default)
2026-06-23T15:49:11.461+05:30 DEBUG 9260 --- [FastX-Test] [           main] org.hibernate.SQL                        : 
    insert 
    into
        seats
        (bus_id, created_at, reserved_booking_id, seat_number, seat_status, seat_type, updated_at, seat_id) 
    values
        (?, ?, ?, ?, ?, ?, ?, default)
Hibernate: 
    insert 
    into
        seats
        (bus_id, created_at, reserved_booking_id, seat_number, seat_status, seat_type, updated_at, seat_id) 
    values
        (?, ?, ?, ?, ?, ?, ?, default)
2026-06-23T15:49:11.462+05:30 DEBUG 9260 --- [FastX-Test] [           main] org.hibernate.SQL                        : 
    insert 
    into
        seats
        (bus_id, created_at, reserved_booking_id, seat_number, seat_status, seat_type, updated_at, seat_id) 
    values
        (?, ?, ?, ?, ?, ?, ?, default)
Hibernate: 
    insert 
    into
        seats
        (bus_id, created_at, reserved_booking_id, seat_number, seat_status, seat_type, updated_at, seat_id) 
    values
        (?, ?, ?, ?, ?, ?, ?, default)
2026-06-23T15:49:11.462+05:30 DEBUG 9260 --- [FastX-Test] [           main] org.hibernate.SQL                        : 
    insert 
    into
        seats
        (bus_id, created_at, reserved_booking_id, seat_number, seat_status, seat_type, updated_at, seat_id) 
    values
        (?, ?, ?, ?, ?, ?, ?, default)
Hibernate: 
    insert 
    into
        seats
        (bus_id, created_at, reserved_booking_id, seat_number, seat_status, seat_type, updated_at, seat_id) 
    values
        (?, ?, ?, ?, ?, ?, ?, default)
2026-06-23T15:49:11.462+05:30 DEBUG 9260 --- [FastX-Test] [           main] org.hibernate.SQL                        : 
    insert 
    into
        seats
        (bus_id, created_at, reserved_booking_id, seat_number, seat_status, seat_type, updated_at, seat_id) 
    values
        (?, ?, ?, ?, ?, ?, ?, default)
Hibernate: 
    insert 
    into
        seats
        (bus_id, created_at, reserved_booking_id, seat_number, seat_status, seat_type, updated_at, seat_id) 
    values
        (?, ?, ?, ?, ?, ?, ?, default)
2026-06-23T15:49:11.462+05:30 DEBUG 9260 --- [FastX-Test] [           main] org.hibernate.SQL                        : 
    insert 
    into
        seats
        (bus_id, created_at, reserved_booking_id, seat_number, seat_status, seat_type, updated_at, seat_id) 
    values
        (?, ?, ?, ?, ?, ?, ?, default)
Hibernate: 
    insert 
    into
        seats
        (bus_id, created_at, reserved_booking_id, seat_number, seat_status, seat_type, updated_at, seat_id) 
    values
        (?, ?, ?, ?, ?, ?, ?, default)
2026-06-23T15:49:11.462+05:30 DEBUG 9260 --- [FastX-Test] [           main] org.hibernate.SQL                        : 
    insert 
    into
        seats
        (bus_id, created_at, reserved_booking_id, seat_number, seat_status, seat_type, updated_at, seat_id) 
    values
        (?, ?, ?, ?, ?, ?, ?, default)
Hibernate: 
    insert 
    into
        seats
        (bus_id, created_at, reserved_booking_id, seat_number, seat_status, seat_type, updated_at, seat_id) 
    values
        (?, ?, ?, ?, ?, ?, ?, default)
2026-06-23T15:49:11.462+05:30 DEBUG 9260 --- [FastX-Test] [           main] org.hibernate.SQL                        : 
    insert 
    into
        seats
        (bus_id, created_at, reserved_booking_id, seat_number, seat_status, seat_type, updated_at, seat_id) 
    values
        (?, ?, ?, ?, ?, ?, ?, default)
Hibernate: 
    insert 
    into
        seats
        (bus_id, created_at, reserved_booking_id, seat_number, seat_status, seat_type, updated_at, seat_id) 
    values
        (?, ?, ?, ?, ?, ?, ?, default)
2026-06-23T15:49:11.462+05:30 DEBUG 9260 --- [FastX-Test] [           main] org.hibernate.SQL                        : 
    insert 
    into
        seats
        (bus_id, created_at, reserved_booking_id, seat_number, seat_status, seat_type, updated_at, seat_id) 
    values
        (?, ?, ?, ?, ?, ?, ?, default)
Hibernate: 
    insert 
    into
        seats
        (bus_id, created_at, reserved_booking_id, seat_number, seat_status, seat_type, updated_at, seat_id) 
    values
        (?, ?, ?, ?, ?, ?, ?, default)
2026-06-23T15:49:11.463+05:30 DEBUG 9260 --- [FastX-Test] [           main] org.hibernate.SQL                        : 
    insert 
    into
        seats
        (bus_id, created_at, reserved_booking_id, seat_number, seat_status, seat_type, updated_at, seat_id) 
    values
        (?, ?, ?, ?, ?, ?, ?, default)
Hibernate: 
    insert 
    into
        seats
        (bus_id, created_at, reserved_booking_id, seat_number, seat_status, seat_type, updated_at, seat_id) 
    values
        (?, ?, ?, ?, ?, ?, ?, default)
2026-06-23T15:49:11.463+05:30 DEBUG 9260 --- [FastX-Test] [           main] org.hibernate.SQL                        : 
    insert 
    into
        seats
        (bus_id, created_at, reserved_booking_id, seat_number, seat_status, seat_type, updated_at, seat_id) 
    values
        (?, ?, ?, ?, ?, ?, ?, default)
Hibernate: 
    insert 
    into
        seats
        (bus_id, created_at, reserved_booking_id, seat_number, seat_status, seat_type, updated_at, seat_id) 
    values
        (?, ?, ?, ?, ?, ?, ?, default)
2026-06-23T15:49:11.463+05:30 DEBUG 9260 --- [FastX-Test] [           main] org.hibernate.SQL                        : 
    insert 
    into
        seats
        (bus_id, created_at, reserved_booking_id, seat_number, seat_status, seat_type, updated_at, seat_id) 
    values
        (?, ?, ?, ?, ?, ?, ?, default)
Hibernate: 
    insert 
    into
        seats
        (bus_id, created_at, reserved_booking_id, seat_number, seat_status, seat_type, updated_at, seat_id) 
    values
        (?, ?, ?, ?, ?, ?, ?, default)
2026-06-23T15:49:11.463+05:30 DEBUG 9260 --- [FastX-Test] [           main] org.hibernate.SQL                        : 
    insert 
    into
        seats
        (bus_id, created_at, reserved_booking_id, seat_number, seat_status, seat_type, updated_at, seat_id) 
    values
        (?, ?, ?, ?, ?, ?, ?, default)
Hibernate: 
    insert 
    into
        seats
        (bus_id, created_at, reserved_booking_id, seat_number, seat_status, seat_type, updated_at, seat_id) 
    values
        (?, ?, ?, ?, ?, ?, ?, default)
2026-06-23T15:49:11.463+05:30 DEBUG 9260 --- [FastX-Test] [           main] org.hibernate.SQL                        : 
    insert 
    into
        seats
        (bus_id, created_at, reserved_booking_id, seat_number, seat_status, seat_type, updated_at, seat_id) 
    values
        (?, ?, ?, ?, ?, ?, ?, default)
Hibernate: 
    insert 
    into
        seats
        (bus_id, created_at, reserved_booking_id, seat_number, seat_status, seat_type, updated_at, seat_id) 
    values
        (?, ?, ?, ?, ?, ?, ?, default)
2026-06-23T15:49:11.463+05:30 DEBUG 9260 --- [FastX-Test] [           main] org.hibernate.SQL                        : 
    insert 
    into
        seats
        (bus_id, created_at, reserved_booking_id, seat_number, seat_status, seat_type, updated_at, seat_id) 
    values
        (?, ?, ?, ?, ?, ?, ?, default)
Hibernate: 
    insert 
    into
        seats
        (bus_id, created_at, reserved_booking_id, seat_number, seat_status, seat_type, updated_at, seat_id) 
    values
        (?, ?, ?, ?, ?, ?, ?, default)
2026-06-23T15:49:11.464+05:30 DEBUG 9260 --- [FastX-Test] [           main] org.hibernate.SQL                        : 
    insert 
    into
        seats
        (bus_id, created_at, reserved_booking_id, seat_number, seat_status, seat_type, updated_at, seat_id) 
    values
        (?, ?, ?, ?, ?, ?, ?, default)
Hibernate: 
    insert 
    into
        seats
        (bus_id, created_at, reserved_booking_id, seat_number, seat_status, seat_type, updated_at, seat_id) 
    values
        (?, ?, ?, ?, ?, ?, ?, default)
2026-06-23T15:49:11.464+05:30 DEBUG 9260 --- [FastX-Test] [           main] org.hibernate.SQL                        : 
    insert 
    into
        seats
        (bus_id, created_at, reserved_booking_id, seat_number, seat_status, seat_type, updated_at, seat_id) 
    values
        (?, ?, ?, ?, ?, ?, ?, default)
Hibernate: 
    insert 
    into
        seats
        (bus_id, created_at, reserved_booking_id, seat_number, seat_status, seat_type, updated_at, seat_id) 
    values
        (?, ?, ?, ?, ?, ?, ?, default)
2026-06-23T15:49:11.464+05:30  INFO 9260 --- [FastX-Test] [           main] c.h.fastx.service.impl.BusServiceImpl    : 40 seats created for Bus ID: 16
2026-06-23T15:49:11.465+05:30 DEBUG 9260 --- [FastX-Test] [           main] org.hibernate.SQL                        : 
    select
        s1_0.seat_id,
        s1_0.bus_id,
        s1_0.created_at,
        s1_0.reserved_booking_id,
        s1_0.seat_number,
        s1_0.seat_status,
        s1_0.seat_type,
        s1_0.updated_at 
    from
        seats s1_0 
    where
        s1_0.bus_id=? 
        and s1_0.seat_status=?
Hibernate: 
    select
        s1_0.seat_id,
        s1_0.bus_id,
        s1_0.created_at,
        s1_0.reserved_booking_id,
        s1_0.seat_number,
        s1_0.seat_status,
        s1_0.seat_type,
        s1_0.updated_at 
    from
        seats s1_0 
    where
        s1_0.bus_id=? 
        and s1_0.seat_status=?
2026-06-23T15:49:11.465+05:30  INFO 9260 --- [FastX-Test] [           main] c.h.f.service.impl.BookingServiceImpl    : Creating booking for User ID: 5 on Bus ID: 16
2026-06-23T15:49:11.466+05:30  INFO 9260 --- [FastX-Test] [           main] c.h.f.service.impl.BookingServiceImpl    : Number of passengers: 1
2026-06-23T15:49:11.466+05:30 DEBUG 9260 --- [FastX-Test] [           main] org.hibernate.SQL                        : 
    select
        count(s1_0.seat_id) 
    from
        seats s1_0 
    where
        s1_0.bus_id=? 
        and s1_0.seat_status=?
Hibernate: 
    select
        count(s1_0.seat_id) 
    from
        seats s1_0 
    where
        s1_0.bus_id=? 
        and s1_0.seat_status=?
2026-06-23T15:49:11.467+05:30  INFO 9260 --- [FastX-Test] [           main] c.h.f.service.impl.BookingServiceImpl    : Total amount calculated: 500.0 (fare 500.0 x 1 passengers)
2026-06-23T15:49:11.467+05:30  INFO 9260 --- [FastX-Test] [           main] c.h.f.service.impl.BookingServiceImpl    : Reservation expires at: 2026-06-23T16:19:11.467132271 (30-minute window)
2026-06-23T15:49:11.467+05:30 DEBUG 9260 --- [FastX-Test] [           main] org.hibernate.SQL                        : 
    insert 
    into
        bookings
        (booking_date, booking_status, bus_id, created_at, reservation_expires_at, total_amount, updated_at, user_id, booking_id) 
    values
        (?, ?, ?, ?, ?, ?, ?, ?, default)
Hibernate: 
    insert 
    into
        bookings
        (booking_date, booking_status, bus_id, created_at, reservation_expires_at, total_amount, updated_at, user_id, booking_id) 
    values
        (?, ?, ?, ?, ?, ?, ?, ?, default)
2026-06-23T15:49:11.467+05:30  INFO 9260 --- [FastX-Test] [           main] c.h.f.service.impl.BookingServiceImpl    : Booking saved with auto-generated ID: 5. User will use this ID to complete payment.
2026-06-23T15:49:11.467+05:30  INFO 9260 --- [FastX-Test] [           main] c.h.fastx.service.impl.SeatServiceImpl   : Seat reserved (held for payment): B16-LB-01 for Booking ID: 5
2026-06-23T15:49:11.468+05:30 DEBUG 9260 --- [FastX-Test] [           main] org.hibernate.SQL                        : 
    insert 
    into
        passengers
        (age, booking_id, created_at, gender, name, seat_id, updated_at, passenger_id) 
    values
        (?, ?, ?, ?, ?, ?, ?, default)
Hibernate: 
    insert 
    into
        passengers
        (age, booking_id, created_at, gender, name, seat_id, updated_at, passenger_id) 
    values
        (?, ?, ?, ?, ?, ?, ?, default)
2026-06-23T15:49:11.468+05:30  INFO 9260 --- [FastX-Test] [           main] c.h.f.service.impl.BookingServiceImpl    : Passenger added: Buddy (Age: 21) -> Seat: B16-LB-01
2026-06-23T15:49:11.468+05:30 DEBUG 9260 --- [FastX-Test] [           main] org.hibernate.SQL                        : 
    insert 
    into
        payments
        (amount, booking_id, created_at, payment_date, payment_method, payment_status, transaction_id, updated_at, payment_id) 
    values
        (?, ?, ?, ?, ?, ?, ?, ?, default)
Hibernate: 
    insert 
    into
        payments
        (amount, booking_id, created_at, payment_date, payment_method, payment_status, transaction_id, updated_at, payment_id) 
    values
        (?, ?, ?, ?, ?, ?, ?, ?, default)
2026-06-23T15:49:11.468+05:30  INFO 9260 --- [FastX-Test] [           main] c.h.f.service.impl.BookingServiceImpl    : Pending payment record created for Booking ID: 5
2026-06-23T15:49:11.468+05:30  INFO 9260 --- [FastX-Test] [           main] c.h.f.service.impl.BookingServiceImpl    : Booking created successfully! Booking ID: 5 | Status: PENDING | Seats: RESERVED for 30 mins | Complete payment to confirm.
2026-06-23T15:49:11.468+05:30  INFO 9260 --- [FastX-Test] [           main] c.h.f.service.impl.BookingServiceImpl    : Fetching booking with ID: 5
]]></system-out>
  </testcase>
  <testcase name="testCancelBooking" classname="com.hexaware.fastx.service.BookingServiceTest" time="0.13">
    <system-out><![CDATA[2026-06-23T15:49:11.474+05:30 DEBUG 9260 --- [FastX-Test] [           main] org.hibernate.SQL                        : 
    insert 
    into
        roles
        (created_at, role_name, updated_at, role_id) 
    values
        (?, ?, ?, default)
Hibernate: 
    insert 
    into
        roles
        (created_at, role_name, updated_at, role_id) 
    values
        (?, ?, ?, default)
2026-06-23T15:49:11.475+05:30  INFO 9260 --- [FastX-Test] [           main] c.h.fastx.service.impl.RoleServiceImpl   : Role created with ID: 12
2026-06-23T15:49:11.476+05:30 DEBUG 9260 --- [FastX-Test] [           main] org.hibernate.SQL                        : 
    select
        u1_0.user_id 
    from
        users u1_0 
    where
        u1_0.email=? 
    fetch
        first ? rows only
Hibernate: 
    select
        u1_0.user_id 
    from
        users u1_0 
    where
        u1_0.email=? 
    fetch
        first ? rows only
2026-06-23T15:49:11.530+05:30 DEBUG 9260 --- [FastX-Test] [           main] org.hibernate.SQL                        : 
    insert 
    into
        users
        (address, created_at, email, full_name, gender, is_active, password, phone_number, role_id, updated_at, user_id) 
    values
        (?, ?, ?, ?, ?, ?, ?, ?, ?, ?, default)
Hibernate: 
    insert 
    into
        users
        (address, created_at, email, full_name, gender, is_active, password, phone_number, role_id, updated_at, user_id) 
    values
        (?, ?, ?, ?, ?, ?, ?, ?, ?, ?, default)
2026-06-23T15:49:11.530+05:30  INFO 9260 --- [FastX-Test] [           main] c.h.fastx.service.impl.UserServiceImpl   : User created with ID: 6
2026-06-23T15:49:11.584+05:30 DEBUG 9260 --- [FastX-Test] [           main] org.hibernate.SQL                        : 
    insert 
    into
        bus_operators
        (address, company_name, created_at, email, is_active, password, phone_number, updated_at, operator_id) 
    values
        (?, ?, ?, ?, ?, ?, ?, ?, default)
Hibernate: 
    insert 
    into
        bus_operators
        (address, company_name, created_at, email, is_active, password, phone_number, updated_at, operator_id) 
    values
        (?, ?, ?, ?, ?, ?, ?, ?, default)
2026-06-23T15:49:11.585+05:30  INFO 9260 --- [FastX-Test] [           main] c.h.f.s.impl.BusOperatorServiceImpl      : Bus Operator created with ID: 17
2026-06-23T15:49:11.585+05:30 DEBUG 9260 --- [FastX-Test] [           main] org.hibernate.SQL                        : 
    insert 
    into
        buses
        (arrival_time, bus_name, bus_number, operator_id, bus_type, created_at, departure_time, destination, fare, journey_date, origin, total_seats, updated_at, bus_id) 
    values
        (?, ?, ?, ?, ?, ?, ?, ?, ?, ?, ?, ?, ?, default)
Hibernate: 
    insert 
    into
        buses
        (arrival_time, bus_name, bus_number, operator_id, bus_type, created_at, departure_time, destination, fare, journey_date, origin, total_seats, updated_at, bus_id) 
    values
        (?, ?, ?, ?, ?, ?, ?, ?, ?, ?, ?, ?, ?, default)
2026-06-23T15:49:11.585+05:30  INFO 9260 --- [FastX-Test] [           main] c.h.fastx.service.impl.BusServiceImpl    : Bus added with ID: 17
2026-06-23T15:49:11.585+05:30 DEBUG 9260 --- [FastX-Test] [           main] org.hibernate.SQL                        : 
    insert 
    into
        seats
        (bus_id, created_at, reserved_booking_id, seat_number, seat_status, seat_type, updated_at, seat_id) 
    values
        (?, ?, ?, ?, ?, ?, ?, default)
Hibernate: 
    insert 
    into
        seats
        (bus_id, created_at, reserved_booking_id, seat_number, seat_status, seat_type, updated_at, seat_id) 
    values
        (?, ?, ?, ?, ?, ?, ?, default)
2026-06-23T15:49:11.586+05:30 DEBUG 9260 --- [FastX-Test] [           main] org.hibernate.SQL                        : 
    insert 
    into
        seats
        (bus_id, created_at, reserved_booking_id, seat_number, seat_status, seat_type, updated_at, seat_id) 
    values
        (?, ?, ?, ?, ?, ?, ?, default)
Hibernate: 
    insert 
    into
        seats
        (bus_id, created_at, reserved_booking_id, seat_number, seat_status, seat_type, updated_at, seat_id) 
    values
        (?, ?, ?, ?, ?, ?, ?, default)
2026-06-23T15:49:11.586+05:30 DEBUG 9260 --- [FastX-Test] [           main] org.hibernate.SQL                        : 
    insert 
    into
        seats
        (bus_id, created_at, reserved_booking_id, seat_number, seat_status, seat_type, updated_at, seat_id) 
    values
        (?, ?, ?, ?, ?, ?, ?, default)
Hibernate: 
    insert 
    into
        seats
        (bus_id, created_at, reserved_booking_id, seat_number, seat_status, seat_type, updated_at, seat_id) 
    values
        (?, ?, ?, ?, ?, ?, ?, default)
2026-06-23T15:49:11.586+05:30 DEBUG 9260 --- [FastX-Test] [           main] org.hibernate.SQL                        : 
    insert 
    into
        seats
        (bus_id, created_at, reserved_booking_id, seat_number, seat_status, seat_type, updated_at, seat_id) 
    values
        (?, ?, ?, ?, ?, ?, ?, default)
Hibernate: 
    insert 
    into
        seats
        (bus_id, created_at, reserved_booking_id, seat_number, seat_status, seat_type, updated_at, seat_id) 
    values
        (?, ?, ?, ?, ?, ?, ?, default)
2026-06-23T15:49:11.586+05:30 DEBUG 9260 --- [FastX-Test] [           main] org.hibernate.SQL                        : 
    insert 
    into
        seats
        (bus_id, created_at, reserved_booking_id, seat_number, seat_status, seat_type, updated_at, seat_id) 
    values
        (?, ?, ?, ?, ?, ?, ?, default)
Hibernate: 
    insert 
    into
        seats
        (bus_id, created_at, reserved_booking_id, seat_number, seat_status, seat_type, updated_at, seat_id) 
    values
        (?, ?, ?, ?, ?, ?, ?, default)
2026-06-23T15:49:11.587+05:30 DEBUG 9260 --- [FastX-Test] [           main] org.hibernate.SQL                        : 
    insert 
    into
        seats
        (bus_id, created_at, reserved_booking_id, seat_number, seat_status, seat_type, updated_at, seat_id) 
    values
        (?, ?, ?, ?, ?, ?, ?, default)
Hibernate: 
    insert 
    into
        seats
        (bus_id, created_at, reserved_booking_id, seat_number, seat_status, seat_type, updated_at, seat_id) 
    values
        (?, ?, ?, ?, ?, ?, ?, default)
2026-06-23T15:49:11.587+05:30 DEBUG 9260 --- [FastX-Test] [           main] org.hibernate.SQL                        : 
    insert 
    into
        seats
        (bus_id, created_at, reserved_booking_id, seat_number, seat_status, seat_type, updated_at, seat_id) 
    values
        (?, ?, ?, ?, ?, ?, ?, default)
Hibernate: 
    insert 
    into
        seats
        (bus_id, created_at, reserved_booking_id, seat_number, seat_status, seat_type, updated_at, seat_id) 
    values
        (?, ?, ?, ?, ?, ?, ?, default)
2026-06-23T15:49:11.587+05:30 DEBUG 9260 --- [FastX-Test] [           main] org.hibernate.SQL                        : 
    insert 
    into
        seats
        (bus_id, created_at, reserved_booking_id, seat_number, seat_status, seat_type, updated_at, seat_id) 
    values
        (?, ?, ?, ?, ?, ?, ?, default)
Hibernate: 
    insert 
    into
        seats
        (bus_id, created_at, reserved_booking_id, seat_number, seat_status, seat_type, updated_at, seat_id) 
    values
        (?, ?, ?, ?, ?, ?, ?, default)
2026-06-23T15:49:11.587+05:30 DEBUG 9260 --- [FastX-Test] [           main] org.hibernate.SQL                        : 
    insert 
    into
        seats
        (bus_id, created_at, reserved_booking_id, seat_number, seat_status, seat_type, updated_at, seat_id) 
    values
        (?, ?, ?, ?, ?, ?, ?, default)
Hibernate: 
    insert 
    into
        seats
        (bus_id, created_at, reserved_booking_id, seat_number, seat_status, seat_type, updated_at, seat_id) 
    values
        (?, ?, ?, ?, ?, ?, ?, default)
2026-06-23T15:49:11.587+05:30 DEBUG 9260 --- [FastX-Test] [           main] org.hibernate.SQL                        : 
    insert 
    into
        seats
        (bus_id, created_at, reserved_booking_id, seat_number, seat_status, seat_type, updated_at, seat_id) 
    values
        (?, ?, ?, ?, ?, ?, ?, default)
Hibernate: 
    insert 
    into
        seats
        (bus_id, created_at, reserved_booking_id, seat_number, seat_status, seat_type, updated_at, seat_id) 
    values
        (?, ?, ?, ?, ?, ?, ?, default)
2026-06-23T15:49:11.587+05:30 DEBUG 9260 --- [FastX-Test] [           main] org.hibernate.SQL                        : 
    insert 
    into
        seats
        (bus_id, created_at, reserved_booking_id, seat_number, seat_status, seat_type, updated_at, seat_id) 
    values
        (?, ?, ?, ?, ?, ?, ?, default)
Hibernate: 
    insert 
    into
        seats
        (bus_id, created_at, reserved_booking_id, seat_number, seat_status, seat_type, updated_at, seat_id) 
    values
        (?, ?, ?, ?, ?, ?, ?, default)
2026-06-23T15:49:11.588+05:30 DEBUG 9260 --- [FastX-Test] [           main] org.hibernate.SQL                        : 
    insert 
    into
        seats
        (bus_id, created_at, reserved_booking_id, seat_number, seat_status, seat_type, updated_at, seat_id) 
    values
        (?, ?, ?, ?, ?, ?, ?, default)
Hibernate: 
    insert 
    into
        seats
        (bus_id, created_at, reserved_booking_id, seat_number, seat_status, seat_type, updated_at, seat_id) 
    values
        (?, ?, ?, ?, ?, ?, ?, default)
2026-06-23T15:49:11.588+05:30 DEBUG 9260 --- [FastX-Test] [           main] org.hibernate.SQL                        : 
    insert 
    into
        seats
        (bus_id, created_at, reserved_booking_id, seat_number, seat_status, seat_type, updated_at, seat_id) 
    values
        (?, ?, ?, ?, ?, ?, ?, default)
Hibernate: 
    insert 
    into
        seats
        (bus_id, created_at, reserved_booking_id, seat_number, seat_status, seat_type, updated_at, seat_id) 
    values
        (?, ?, ?, ?, ?, ?, ?, default)
2026-06-23T15:49:11.588+05:30 DEBUG 9260 --- [FastX-Test] [           main] org.hibernate.SQL                        : 
    insert 
    into
        seats
        (bus_id, created_at, reserved_booking_id, seat_number, seat_status, seat_type, updated_at, seat_id) 
    values
        (?, ?, ?, ?, ?, ?, ?, default)
Hibernate: 
    insert 
    into
        seats
        (bus_id, created_at, reserved_booking_id, seat_number, seat_status, seat_type, updated_at, seat_id) 
    values
        (?, ?, ?, ?, ?, ?, ?, default)
2026-06-23T15:49:11.588+05:30 DEBUG 9260 --- [FastX-Test] [           main] org.hibernate.SQL                        : 
    insert 
    into
        seats
        (bus_id, created_at, reserved_booking_id, seat_number, seat_status, seat_type, updated_at, seat_id) 
    values
        (?, ?, ?, ?, ?, ?, ?, default)
Hibernate: 
    insert 
    into
        seats
        (bus_id, created_at, reserved_booking_id, seat_number, seat_status, seat_type, updated_at, seat_id) 
    values
        (?, ?, ?, ?, ?, ?, ?, default)
2026-06-23T15:49:11.588+05:30 DEBUG 9260 --- [FastX-Test] [           main] org.hibernate.SQL                        : 
    insert 
    into
        seats
        (bus_id, created_at, reserved_booking_id, seat_number, seat_status, seat_type, updated_at, seat_id) 
    values
        (?, ?, ?, ?, ?, ?, ?, default)
Hibernate: 
    insert 
    into
        seats
        (bus_id, created_at, reserved_booking_id, seat_number, seat_status, seat_type, updated_at, seat_id) 
    values
        (?, ?, ?, ?, ?, ?, ?, default)
2026-06-23T15:49:11.589+05:30 DEBUG 9260 --- [FastX-Test] [           main] org.hibernate.SQL                        : 
    insert 
    into
        seats
        (bus_id, created_at, reserved_booking_id, seat_number, seat_status, seat_type, updated_at, seat_id) 
    values
        (?, ?, ?, ?, ?, ?, ?, default)
Hibernate: 
    insert 
    into
        seats
        (bus_id, created_at, reserved_booking_id, seat_number, seat_status, seat_type, updated_at, seat_id) 
    values
        (?, ?, ?, ?, ?, ?, ?, default)
2026-06-23T15:49:11.589+05:30 DEBUG 9260 --- [FastX-Test] [           main] org.hibernate.SQL                        : 
    insert 
    into
        seats
        (bus_id, created_at, reserved_booking_id, seat_number, seat_status, seat_type, updated_at, seat_id) 
    values
        (?, ?, ?, ?, ?, ?, ?, default)
Hibernate: 
    insert 
    into
        seats
        (bus_id, created_at, reserved_booking_id, seat_number, seat_status, seat_type, updated_at, seat_id) 
    values
        (?, ?, ?, ?, ?, ?, ?, default)
2026-06-23T15:49:11.589+05:30 DEBUG 9260 --- [FastX-Test] [           main] org.hibernate.SQL                        : 
    insert 
    into
        seats
        (bus_id, created_at, reserved_booking_id, seat_number, seat_status, seat_type, updated_at, seat_id) 
    values
        (?, ?, ?, ?, ?, ?, ?, default)
Hibernate: 
    insert 
    into
        seats
        (bus_id, created_at, reserved_booking_id, seat_number, seat_status, seat_type, updated_at, seat_id) 
    values
        (?, ?, ?, ?, ?, ?, ?, default)
2026-06-23T15:49:11.589+05:30 DEBUG 9260 --- [FastX-Test] [           main] org.hibernate.SQL                        : 
    insert 
    into
        seats
        (bus_id, created_at, reserved_booking_id, seat_number, seat_status, seat_type, updated_at, seat_id) 
    values
        (?, ?, ?, ?, ?, ?, ?, default)
Hibernate: 
    insert 
    into
        seats
        (bus_id, created_at, reserved_booking_id, seat_number, seat_status, seat_type, updated_at, seat_id) 
    values
        (?, ?, ?, ?, ?, ?, ?, default)
2026-06-23T15:49:11.589+05:30 DEBUG 9260 --- [FastX-Test] [           main] org.hibernate.SQL                        : 
    insert 
    into
        seats
        (bus_id, created_at, reserved_booking_id, seat_number, seat_status, seat_type, updated_at, seat_id) 
    values
        (?, ?, ?, ?, ?, ?, ?, default)
Hibernate: 
    insert 
    into
        seats
        (bus_id, created_at, reserved_booking_id, seat_number, seat_status, seat_type, updated_at, seat_id) 
    values
        (?, ?, ?, ?, ?, ?, ?, default)
2026-06-23T15:49:11.589+05:30 DEBUG 9260 --- [FastX-Test] [           main] org.hibernate.SQL                        : 
    insert 
    into
        seats
        (bus_id, created_at, reserved_booking_id, seat_number, seat_status, seat_type, updated_at, seat_id) 
    values
        (?, ?, ?, ?, ?, ?, ?, default)
Hibernate: 
    insert 
    into
        seats
        (bus_id, created_at, reserved_booking_id, seat_number, seat_status, seat_type, updated_at, seat_id) 
    values
        (?, ?, ?, ?, ?, ?, ?, default)
2026-06-23T15:49:11.590+05:30 DEBUG 9260 --- [FastX-Test] [           main] org.hibernate.SQL                        : 
    insert 
    into
        seats
        (bus_id, created_at, reserved_booking_id, seat_number, seat_status, seat_type, updated_at, seat_id) 
    values
        (?, ?, ?, ?, ?, ?, ?, default)
Hibernate: 
    insert 
    into
        seats
        (bus_id, created_at, reserved_booking_id, seat_number, seat_status, seat_type, updated_at, seat_id) 
    values
        (?, ?, ?, ?, ?, ?, ?, default)
2026-06-23T15:49:11.590+05:30 DEBUG 9260 --- [FastX-Test] [           main] org.hibernate.SQL                        : 
    insert 
    into
        seats
        (bus_id, created_at, reserved_booking_id, seat_number, seat_status, seat_type, updated_at, seat_id) 
    values
        (?, ?, ?, ?, ?, ?, ?, default)
Hibernate: 
    insert 
    into
        seats
        (bus_id, created_at, reserved_booking_id, seat_number, seat_status, seat_type, updated_at, seat_id) 
    values
        (?, ?, ?, ?, ?, ?, ?, default)
2026-06-23T15:49:11.590+05:30 DEBUG 9260 --- [FastX-Test] [           main] org.hibernate.SQL                        : 
    insert 
    into
        seats
        (bus_id, created_at, reserved_booking_id, seat_number, seat_status, seat_type, updated_at, seat_id) 
    values
        (?, ?, ?, ?, ?, ?, ?, default)
Hibernate: 
    insert 
    into
        seats
        (bus_id, created_at, reserved_booking_id, seat_number, seat_status, seat_type, updated_at, seat_id) 
    values
        (?, ?, ?, ?, ?, ?, ?, default)
2026-06-23T15:49:11.590+05:30 DEBUG 9260 --- [FastX-Test] [           main] org.hibernate.SQL                        : 
    insert 
    into
        seats
        (bus_id, created_at, reserved_booking_id, seat_number, seat_status, seat_type, updated_at, seat_id) 
    values
        (?, ?, ?, ?, ?, ?, ?, default)
Hibernate: 
    insert 
    into
        seats
        (bus_id, created_at, reserved_booking_id, seat_number, seat_status, seat_type, updated_at, seat_id) 
    values
        (?, ?, ?, ?, ?, ?, ?, default)
2026-06-23T15:49:11.590+05:30 DEBUG 9260 --- [FastX-Test] [           main] org.hibernate.SQL                        : 
    insert 
    into
        seats
        (bus_id, created_at, reserved_booking_id, seat_number, seat_status, seat_type, updated_at, seat_id) 
    values
        (?, ?, ?, ?, ?, ?, ?, default)
Hibernate: 
    insert 
    into
        seats
        (bus_id, created_at, reserved_booking_id, seat_number, seat_status, seat_type, updated_at, seat_id) 
    values
        (?, ?, ?, ?, ?, ?, ?, default)
2026-06-23T15:49:11.591+05:30 DEBUG 9260 --- [FastX-Test] [           main] org.hibernate.SQL                        : 
    insert 
    into
        seats
        (bus_id, created_at, reserved_booking_id, seat_number, seat_status, seat_type, updated_at, seat_id) 
    values
        (?, ?, ?, ?, ?, ?, ?, default)
Hibernate: 
    insert 
    into
        seats
        (bus_id, created_at, reserved_booking_id, seat_number, seat_status, seat_type, updated_at, seat_id) 
    values
        (?, ?, ?, ?, ?, ?, ?, default)
2026-06-23T15:49:11.591+05:30 DEBUG 9260 --- [FastX-Test] [           main] org.hibernate.SQL                        : 
    insert 
    into
        seats
        (bus_id, created_at, reserved_booking_id, seat_number, seat_status, seat_type, updated_at, seat_id) 
    values
        (?, ?, ?, ?, ?, ?, ?, default)
Hibernate: 
    insert 
    into
        seats
        (bus_id, created_at, reserved_booking_id, seat_number, seat_status, seat_type, updated_at, seat_id) 
    values
        (?, ?, ?, ?, ?, ?, ?, default)
2026-06-23T15:49:11.591+05:30 DEBUG 9260 --- [FastX-Test] [           main] org.hibernate.SQL                        : 
    insert 
    into
        seats
        (bus_id, created_at, reserved_booking_id, seat_number, seat_status, seat_type, updated_at, seat_id) 
    values
        (?, ?, ?, ?, ?, ?, ?, default)
Hibernate: 
    insert 
    into
        seats
        (bus_id, created_at, reserved_booking_id, seat_number, seat_status, seat_type, updated_at, seat_id) 
    values
        (?, ?, ?, ?, ?, ?, ?, default)
2026-06-23T15:49:11.591+05:30 DEBUG 9260 --- [FastX-Test] [           main] org.hibernate.SQL                        : 
    insert 
    into
        seats
        (bus_id, created_at, reserved_booking_id, seat_number, seat_status, seat_type, updated_at, seat_id) 
    values
        (?, ?, ?, ?, ?, ?, ?, default)
Hibernate: 
    insert 
    into
        seats
        (bus_id, created_at, reserved_booking_id, seat_number, seat_status, seat_type, updated_at, seat_id) 
    values
        (?, ?, ?, ?, ?, ?, ?, default)
2026-06-23T15:49:11.592+05:30 DEBUG 9260 --- [FastX-Test] [           main] org.hibernate.SQL                        : 
    insert 
    into
        seats
        (bus_id, created_at, reserved_booking_id, seat_number, seat_status, seat_type, updated_at, seat_id) 
    values
        (?, ?, ?, ?, ?, ?, ?, default)
Hibernate: 
    insert 
    into
        seats
        (bus_id, created_at, reserved_booking_id, seat_number, seat_status, seat_type, updated_at, seat_id) 
    values
        (?, ?, ?, ?, ?, ?, ?, default)
2026-06-23T15:49:11.592+05:30 DEBUG 9260 --- [FastX-Test] [           main] org.hibernate.SQL                        : 
    insert 
    into
        seats
        (bus_id, created_at, reserved_booking_id, seat_number, seat_status, seat_type, updated_at, seat_id) 
    values
        (?, ?, ?, ?, ?, ?, ?, default)
Hibernate: 
    insert 
    into
        seats
        (bus_id, created_at, reserved_booking_id, seat_number, seat_status, seat_type, updated_at, seat_id) 
    values
        (?, ?, ?, ?, ?, ?, ?, default)
2026-06-23T15:49:11.592+05:30 DEBUG 9260 --- [FastX-Test] [           main] org.hibernate.SQL                        : 
    insert 
    into
        seats
        (bus_id, created_at, reserved_booking_id, seat_number, seat_status, seat_type, updated_at, seat_id) 
    values
        (?, ?, ?, ?, ?, ?, ?, default)
Hibernate: 
    insert 
    into
        seats
        (bus_id, created_at, reserved_booking_id, seat_number, seat_status, seat_type, updated_at, seat_id) 
    values
        (?, ?, ?, ?, ?, ?, ?, default)
2026-06-23T15:49:11.592+05:30 DEBUG 9260 --- [FastX-Test] [           main] org.hibernate.SQL                        : 
    insert 
    into
        seats
        (bus_id, created_at, reserved_booking_id, seat_number, seat_status, seat_type, updated_at, seat_id) 
    values
        (?, ?, ?, ?, ?, ?, ?, default)
Hibernate: 
    insert 
    into
        seats
        (bus_id, created_at, reserved_booking_id, seat_number, seat_status, seat_type, updated_at, seat_id) 
    values
        (?, ?, ?, ?, ?, ?, ?, default)
2026-06-23T15:49:11.593+05:30 DEBUG 9260 --- [FastX-Test] [           main] org.hibernate.SQL                        : 
    insert 
    into
        seats
        (bus_id, created_at, reserved_booking_id, seat_number, seat_status, seat_type, updated_at, seat_id) 
    values
        (?, ?, ?, ?, ?, ?, ?, default)
Hibernate: 
    insert 
    into
        seats
        (bus_id, created_at, reserved_booking_id, seat_number, seat_status, seat_type, updated_at, seat_id) 
    values
        (?, ?, ?, ?, ?, ?, ?, default)
2026-06-23T15:49:11.593+05:30 DEBUG 9260 --- [FastX-Test] [           main] org.hibernate.SQL                        : 
    insert 
    into
        seats
        (bus_id, created_at, reserved_booking_id, seat_number, seat_status, seat_type, updated_at, seat_id) 
    values
        (?, ?, ?, ?, ?, ?, ?, default)
Hibernate: 
    insert 
    into
        seats
        (bus_id, created_at, reserved_booking_id, seat_number, seat_status, seat_type, updated_at, seat_id) 
    values
        (?, ?, ?, ?, ?, ?, ?, default)
2026-06-23T15:49:11.593+05:30 DEBUG 9260 --- [FastX-Test] [           main] org.hibernate.SQL                        : 
    insert 
    into
        seats
        (bus_id, created_at, reserved_booking_id, seat_number, seat_status, seat_type, updated_at, seat_id) 
    values
        (?, ?, ?, ?, ?, ?, ?, default)
Hibernate: 
    insert 
    into
        seats
        (bus_id, created_at, reserved_booking_id, seat_number, seat_status, seat_type, updated_at, seat_id) 
    values
        (?, ?, ?, ?, ?, ?, ?, default)
2026-06-23T15:49:11.593+05:30 DEBUG 9260 --- [FastX-Test] [           main] org.hibernate.SQL                        : 
    insert 
    into
        seats
        (bus_id, created_at, reserved_booking_id, seat_number, seat_status, seat_type, updated_at, seat_id) 
    values
        (?, ?, ?, ?, ?, ?, ?, default)
Hibernate: 
    insert 
    into
        seats
        (bus_id, created_at, reserved_booking_id, seat_number, seat_status, seat_type, updated_at, seat_id) 
    values
        (?, ?, ?, ?, ?, ?, ?, default)
2026-06-23T15:49:11.594+05:30 DEBUG 9260 --- [FastX-Test] [           main] org.hibernate.SQL                        : 
    insert 
    into
        seats
        (bus_id, created_at, reserved_booking_id, seat_number, seat_status, seat_type, updated_at, seat_id) 
    values
        (?, ?, ?, ?, ?, ?, ?, default)
Hibernate: 
    insert 
    into
        seats
        (bus_id, created_at, reserved_booking_id, seat_number, seat_status, seat_type, updated_at, seat_id) 
    values
        (?, ?, ?, ?, ?, ?, ?, default)
2026-06-23T15:49:11.594+05:30  INFO 9260 --- [FastX-Test] [           main] c.h.fastx.service.impl.BusServiceImpl    : 40 seats created for Bus ID: 17
2026-06-23T15:49:11.594+05:30 DEBUG 9260 --- [FastX-Test] [           main] org.hibernate.SQL                        : 
    select
        s1_0.seat_id,
        s1_0.bus_id,
        s1_0.created_at,
        s1_0.reserved_booking_id,
        s1_0.seat_number,
        s1_0.seat_status,
        s1_0.seat_type,
        s1_0.updated_at 
    from
        seats s1_0 
    where
        s1_0.bus_id=? 
        and s1_0.seat_status=?
Hibernate: 
    select
        s1_0.seat_id,
        s1_0.bus_id,
        s1_0.created_at,
        s1_0.reserved_booking_id,
        s1_0.seat_number,
        s1_0.seat_status,
        s1_0.seat_type,
        s1_0.updated_at 
    from
        seats s1_0 
    where
        s1_0.bus_id=? 
        and s1_0.seat_status=?
2026-06-23T15:49:11.595+05:30  INFO 9260 --- [FastX-Test] [           main] c.h.f.service.impl.BookingServiceImpl    : Creating booking for User ID: 6 on Bus ID: 17
2026-06-23T15:49:11.596+05:30  INFO 9260 --- [FastX-Test] [           main] c.h.f.service.impl.BookingServiceImpl    : Number of passengers: 1
2026-06-23T15:49:11.596+05:30 DEBUG 9260 --- [FastX-Test] [           main] org.hibernate.SQL                        : 
    select
        count(s1_0.seat_id) 
    from
        seats s1_0 
    where
        s1_0.bus_id=? 
        and s1_0.seat_status=?
Hibernate: 
    select
        count(s1_0.seat_id) 
    from
        seats s1_0 
    where
        s1_0.bus_id=? 
        and s1_0.seat_status=?
2026-06-23T15:49:11.597+05:30  INFO 9260 --- [FastX-Test] [           main] c.h.f.service.impl.BookingServiceImpl    : Total amount calculated: 500.0 (fare 500.0 x 1 passengers)
2026-06-23T15:49:11.597+05:30  INFO 9260 --- [FastX-Test] [           main] c.h.f.service.impl.BookingServiceImpl    : Reservation expires at: 2026-06-23T16:19:11.597645595 (30-minute window)
2026-06-23T15:49:11.597+05:30 DEBUG 9260 --- [FastX-Test] [           main] org.hibernate.SQL                        : 
    insert 
    into
        bookings
        (booking_date, booking_status, bus_id, created_at, reservation_expires_at, total_amount, updated_at, user_id, booking_id) 
    values
        (?, ?, ?, ?, ?, ?, ?, ?, default)
Hibernate: 
    insert 
    into
        bookings
        (booking_date, booking_status, bus_id, created_at, reservation_expires_at, total_amount, updated_at, user_id, booking_id) 
    values
        (?, ?, ?, ?, ?, ?, ?, ?, default)
2026-06-23T15:49:11.598+05:30  INFO 9260 --- [FastX-Test] [           main] c.h.f.service.impl.BookingServiceImpl    : Booking saved with auto-generated ID: 6. User will use this ID to complete payment.
2026-06-23T15:49:11.598+05:30  INFO 9260 --- [FastX-Test] [           main] c.h.fastx.service.impl.SeatServiceImpl   : Seat reserved (held for payment): B17-LB-01 for Booking ID: 6
2026-06-23T15:49:11.598+05:30 DEBUG 9260 --- [FastX-Test] [           main] org.hibernate.SQL                        : 
    insert 
    into
        passengers
        (age, booking_id, created_at, gender, name, seat_id, updated_at, passenger_id) 
    values
        (?, ?, ?, ?, ?, ?, ?, default)
Hibernate: 
    insert 
    into
        passengers
        (age, booking_id, created_at, gender, name, seat_id, updated_at, passenger_id) 
    values
        (?, ?, ?, ?, ?, ?, ?, default)
2026-06-23T15:49:11.599+05:30  INFO 9260 --- [FastX-Test] [           main] c.h.f.service.impl.BookingServiceImpl    : Passenger added: Buddy (Age: 21) -> Seat: B17-LB-01
2026-06-23T15:49:11.599+05:30 DEBUG 9260 --- [FastX-Test] [           main] org.hibernate.SQL                        : 
    insert 
    into
        payments
        (amount, booking_id, created_at, payment_date, payment_method, payment_status, transaction_id, updated_at, payment_id) 
    values
        (?, ?, ?, ?, ?, ?, ?, ?, default)
Hibernate: 
    insert 
    into
        payments
        (amount, booking_id, created_at, payment_date, payment_method, payment_status, transaction_id, updated_at, payment_id) 
    values
        (?, ?, ?, ?, ?, ?, ?, ?, default)
2026-06-23T15:49:11.599+05:30  INFO 9260 --- [FastX-Test] [           main] c.h.f.service.impl.BookingServiceImpl    : Pending payment record created for Booking ID: 6
2026-06-23T15:49:11.599+05:30  INFO 9260 --- [FastX-Test] [           main] c.h.f.service.impl.BookingServiceImpl    : Booking created successfully! Booking ID: 6 | Status: PENDING | Seats: RESERVED for 30 mins | Complete payment to confirm.
2026-06-23T15:49:11.599+05:30  INFO 9260 --- [FastX-Test] [           main] c.h.f.service.impl.BookingServiceImpl    : Cancelling booking with ID: 6
2026-06-23T15:49:11.600+05:30  INFO 9260 --- [FastX-Test] [           main] c.h.fastx.service.impl.SeatServiceImpl   : Seat released: B17-LB-01
2026-06-23T15:49:11.600+05:30  INFO 9260 --- [FastX-Test] [           main] c.h.f.service.impl.BookingServiceImpl    : Released 1 seats for cancelled Booking ID: 6
2026-06-23T15:49:11.600+05:30  INFO 9260 --- [FastX-Test] [           main] c.h.f.service.impl.BookingServiceImpl    : Booking cancelled successfully. Booking ID: 6
]]></system-out>
  </testcase>
  <testcase name="testGetBookingsByUser" classname="com.hexaware.fastx.service.BookingServiceTest" time="0.15">
    <system-out><![CDATA[2026-06-23T15:49:11.606+05:30 DEBUG 9260 --- [FastX-Test] [           main] org.hibernate.SQL                        : 
    insert 
    into
        roles
        (created_at, role_name, updated_at, role_id) 
    values
        (?, ?, ?, default)
Hibernate: 
    insert 
    into
        roles
        (created_at, role_name, updated_at, role_id) 
    values
        (?, ?, ?, default)
2026-06-23T15:49:11.606+05:30  INFO 9260 --- [FastX-Test] [           main] c.h.fastx.service.impl.RoleServiceImpl   : Role created with ID: 13
2026-06-23T15:49:11.607+05:30 DEBUG 9260 --- [FastX-Test] [           main] org.hibernate.SQL                        : 
    select
        u1_0.user_id 
    from
        users u1_0 
    where
        u1_0.email=? 
    fetch
        first ? rows only
Hibernate: 
    select
        u1_0.user_id 
    from
        users u1_0 
    where
        u1_0.email=? 
    fetch
        first ? rows only
2026-06-23T15:49:11.663+05:30 DEBUG 9260 --- [FastX-Test] [           main] org.hibernate.SQL                        : 
    insert 
    into
        users
        (address, created_at, email, full_name, gender, is_active, password, phone_number, role_id, updated_at, user_id) 
    values
        (?, ?, ?, ?, ?, ?, ?, ?, ?, ?, default)
Hibernate: 
    insert 
    into
        users
        (address, created_at, email, full_name, gender, is_active, password, phone_number, role_id, updated_at, user_id) 
    values
        (?, ?, ?, ?, ?, ?, ?, ?, ?, ?, default)
2026-06-23T15:49:11.664+05:30  INFO 9260 --- [FastX-Test] [           main] c.h.fastx.service.impl.UserServiceImpl   : User created with ID: 7
2026-06-23T15:49:11.718+05:30 DEBUG 9260 --- [FastX-Test] [           main] org.hibernate.SQL                        : 
    insert 
    into
        bus_operators
        (address, company_name, created_at, email, is_active, password, phone_number, updated_at, operator_id) 
    values
        (?, ?, ?, ?, ?, ?, ?, ?, default)
Hibernate: 
    insert 
    into
        bus_operators
        (address, company_name, created_at, email, is_active, password, phone_number, updated_at, operator_id) 
    values
        (?, ?, ?, ?, ?, ?, ?, ?, default)
2026-06-23T15:49:11.719+05:30  INFO 9260 --- [FastX-Test] [           main] c.h.f.s.impl.BusOperatorServiceImpl      : Bus Operator created with ID: 18
2026-06-23T15:49:11.719+05:30 DEBUG 9260 --- [FastX-Test] [           main] org.hibernate.SQL                        : 
    insert 
    into
        buses
        (arrival_time, bus_name, bus_number, operator_id, bus_type, created_at, departure_time, destination, fare, journey_date, origin, total_seats, updated_at, bus_id) 
    values
        (?, ?, ?, ?, ?, ?, ?, ?, ?, ?, ?, ?, ?, default)
Hibernate: 
    insert 
    into
        buses
        (arrival_time, bus_name, bus_number, operator_id, bus_type, created_at, departure_time, destination, fare, journey_date, origin, total_seats, updated_at, bus_id) 
    values
        (?, ?, ?, ?, ?, ?, ?, ?, ?, ?, ?, ?, ?, default)
2026-06-23T15:49:11.720+05:30  INFO 9260 --- [FastX-Test] [           main] c.h.fastx.service.impl.BusServiceImpl    : Bus added with ID: 18
2026-06-23T15:49:11.720+05:30 DEBUG 9260 --- [FastX-Test] [           main] org.hibernate.SQL                        : 
    insert 
    into
        seats
        (bus_id, created_at, reserved_booking_id, seat_number, seat_status, seat_type, updated_at, seat_id) 
    values
        (?, ?, ?, ?, ?, ?, ?, default)
Hibernate: 
    insert 
    into
        seats
        (bus_id, created_at, reserved_booking_id, seat_number, seat_status, seat_type, updated_at, seat_id) 
    values
        (?, ?, ?, ?, ?, ?, ?, default)
2026-06-23T15:49:11.721+05:30 DEBUG 9260 --- [FastX-Test] [           main] org.hibernate.SQL                        : 
    insert 
    into
        seats
        (bus_id, created_at, reserved_booking_id, seat_number, seat_status, seat_type, updated_at, seat_id) 
    values
        (?, ?, ?, ?, ?, ?, ?, default)
Hibernate: 
    insert 
    into
        seats
        (bus_id, created_at, reserved_booking_id, seat_number, seat_status, seat_type, updated_at, seat_id) 
    values
        (?, ?, ?, ?, ?, ?, ?, default)
2026-06-23T15:49:11.721+05:30 DEBUG 9260 --- [FastX-Test] [           main] org.hibernate.SQL                        : 
    insert 
    into
        seats
        (bus_id, created_at, reserved_booking_id, seat_number, seat_status, seat_type, updated_at, seat_id) 
    values
        (?, ?, ?, ?, ?, ?, ?, default)
Hibernate: 
    insert 
    into
        seats
        (bus_id, created_at, reserved_booking_id, seat_number, seat_status, seat_type, updated_at, seat_id) 
    values
        (?, ?, ?, ?, ?, ?, ?, default)
2026-06-23T15:49:11.722+05:30 DEBUG 9260 --- [FastX-Test] [           main] org.hibernate.SQL                        : 
    insert 
    into
        seats
        (bus_id, created_at, reserved_booking_id, seat_number, seat_status, seat_type, updated_at, seat_id) 
    values
        (?, ?, ?, ?, ?, ?, ?, default)
Hibernate: 
    insert 
    into
        seats
        (bus_id, created_at, reserved_booking_id, seat_number, seat_status, seat_type, updated_at, seat_id) 
    values
        (?, ?, ?, ?, ?, ?, ?, default)
2026-06-23T15:49:11.722+05:30 DEBUG 9260 --- [FastX-Test] [           main] org.hibernate.SQL                        : 
    insert 
    into
        seats
        (bus_id, created_at, reserved_booking_id, seat_number, seat_status, seat_type, updated_at, seat_id) 
    values
        (?, ?, ?, ?, ?, ?, ?, default)
Hibernate: 
    insert 
    into
        seats
        (bus_id, created_at, reserved_booking_id, seat_number, seat_status, seat_type, updated_at, seat_id) 
    values
        (?, ?, ?, ?, ?, ?, ?, default)
2026-06-23T15:49:11.722+05:30 DEBUG 9260 --- [FastX-Test] [           main] org.hibernate.SQL                        : 
    insert 
    into
        seats
        (bus_id, created_at, reserved_booking_id, seat_number, seat_status, seat_type, updated_at, seat_id) 
    values
        (?, ?, ?, ?, ?, ?, ?, default)
Hibernate: 
    insert 
    into
        seats
        (bus_id, created_at, reserved_booking_id, seat_number, seat_status, seat_type, updated_at, seat_id) 
    values
        (?, ?, ?, ?, ?, ?, ?, default)
2026-06-23T15:49:11.723+05:30 DEBUG 9260 --- [FastX-Test] [           main] org.hibernate.SQL                        : 
    insert 
    into
        seats
        (bus_id, created_at, reserved_booking_id, seat_number, seat_status, seat_type, updated_at, seat_id) 
    values
        (?, ?, ?, ?, ?, ?, ?, default)
Hibernate: 
    insert 
    into
        seats
        (bus_id, created_at, reserved_booking_id, seat_number, seat_status, seat_type, updated_at, seat_id) 
    values
        (?, ?, ?, ?, ?, ?, ?, default)
2026-06-23T15:49:11.723+05:30 DEBUG 9260 --- [FastX-Test] [           main] org.hibernate.SQL                        : 
    insert 
    into
        seats
        (bus_id, created_at, reserved_booking_id, seat_number, seat_status, seat_type, updated_at, seat_id) 
    values
        (?, ?, ?, ?, ?, ?, ?, default)
Hibernate: 
    insert 
    into
        seats
        (bus_id, created_at, reserved_booking_id, seat_number, seat_status, seat_type, updated_at, seat_id) 
    values
        (?, ?, ?, ?, ?, ?, ?, default)
2026-06-23T15:49:11.723+05:30 DEBUG 9260 --- [FastX-Test] [           main] org.hibernate.SQL                        : 
    insert 
    into
        seats
        (bus_id, created_at, reserved_booking_id, seat_number, seat_status, seat_type, updated_at, seat_id) 
    values
        (?, ?, ?, ?, ?, ?, ?, default)
Hibernate: 
    insert 
    into
        seats
        (bus_id, created_at, reserved_booking_id, seat_number, seat_status, seat_type, updated_at, seat_id) 
    values
        (?, ?, ?, ?, ?, ?, ?, default)
2026-06-23T15:49:11.723+05:30 DEBUG 9260 --- [FastX-Test] [           main] org.hibernate.SQL                        : 
    insert 
    into
        seats
        (bus_id, created_at, reserved_booking_id, seat_number, seat_status, seat_type, updated_at, seat_id) 
    values
        (?, ?, ?, ?, ?, ?, ?, default)
Hibernate: 
    insert 
    into
        seats
        (bus_id, created_at, reserved_booking_id, seat_number, seat_status, seat_type, updated_at, seat_id) 
    values
        (?, ?, ?, ?, ?, ?, ?, default)
2026-06-23T15:49:11.724+05:30 DEBUG 9260 --- [FastX-Test] [           main] org.hibernate.SQL                        : 
    insert 
    into
        seats
        (bus_id, created_at, reserved_booking_id, seat_number, seat_status, seat_type, updated_at, seat_id) 
    values
        (?, ?, ?, ?, ?, ?, ?, default)
Hibernate: 
    insert 
    into
        seats
        (bus_id, created_at, reserved_booking_id, seat_number, seat_status, seat_type, updated_at, seat_id) 
    values
        (?, ?, ?, ?, ?, ?, ?, default)
2026-06-23T15:49:11.724+05:30 DEBUG 9260 --- [FastX-Test] [           main] org.hibernate.SQL                        : 
    insert 
    into
        seats
        (bus_id, created_at, reserved_booking_id, seat_number, seat_status, seat_type, updated_at, seat_id) 
    values
        (?, ?, ?, ?, ?, ?, ?, default)
Hibernate: 
    insert 
    into
        seats
        (bus_id, created_at, reserved_booking_id, seat_number, seat_status, seat_type, updated_at, seat_id) 
    values
        (?, ?, ?, ?, ?, ?, ?, default)
2026-06-23T15:49:11.724+05:30 DEBUG 9260 --- [FastX-Test] [           main] org.hibernate.SQL                        : 
    insert 
    into
        seats
        (bus_id, created_at, reserved_booking_id, seat_number, seat_status, seat_type, updated_at, seat_id) 
    values
        (?, ?, ?, ?, ?, ?, ?, default)
Hibernate: 
    insert 
    into
        seats
        (bus_id, created_at, reserved_booking_id, seat_number, seat_status, seat_type, updated_at, seat_id) 
    values
        (?, ?, ?, ?, ?, ?, ?, default)
2026-06-23T15:49:11.724+05:30 DEBUG 9260 --- [FastX-Test] [           main] org.hibernate.SQL                        : 
    insert 
    into
        seats
        (bus_id, created_at, reserved_booking_id, seat_number, seat_status, seat_type, updated_at, seat_id) 
    values
        (?, ?, ?, ?, ?, ?, ?, default)
Hibernate: 
    insert 
    into
        seats
        (bus_id, created_at, reserved_booking_id, seat_number, seat_status, seat_type, updated_at, seat_id) 
    values
        (?, ?, ?, ?, ?, ?, ?, default)
2026-06-23T15:49:11.724+05:30 DEBUG 9260 --- [FastX-Test] [           main] org.hibernate.SQL                        : 
    insert 
    into
        seats
        (bus_id, created_at, reserved_booking_id, seat_number, seat_status, seat_type, updated_at, seat_id) 
    values
        (?, ?, ?, ?, ?, ?, ?, default)
Hibernate: 
    insert 
    into
        seats
        (bus_id, created_at, reserved_booking_id, seat_number, seat_status, seat_type, updated_at, seat_id) 
    values
        (?, ?, ?, ?, ?, ?, ?, default)
2026-06-23T15:49:11.725+05:30 DEBUG 9260 --- [FastX-Test] [           main] org.hibernate.SQL                        : 
    insert 
    into
        seats
        (bus_id, created_at, reserved_booking_id, seat_number, seat_status, seat_type, updated_at, seat_id) 
    values
        (?, ?, ?, ?, ?, ?, ?, default)
Hibernate: 
    insert 
    into
        seats
        (bus_id, created_at, reserved_booking_id, seat_number, seat_status, seat_type, updated_at, seat_id) 
    values
        (?, ?, ?, ?, ?, ?, ?, default)
2026-06-23T15:49:11.725+05:30 DEBUG 9260 --- [FastX-Test] [           main] org.hibernate.SQL                        : 
    insert 
    into
        seats
        (bus_id, created_at, reserved_booking_id, seat_number, seat_status, seat_type, updated_at, seat_id) 
    values
        (?, ?, ?, ?, ?, ?, ?, default)
Hibernate: 
    insert 
    into
        seats
        (bus_id, created_at, reserved_booking_id, seat_number, seat_status, seat_type, updated_at, seat_id) 
    values
        (?, ?, ?, ?, ?, ?, ?, default)
2026-06-23T15:49:11.725+05:30 DEBUG 9260 --- [FastX-Test] [           main] org.hibernate.SQL                        : 
    insert 
    into
        seats
        (bus_id, created_at, reserved_booking_id, seat_number, seat_status, seat_type, updated_at, seat_id) 
    values
        (?, ?, ?, ?, ?, ?, ?, default)
Hibernate: 
    insert 
    into
        seats
        (bus_id, created_at, reserved_booking_id, seat_number, seat_status, seat_type, updated_at, seat_id) 
    values
        (?, ?, ?, ?, ?, ?, ?, default)
2026-06-23T15:49:11.726+05:30 DEBUG 9260 --- [FastX-Test] [           main] org.hibernate.SQL                        : 
    insert 
    into
        seats
        (bus_id, created_at, reserved_booking_id, seat_number, seat_status, seat_type, updated_at, seat_id) 
    values
        (?, ?, ?, ?, ?, ?, ?, default)
Hibernate: 
    insert 
    into
        seats
        (bus_id, created_at, reserved_booking_id, seat_number, seat_status, seat_type, updated_at, seat_id) 
    values
        (?, ?, ?, ?, ?, ?, ?, default)
2026-06-23T15:49:11.726+05:30 DEBUG 9260 --- [FastX-Test] [           main] org.hibernate.SQL                        : 
    insert 
    into
        seats
        (bus_id, created_at, reserved_booking_id, seat_number, seat_status, seat_type, updated_at, seat_id) 
    values
        (?, ?, ?, ?, ?, ?, ?, default)
Hibernate: 
    insert 
    into
        seats
        (bus_id, created_at, reserved_booking_id, seat_number, seat_status, seat_type, updated_at, seat_id) 
    values
        (?, ?, ?, ?, ?, ?, ?, default)
2026-06-23T15:49:11.726+05:30 DEBUG 9260 --- [FastX-Test] [           main] org.hibernate.SQL                        : 
    insert 
    into
        seats
        (bus_id, created_at, reserved_booking_id, seat_number, seat_status, seat_type, updated_at, seat_id) 
    values
        (?, ?, ?, ?, ?, ?, ?, default)
Hibernate: 
    insert 
    into
        seats
        (bus_id, created_at, reserved_booking_id, seat_number, seat_status, seat_type, updated_at, seat_id) 
    values
        (?, ?, ?, ?, ?, ?, ?, default)
2026-06-23T15:49:11.726+05:30 DEBUG 9260 --- [FastX-Test] [           main] org.hibernate.SQL                        : 
    insert 
    into
        seats
        (bus_id, created_at, reserved_booking_id, seat_number, seat_status, seat_type, updated_at, seat_id) 
    values
        (?, ?, ?, ?, ?, ?, ?, default)
Hibernate: 
    insert 
    into
        seats
        (bus_id, created_at, reserved_booking_id, seat_number, seat_status, seat_type, updated_at, seat_id) 
    values
        (?, ?, ?, ?, ?, ?, ?, default)
2026-06-23T15:49:11.727+05:30 DEBUG 9260 --- [FastX-Test] [           main] org.hibernate.SQL                        : 
    insert 
    into
        seats
        (bus_id, created_at, reserved_booking_id, seat_number, seat_status, seat_type, updated_at, seat_id) 
    values
        (?, ?, ?, ?, ?, ?, ?, default)
Hibernate: 
    insert 
    into
        seats
        (bus_id, created_at, reserved_booking_id, seat_number, seat_status, seat_type, updated_at, seat_id) 
    values
        (?, ?, ?, ?, ?, ?, ?, default)
2026-06-23T15:49:11.727+05:30 DEBUG 9260 --- [FastX-Test] [           main] org.hibernate.SQL                        : 
    insert 
    into
        seats
        (bus_id, created_at, reserved_booking_id, seat_number, seat_status, seat_type, updated_at, seat_id) 
    values
        (?, ?, ?, ?, ?, ?, ?, default)
Hibernate: 
    insert 
    into
        seats
        (bus_id, created_at, reserved_booking_id, seat_number, seat_status, seat_type, updated_at, seat_id) 
    values
        (?, ?, ?, ?, ?, ?, ?, default)
2026-06-23T15:49:11.727+05:30 DEBUG 9260 --- [FastX-Test] [           main] org.hibernate.SQL                        : 
    insert 
    into
        seats
        (bus_id, created_at, reserved_booking_id, seat_number, seat_status, seat_type, updated_at, seat_id) 
    values
        (?, ?, ?, ?, ?, ?, ?, default)
Hibernate: 
    insert 
    into
        seats
        (bus_id, created_at, reserved_booking_id, seat_number, seat_status, seat_type, updated_at, seat_id) 
    values
        (?, ?, ?, ?, ?, ?, ?, default)
2026-06-23T15:49:11.728+05:30 DEBUG 9260 --- [FastX-Test] [           main] org.hibernate.SQL                        : 
    insert 
    into
        seats
        (bus_id, created_at, reserved_booking_id, seat_number, seat_status, seat_type, updated_at, seat_id) 
    values
        (?, ?, ?, ?, ?, ?, ?, default)
Hibernate: 
    insert 
    into
        seats
        (bus_id, created_at, reserved_booking_id, seat_number, seat_status, seat_type, updated_at, seat_id) 
    values
        (?, ?, ?, ?, ?, ?, ?, default)
2026-06-23T15:49:11.728+05:30 DEBUG 9260 --- [FastX-Test] [           main] org.hibernate.SQL                        : 
    insert 
    into
        seats
        (bus_id, created_at, reserved_booking_id, seat_number, seat_status, seat_type, updated_at, seat_id) 
    values
        (?, ?, ?, ?, ?, ?, ?, default)
Hibernate: 
    insert 
    into
        seats
        (bus_id, created_at, reserved_booking_id, seat_number, seat_status, seat_type, updated_at, seat_id) 
    values
        (?, ?, ?, ?, ?, ?, ?, default)
2026-06-23T15:49:11.728+05:30 DEBUG 9260 --- [FastX-Test] [           main] org.hibernate.SQL                        : 
    insert 
    into
        seats
        (bus_id, created_at, reserved_booking_id, seat_number, seat_status, seat_type, updated_at, seat_id) 
    values
        (?, ?, ?, ?, ?, ?, ?, default)
Hibernate: 
    insert 
    into
        seats
        (bus_id, created_at, reserved_booking_id, seat_number, seat_status, seat_type, updated_at, seat_id) 
    values
        (?, ?, ?, ?, ?, ?, ?, default)
2026-06-23T15:49:11.728+05:30 DEBUG 9260 --- [FastX-Test] [           main] org.hibernate.SQL                        : 
    insert 
    into
        seats
        (bus_id, created_at, reserved_booking_id, seat_number, seat_status, seat_type, updated_at, seat_id) 
    values
        (?, ?, ?, ?, ?, ?, ?, default)
Hibernate: 
    insert 
    into
        seats
        (bus_id, created_at, reserved_booking_id, seat_number, seat_status, seat_type, updated_at, seat_id) 
    values
        (?, ?, ?, ?, ?, ?, ?, default)
2026-06-23T15:49:11.728+05:30 DEBUG 9260 --- [FastX-Test] [           main] org.hibernate.SQL                        : 
    insert 
    into
        seats
        (bus_id, created_at, reserved_booking_id, seat_number, seat_status, seat_type, updated_at, seat_id) 
    values
        (?, ?, ?, ?, ?, ?, ?, default)
Hibernate: 
    insert 
    into
        seats
        (bus_id, created_at, reserved_booking_id, seat_number, seat_status, seat_type, updated_at, seat_id) 
    values
        (?, ?, ?, ?, ?, ?, ?, default)
2026-06-23T15:49:11.729+05:30 DEBUG 9260 --- [FastX-Test] [           main] org.hibernate.SQL                        : 
    insert 
    into
        seats
        (bus_id, created_at, reserved_booking_id, seat_number, seat_status, seat_type, updated_at, seat_id) 
    values
        (?, ?, ?, ?, ?, ?, ?, default)
Hibernate: 
    insert 
    into
        seats
        (bus_id, created_at, reserved_booking_id, seat_number, seat_status, seat_type, updated_at, seat_id) 
    values
        (?, ?, ?, ?, ?, ?, ?, default)
2026-06-23T15:49:11.729+05:30 DEBUG 9260 --- [FastX-Test] [           main] org.hibernate.SQL                        : 
    insert 
    into
        seats
        (bus_id, created_at, reserved_booking_id, seat_number, seat_status, seat_type, updated_at, seat_id) 
    values
        (?, ?, ?, ?, ?, ?, ?, default)
Hibernate: 
    insert 
    into
        seats
        (bus_id, created_at, reserved_booking_id, seat_number, seat_status, seat_type, updated_at, seat_id) 
    values
        (?, ?, ?, ?, ?, ?, ?, default)
2026-06-23T15:49:11.729+05:30 DEBUG 9260 --- [FastX-Test] [           main] org.hibernate.SQL                        : 
    insert 
    into
        seats
        (bus_id, created_at, reserved_booking_id, seat_number, seat_status, seat_type, updated_at, seat_id) 
    values
        (?, ?, ?, ?, ?, ?, ?, default)
Hibernate: 
    insert 
    into
        seats
        (bus_id, created_at, reserved_booking_id, seat_number, seat_status, seat_type, updated_at, seat_id) 
    values
        (?, ?, ?, ?, ?, ?, ?, default)
2026-06-23T15:49:11.729+05:30 DEBUG 9260 --- [FastX-Test] [           main] org.hibernate.SQL                        : 
    insert 
    into
        seats
        (bus_id, created_at, reserved_booking_id, seat_number, seat_status, seat_type, updated_at, seat_id) 
    values
        (?, ?, ?, ?, ?, ?, ?, default)
Hibernate: 
    insert 
    into
        seats
[...]
    into
        seats
        (bus_id, created_at, reserved_booking_id, seat_number, seat_status, seat_type, updated_at, seat_id) 
    values
        (?, ?, ?, ?, ?, ?, ?, default)
Hibernate: 
    insert 
    into
        seats
        (bus_id, created_at, reserved_booking_id, seat_number, seat_status, seat_type, updated_at, seat_id) 
    values
        (?, ?, ?, ?, ?, ?, ?, default)
2026-06-23T15:49:12.130+05:30 DEBUG 9260 --- [FastX-Test] [           main] org.hibernate.SQL                        : 
    insert 
    into
        seats
        (bus_id, created_at, reserved_booking_id, seat_number, seat_status, seat_type, updated_at, seat_id) 
    values
        (?, ?, ?, ?, ?, ?, ?, default)
Hibernate: 
    insert 
    into
        seats
        (bus_id, created_at, reserved_booking_id, seat_number, seat_status, seat_type, updated_at, seat_id) 
    values
        (?, ?, ?, ?, ?, ?, ?, default)
2026-06-23T15:49:12.130+05:30 DEBUG 9260 --- [FastX-Test] [           main] org.hibernate.SQL                        : 
    insert 
    into
        seats
        (bus_id, created_at, reserved_booking_id, seat_number, seat_status, seat_type, updated_at, seat_id) 
    values
        (?, ?, ?, ?, ?, ?, ?, default)
Hibernate: 
    insert 
    into
        seats
        (bus_id, created_at, reserved_booking_id, seat_number, seat_status, seat_type, updated_at, seat_id) 
    values
        (?, ?, ?, ?, ?, ?, ?, default)
2026-06-23T15:49:12.131+05:30 DEBUG 9260 --- [FastX-Test] [           main] org.hibernate.SQL                        : 
    insert 
    into
        seats
        (bus_id, created_at, reserved_booking_id, seat_number, seat_status, seat_type, updated_at, seat_id) 
    values
        (?, ?, ?, ?, ?, ?, ?, default)
Hibernate: 
    insert 
    into
        seats
        (bus_id, created_at, reserved_booking_id, seat_number, seat_status, seat_type, updated_at, seat_id) 
    values
        (?, ?, ?, ?, ?, ?, ?, default)
2026-06-23T15:49:12.131+05:30 DEBUG 9260 --- [FastX-Test] [           main] org.hibernate.SQL                        : 
    insert 
    into
        seats
        (bus_id, created_at, reserved_booking_id, seat_number, seat_status, seat_type, updated_at, seat_id) 
    values
        (?, ?, ?, ?, ?, ?, ?, default)
Hibernate: 
    insert 
    into
        seats
        (bus_id, created_at, reserved_booking_id, seat_number, seat_status, seat_type, updated_at, seat_id) 
    values
        (?, ?, ?, ?, ?, ?, ?, default)
2026-06-23T15:49:12.131+05:30 DEBUG 9260 --- [FastX-Test] [           main] org.hibernate.SQL                        : 
    insert 
    into
        seats
        (bus_id, created_at, reserved_booking_id, seat_number, seat_status, seat_type, updated_at, seat_id) 
    values
        (?, ?, ?, ?, ?, ?, ?, default)
Hibernate: 
    insert 
    into
        seats
        (bus_id, created_at, reserved_booking_id, seat_number, seat_status, seat_type, updated_at, seat_id) 
    values
        (?, ?, ?, ?, ?, ?, ?, default)
2026-06-23T15:49:12.131+05:30 DEBUG 9260 --- [FastX-Test] [           main] org.hibernate.SQL                        : 
    insert 
    into
        seats
        (bus_id, created_at, reserved_booking_id, seat_number, seat_status, seat_type, updated_at, seat_id) 
    values
        (?, ?, ?, ?, ?, ?, ?, default)
Hibernate: 
    insert 
    into
        seats
        (bus_id, created_at, reserved_booking_id, seat_number, seat_status, seat_type, updated_at, seat_id) 
    values
        (?, ?, ?, ?, ?, ?, ?, default)
2026-06-23T15:49:12.131+05:30 DEBUG 9260 --- [FastX-Test] [           main] org.hibernate.SQL                        : 
    insert 
    into
        seats
        (bus_id, created_at, reserved_booking_id, seat_number, seat_status, seat_type, updated_at, seat_id) 
    values
        (?, ?, ?, ?, ?, ?, ?, default)
Hibernate: 
    insert 
    into
        seats
        (bus_id, created_at, reserved_booking_id, seat_number, seat_status, seat_type, updated_at, seat_id) 
    values
        (?, ?, ?, ?, ?, ?, ?, default)
2026-06-23T15:49:12.131+05:30 DEBUG 9260 --- [FastX-Test] [           main] org.hibernate.SQL                        : 
    insert 
    into
        seats
        (bus_id, created_at, reserved_booking_id, seat_number, seat_status, seat_type, updated_at, seat_id) 
    values
        (?, ?, ?, ?, ?, ?, ?, default)
Hibernate: 
    insert 
    into
        seats
        (bus_id, created_at, reserved_booking_id, seat_number, seat_status, seat_type, updated_at, seat_id) 
    values
        (?, ?, ?, ?, ?, ?, ?, default)
2026-06-23T15:49:12.132+05:30 DEBUG 9260 --- [FastX-Test] [           main] org.hibernate.SQL                        : 
    insert 
    into
        seats
        (bus_id, created_at, reserved_booking_id, seat_number, seat_status, seat_type, updated_at, seat_id) 
    values
        (?, ?, ?, ?, ?, ?, ?, default)
Hibernate: 
    insert 
    into
        seats
        (bus_id, created_at, reserved_booking_id, seat_number, seat_status, seat_type, updated_at, seat_id) 
    values
        (?, ?, ?, ?, ?, ?, ?, default)
2026-06-23T15:49:12.132+05:30 DEBUG 9260 --- [FastX-Test] [           main] org.hibernate.SQL                        : 
    insert 
    into
        seats
        (bus_id, created_at, reserved_booking_id, seat_number, seat_status, seat_type, updated_at, seat_id) 
    values
        (?, ?, ?, ?, ?, ?, ?, default)
Hibernate: 
    insert 
    into
        seats
        (bus_id, created_at, reserved_booking_id, seat_number, seat_status, seat_type, updated_at, seat_id) 
    values
        (?, ?, ?, ?, ?, ?, ?, default)
2026-06-23T15:49:12.132+05:30 DEBUG 9260 --- [FastX-Test] [           main] org.hibernate.SQL                        : 
    insert 
    into
        seats
        (bus_id, created_at, reserved_booking_id, seat_number, seat_status, seat_type, updated_at, seat_id) 
    values
        (?, ?, ?, ?, ?, ?, ?, default)
Hibernate: 
    insert 
    into
        seats
        (bus_id, created_at, reserved_booking_id, seat_number, seat_status, seat_type, updated_at, seat_id) 
    values
        (?, ?, ?, ?, ?, ?, ?, default)
2026-06-23T15:49:12.132+05:30 DEBUG 9260 --- [FastX-Test] [           main] org.hibernate.SQL                        : 
    insert 
    into
        seats
        (bus_id, created_at, reserved_booking_id, seat_number, seat_status, seat_type, updated_at, seat_id) 
    values
        (?, ?, ?, ?, ?, ?, ?, default)
Hibernate: 
    insert 
    into
        seats
        (bus_id, created_at, reserved_booking_id, seat_number, seat_status, seat_type, updated_at, seat_id) 
    values
        (?, ?, ?, ?, ?, ?, ?, default)
2026-06-23T15:49:12.132+05:30 DEBUG 9260 --- [FastX-Test] [           main] org.hibernate.SQL                        : 
    insert 
    into
        seats
        (bus_id, created_at, reserved_booking_id, seat_number, seat_status, seat_type, updated_at, seat_id) 
    values
        (?, ?, ?, ?, ?, ?, ?, default)
Hibernate: 
    insert 
    into
        seats
        (bus_id, created_at, reserved_booking_id, seat_number, seat_status, seat_type, updated_at, seat_id) 
    values
        (?, ?, ?, ?, ?, ?, ?, default)
2026-06-23T15:49:12.132+05:30 DEBUG 9260 --- [FastX-Test] [           main] org.hibernate.SQL                        : 
    insert 
    into
        seats
        (bus_id, created_at, reserved_booking_id, seat_number, seat_status, seat_type, updated_at, seat_id) 
    values
        (?, ?, ?, ?, ?, ?, ?, default)
Hibernate: 
    insert 
    into
        seats
        (bus_id, created_at, reserved_booking_id, seat_number, seat_status, seat_type, updated_at, seat_id) 
    values
        (?, ?, ?, ?, ?, ?, ?, default)
2026-06-23T15:49:12.132+05:30 DEBUG 9260 --- [FastX-Test] [           main] org.hibernate.SQL                        : 
    insert 
    into
        seats
        (bus_id, created_at, reserved_booking_id, seat_number, seat_status, seat_type, updated_at, seat_id) 
    values
        (?, ?, ?, ?, ?, ?, ?, default)
Hibernate: 
    insert 
    into
        seats
        (bus_id, created_at, reserved_booking_id, seat_number, seat_status, seat_type, updated_at, seat_id) 
    values
        (?, ?, ?, ?, ?, ?, ?, default)
2026-06-23T15:49:12.132+05:30 DEBUG 9260 --- [FastX-Test] [           main] org.hibernate.SQL                        : 
    insert 
    into
        seats
        (bus_id, created_at, reserved_booking_id, seat_number, seat_status, seat_type, updated_at, seat_id) 
    values
        (?, ?, ?, ?, ?, ?, ?, default)
Hibernate: 
    insert 
    into
        seats
        (bus_id, created_at, reserved_booking_id, seat_number, seat_status, seat_type, updated_at, seat_id) 
    values
        (?, ?, ?, ?, ?, ?, ?, default)
2026-06-23T15:49:12.133+05:30 DEBUG 9260 --- [FastX-Test] [           main] org.hibernate.SQL                        : 
    insert 
    into
        seats
        (bus_id, created_at, reserved_booking_id, seat_number, seat_status, seat_type, updated_at, seat_id) 
    values
        (?, ?, ?, ?, ?, ?, ?, default)
Hibernate: 
    insert 
    into
        seats
        (bus_id, created_at, reserved_booking_id, seat_number, seat_status, seat_type, updated_at, seat_id) 
    values
        (?, ?, ?, ?, ?, ?, ?, default)
2026-06-23T15:49:12.133+05:30 DEBUG 9260 --- [FastX-Test] [           main] org.hibernate.SQL                        : 
    insert 
    into
        seats
        (bus_id, created_at, reserved_booking_id, seat_number, seat_status, seat_type, updated_at, seat_id) 
    values
        (?, ?, ?, ?, ?, ?, ?, default)
Hibernate: 
    insert 
    into
        seats
        (bus_id, created_at, reserved_booking_id, seat_number, seat_status, seat_type, updated_at, seat_id) 
    values
        (?, ?, ?, ?, ?, ?, ?, default)
2026-06-23T15:49:12.133+05:30 DEBUG 9260 --- [FastX-Test] [           main] org.hibernate.SQL                        : 
    insert 
    into
        seats
        (bus_id, created_at, reserved_booking_id, seat_number, seat_status, seat_type, updated_at, seat_id) 
    values
        (?, ?, ?, ?, ?, ?, ?, default)
Hibernate: 
    insert 
    into
        seats
        (bus_id, created_at, reserved_booking_id, seat_number, seat_status, seat_type, updated_at, seat_id) 
    values
        (?, ?, ?, ?, ?, ?, ?, default)
2026-06-23T15:49:12.133+05:30 DEBUG 9260 --- [FastX-Test] [           main] org.hibernate.SQL                        : 
    insert 
    into
        seats
        (bus_id, created_at, reserved_booking_id, seat_number, seat_status, seat_type, updated_at, seat_id) 
    values
        (?, ?, ?, ?, ?, ?, ?, default)
Hibernate: 
    insert 
    into
        seats
        (bus_id, created_at, reserved_booking_id, seat_number, seat_status, seat_type, updated_at, seat_id) 
    values
        (?, ?, ?, ?, ?, ?, ?, default)
2026-06-23T15:49:12.133+05:30 DEBUG 9260 --- [FastX-Test] [           main] org.hibernate.SQL                        : 
    insert 
    into
        seats
        (bus_id, created_at, reserved_booking_id, seat_number, seat_status, seat_type, updated_at, seat_id) 
    values
        (?, ?, ?, ?, ?, ?, ?, default)
Hibernate: 
    insert 
    into
        seats
        (bus_id, created_at, reserved_booking_id, seat_number, seat_status, seat_type, updated_at, seat_id) 
    values
        (?, ?, ?, ?, ?, ?, ?, default)
2026-06-23T15:49:12.133+05:30 DEBUG 9260 --- [FastX-Test] [           main] org.hibernate.SQL                        : 
    insert 
    into
        seats
        (bus_id, created_at, reserved_booking_id, seat_number, seat_status, seat_type, updated_at, seat_id) 
    values
        (?, ?, ?, ?, ?, ?, ?, default)
Hibernate: 
    insert 
    into
        seats
        (bus_id, created_at, reserved_booking_id, seat_number, seat_status, seat_type, updated_at, seat_id) 
    values
        (?, ?, ?, ?, ?, ?, ?, default)
2026-06-23T15:49:12.133+05:30 DEBUG 9260 --- [FastX-Test] [           main] org.hibernate.SQL                        : 
    insert 
    into
        seats
        (bus_id, created_at, reserved_booking_id, seat_number, seat_status, seat_type, updated_at, seat_id) 
    values
        (?, ?, ?, ?, ?, ?, ?, default)
Hibernate: 
    insert 
    into
        seats
        (bus_id, created_at, reserved_booking_id, seat_number, seat_status, seat_type, updated_at, seat_id) 
    values
        (?, ?, ?, ?, ?, ?, ?, default)
2026-06-23T15:49:12.133+05:30 DEBUG 9260 --- [FastX-Test] [           main] org.hibernate.SQL                        : 
    insert 
    into
        seats
        (bus_id, created_at, reserved_booking_id, seat_number, seat_status, seat_type, updated_at, seat_id) 
    values
        (?, ?, ?, ?, ?, ?, ?, default)
Hibernate: 
    insert 
    into
        seats
        (bus_id, created_at, reserved_booking_id, seat_number, seat_status, seat_type, updated_at, seat_id) 
    values
        (?, ?, ?, ?, ?, ?, ?, default)
2026-06-23T15:49:12.134+05:30 DEBUG 9260 --- [FastX-Test] [           main] org.hibernate.SQL                        : 
    insert 
    into
        seats
        (bus_id, created_at, reserved_booking_id, seat_number, seat_status, seat_type, updated_at, seat_id) 
    values
        (?, ?, ?, ?, ?, ?, ?, default)
Hibernate: 
    insert 
    into
        seats
        (bus_id, created_at, reserved_booking_id, seat_number, seat_status, seat_type, updated_at, seat_id) 
    values
        (?, ?, ?, ?, ?, ?, ?, default)
2026-06-23T15:49:12.134+05:30 DEBUG 9260 --- [FastX-Test] [           main] org.hibernate.SQL                        : 
    insert 
    into
        seats
        (bus_id, created_at, reserved_booking_id, seat_number, seat_status, seat_type, updated_at, seat_id) 
    values
        (?, ?, ?, ?, ?, ?, ?, default)
Hibernate: 
    insert 
    into
        seats
        (bus_id, created_at, reserved_booking_id, seat_number, seat_status, seat_type, updated_at, seat_id) 
    values
        (?, ?, ?, ?, ?, ?, ?, default)
2026-06-23T15:49:12.134+05:30 DEBUG 9260 --- [FastX-Test] [           main] org.hibernate.SQL                        : 
    insert 
    into
        seats
        (bus_id, created_at, reserved_booking_id, seat_number, seat_status, seat_type, updated_at, seat_id) 
    values
        (?, ?, ?, ?, ?, ?, ?, default)
Hibernate: 
    insert 
    into
        seats
        (bus_id, created_at, reserved_booking_id, seat_number, seat_status, seat_type, updated_at, seat_id) 
    values
        (?, ?, ?, ?, ?, ?, ?, default)
2026-06-23T15:49:12.134+05:30 DEBUG 9260 --- [FastX-Test] [           main] org.hibernate.SQL                        : 
    insert 
    into
        seats
        (bus_id, created_at, reserved_booking_id, seat_number, seat_status, seat_type, updated_at, seat_id) 
    values
        (?, ?, ?, ?, ?, ?, ?, default)
Hibernate: 
    insert 
    into
        seats
        (bus_id, created_at, reserved_booking_id, seat_number, seat_status, seat_type, updated_at, seat_id) 
    values
        (?, ?, ?, ?, ?, ?, ?, default)
2026-06-23T15:49:12.134+05:30 DEBUG 9260 --- [FastX-Test] [           main] org.hibernate.SQL                        : 
    insert 
    into
        seats
        (bus_id, created_at, reserved_booking_id, seat_number, seat_status, seat_type, updated_at, seat_id) 
    values
        (?, ?, ?, ?, ?, ?, ?, default)
Hibernate: 
    insert 
    into
        seats
        (bus_id, created_at, reserved_booking_id, seat_number, seat_status, seat_type, updated_at, seat_id) 
    values
        (?, ?, ?, ?, ?, ?, ?, default)
2026-06-23T15:49:12.134+05:30 DEBUG 9260 --- [FastX-Test] [           main] org.hibernate.SQL                        : 
    insert 
    into
        seats
        (bus_id, created_at, reserved_booking_id, seat_number, seat_status, seat_type, updated_at, seat_id) 
    values
        (?, ?, ?, ?, ?, ?, ?, default)
Hibernate: 
    insert 
    into
        seats
        (bus_id, created_at, reserved_booking_id, seat_number, seat_status, seat_type, updated_at, seat_id) 
    values
        (?, ?, ?, ?, ?, ?, ?, default)
2026-06-23T15:49:12.135+05:30 DEBUG 9260 --- [FastX-Test] [           main] org.hibernate.SQL                        : 
    insert 
    into
        seats
        (bus_id, created_at, reserved_booking_id, seat_number, seat_status, seat_type, updated_at, seat_id) 
    values
        (?, ?, ?, ?, ?, ?, ?, default)
Hibernate: 
    insert 
    into
        seats
        (bus_id, created_at, reserved_booking_id, seat_number, seat_status, seat_type, updated_at, seat_id) 
    values
        (?, ?, ?, ?, ?, ?, ?, default)
2026-06-23T15:49:12.135+05:30 DEBUG 9260 --- [FastX-Test] [           main] org.hibernate.SQL                        : 
    insert 
    into
        seats
        (bus_id, created_at, reserved_booking_id, seat_number, seat_status, seat_type, updated_at, seat_id) 
    values
        (?, ?, ?, ?, ?, ?, ?, default)
Hibernate: 
    insert 
    into
        seats
        (bus_id, created_at, reserved_booking_id, seat_number, seat_status, seat_type, updated_at, seat_id) 
    values
        (?, ?, ?, ?, ?, ?, ?, default)
2026-06-23T15:49:12.135+05:30 DEBUG 9260 --- [FastX-Test] [           main] org.hibernate.SQL                        : 
    insert 
    into
        seats
        (bus_id, created_at, reserved_booking_id, seat_number, seat_status, seat_type, updated_at, seat_id) 
    values
        (?, ?, ?, ?, ?, ?, ?, default)
Hibernate: 
    insert 
    into
        seats
        (bus_id, created_at, reserved_booking_id, seat_number, seat_status, seat_type, updated_at, seat_id) 
    values
        (?, ?, ?, ?, ?, ?, ?, default)
2026-06-23T15:49:12.135+05:30 DEBUG 9260 --- [FastX-Test] [           main] org.hibernate.SQL                        : 
    insert 
    into
        seats
        (bus_id, created_at, reserved_booking_id, seat_number, seat_status, seat_type, updated_at, seat_id) 
    values
        (?, ?, ?, ?, ?, ?, ?, default)
Hibernate: 
    insert 
    into
        seats
        (bus_id, created_at, reserved_booking_id, seat_number, seat_status, seat_type, updated_at, seat_id) 
    values
        (?, ?, ?, ?, ?, ?, ?, default)
2026-06-23T15:49:12.135+05:30 DEBUG 9260 --- [FastX-Test] [           main] org.hibernate.SQL                        : 
    insert 
    into
        seats
        (bus_id, created_at, reserved_booking_id, seat_number, seat_status, seat_type, updated_at, seat_id) 
    values
        (?, ?, ?, ?, ?, ?, ?, default)
Hibernate: 
    insert 
    into
        seats
        (bus_id, created_at, reserved_booking_id, seat_number, seat_status, seat_type, updated_at, seat_id) 
    values
        (?, ?, ?, ?, ?, ?, ?, default)
2026-06-23T15:49:12.135+05:30 DEBUG 9260 --- [FastX-Test] [           main] org.hibernate.SQL                        : 
    insert 
    into
        seats
        (bus_id, created_at, reserved_booking_id, seat_number, seat_status, seat_type, updated_at, seat_id) 
    values
        (?, ?, ?, ?, ?, ?, ?, default)
Hibernate: 
    insert 
    into
        seats
        (bus_id, created_at, reserved_booking_id, seat_number, seat_status, seat_type, updated_at, seat_id) 
    values
        (?, ?, ?, ?, ?, ?, ?, default)
2026-06-23T15:49:12.135+05:30 DEBUG 9260 --- [FastX-Test] [           main] org.hibernate.SQL                        : 
    insert 
    into
        seats
        (bus_id, created_at, reserved_booking_id, seat_number, seat_status, seat_type, updated_at, seat_id) 
    values
        (?, ?, ?, ?, ?, ?, ?, default)
Hibernate: 
    insert 
    into
        seats
        (bus_id, created_at, reserved_booking_id, seat_number, seat_status, seat_type, updated_at, seat_id) 
    values
        (?, ?, ?, ?, ?, ?, ?, default)
2026-06-23T15:49:12.135+05:30  INFO 9260 --- [FastX-Test] [           main] c.h.fastx.service.impl.BusServiceImpl    : 40 seats created for Bus ID: 21
2026-06-23T15:49:12.136+05:30  INFO 9260 --- [FastX-Test] [           main] c.h.f.service.impl.BookingServiceImpl    : Fare calculated: 1000.0 for 2 seats on Bus ID: 21
]]></system-out>
  </testcase>
</testsuite>