<?xml version="1.0" encoding="UTF-8"?>
<testsuite xmlns:xsi="http://www.w3.org/2001/XMLSchema-instance" xsi:noNamespaceSchemaLocation="https://maven.apache.org/surefire/maven-surefire-plugin/xsd/surefire-test-report.xsd" version="3.0.2" name="com.hexaware.fastx.service.BusServiceTest" time="7.504" tests="11" errors="0" skipped="0" failures="0" flakes="0">
  <properties>
[...]
</properties>
  <testcase name="testSearchBusesByName" classname="com.hexaware.fastx.service.BusServiceTest" time="0.528">
    <system-out><![CDATA[15:49:03.354 [main] INFO org.springframework.test.context.support.AnnotationConfigContextLoaderUtils -- Could not detect default configuration classes for test class [com.hexaware.fastx.service.BusServiceTest]: BusServiceTest does not declare any static, non-private, non-final, nested classes annotated with @Configuration.
15:49:03.471 [main] INFO org.springframework.boot.test.context.SpringBootTestContextBootstrapper -- Found @SpringBootConfiguration com.hexaware.fastx.FastXApplication for test class com.hexaware.fastx.service.BusServiceTest

  .   ____          _            __ _ _
 /\\ / ___'_ __ _ _(_)_ __  __ _ \ \ \ \
( ( )\___ | '_ | '_| | '_ \/ _` | \ \ \ \
 \\/  ___)| |_)| | | | | || (_| |  ) ) ) )
  '  |____| .__|_| |_|_| |_\__, | / / / /
 =========|_|==============|___/=/_/_/_/

 :: Spring Boot ::               (v3.5.15)

2026-06-23T15:49:03.819+05:30  INFO 9260 --- [FastX-Test] [           main] c.hexaware.fastx.service.BusServiceTest  : Starting BusServiceTest using Java 17.0.19 with PID 9260 (started by adhitya in /home/adhitya/Downloads/FastX)
2026-06-23T15:49:03.820+05:30  INFO 9260 --- [FastX-Test] [           main] c.hexaware.fastx.service.BusServiceTest  : The following 1 profile is active: "test"
2026-06-23T15:49:04.646+05:30  INFO 9260 --- [FastX-Test] [           main] .s.d.r.c.RepositoryConfigurationDelegate : Bootstrapping Spring Data JPA repositories in DEFAULT mode.
2026-06-23T15:49:04.726+05:30  INFO 9260 --- [FastX-Test] [           main] .s.d.r.c.RepositoryConfigurationDelegate : Finished Spring Data repository scanning in 70 ms. Found 10 JPA repository interfaces.
2026-06-23T15:49:05.273+05:30  INFO 9260 --- [FastX-Test] [           main] o.hibernate.jpa.internal.util.LogHelper  : HHH000204: Processing PersistenceUnitInfo [name: default]
2026-06-23T15:49:05.369+05:30  INFO 9260 --- [FastX-Test] [           main] org.hibernate.Version                    : HHH000412: Hibernate ORM core version 6.6.53.Final
2026-06-23T15:49:05.430+05:30  INFO 9260 --- [FastX-Test] [           main] o.h.c.internal.RegionFactoryInitiator    : HHH000026: Second-level cache disabled
2026-06-23T15:49:05.785+05:30  INFO 9260 --- [FastX-Test] [           main] o.s.o.j.p.SpringPersistenceUnitInfo      : No LoadTimeWeaver setup: ignoring JPA class transformer
2026-06-23T15:49:05.813+05:30  INFO 9260 --- [FastX-Test] [           main] com.zaxxer.hikari.HikariDataSource       : HikariPool-1 - Starting...
2026-06-23T15:49:05.950+05:30  INFO 9260 --- [FastX-Test] [           main] com.zaxxer.hikari.pool.HikariPool        : HikariPool-1 - Added connection conn0: url=jdbc:h2:mem:testdb user=SA
2026-06-23T15:49:05.951+05:30  INFO 9260 --- [FastX-Test] [           main] com.zaxxer.hikari.HikariDataSource       : HikariPool-1 - Start completed.
2026-06-23T15:49:05.967+05:30  WARN 9260 --- [FastX-Test] [           main] org.hibernate.orm.deprecation            : HHH90000025: H2Dialect does not need to be specified explicitly using 'hibernate.dialect' (remove the property setting and it will be selected by default)
2026-06-23T15:49:05.982+05:30  INFO 9260 --- [FastX-Test] [           main] org.hibernate.orm.connections.pooling    : HHH10001005: Database info:
	Database JDBC URL [Connecting through datasource 'HikariDataSource (HikariPool-1)']
	Database driver: undefined/unknown
	Database version: 2.3.232
	Autocommit mode: undefined/unknown
	Isolation level: undefined/unknown
	Minimum pool size: undefined/unknown
	Maximum pool size: undefined/unknown
2026-06-23T15:49:06.734+05:30  INFO 9260 --- [FastX-Test] [           main] o.h.e.t.j.p.i.JtaPlatformInitiator       : HHH000489: No JTA platform available (set 'hibernate.transaction.jta.platform' to enable JTA platform integration)
2026-06-23T15:49:06.743+05:30 DEBUG 9260 --- [FastX-Test] [           main] org.hibernate.SQL                        : 
    drop table if exists amenities cascade 
Hibernate: 
    drop table if exists amenities cascade 
2026-06-23T15:49:06.745+05:30 DEBUG 9260 --- [FastX-Test] [           main] org.hibernate.SQL                        : 
    drop table if exists bookings cascade 
Hibernate: 
    drop table if exists bookings cascade 
2026-06-23T15:49:06.746+05:30 DEBUG 9260 --- [FastX-Test] [           main] org.hibernate.SQL                        : 
    drop table if exists bus_amenities cascade 
Hibernate: 
    drop table if exists bus_amenities cascade 
2026-06-23T15:49:06.746+05:30 DEBUG 9260 --- [FastX-Test] [           main] org.hibernate.SQL                        : 
    drop table if exists bus_operators cascade 
Hibernate: 
    drop table if exists bus_operators cascade 
2026-06-23T15:49:06.746+05:30 DEBUG 9260 --- [FastX-Test] [           main] org.hibernate.SQL                        : 
    drop table if exists buses cascade 
Hibernate: 
    drop table if exists buses cascade 
2026-06-23T15:49:06.746+05:30 DEBUG 9260 --- [FastX-Test] [           main] org.hibernate.SQL                        : 
    drop table if exists passengers cascade 
Hibernate: 
    drop table if exists passengers cascade 
2026-06-23T15:49:06.746+05:30 DEBUG 9260 --- [FastX-Test] [           main] org.hibernate.SQL                        : 
    drop table if exists payments cascade 
Hibernate: 
    drop table if exists payments cascade 
2026-06-23T15:49:06.747+05:30 DEBUG 9260 --- [FastX-Test] [           main] org.hibernate.SQL                        : 
    drop table if exists refunds cascade 
Hibernate: 
    drop table if exists refunds cascade 
2026-06-23T15:49:06.747+05:30 DEBUG 9260 --- [FastX-Test] [           main] org.hibernate.SQL                        : 
    drop table if exists roles cascade 
Hibernate: 
    drop table if exists roles cascade 
2026-06-23T15:49:06.747+05:30 DEBUG 9260 --- [FastX-Test] [           main] org.hibernate.SQL                        : 
    drop table if exists seats cascade 
Hibernate: 
    drop table if exists seats cascade 
2026-06-23T15:49:06.748+05:30 DEBUG 9260 --- [FastX-Test] [           main] org.hibernate.SQL                        : 
    drop table if exists users cascade 
Hibernate: 
    drop table if exists users cascade 
2026-06-23T15:49:06.751+05:30 DEBUG 9260 --- [FastX-Test] [           main] org.hibernate.SQL                        : 
    create table amenities (
        amenity_id bigint generated by default as identity,
        created_at timestamp(6),
        updated_at timestamp(6),
        amenity_name varchar(255),
        primary key (amenity_id)
    )
Hibernate: 
    create table amenities (
        amenity_id bigint generated by default as identity,
        created_at timestamp(6),
        updated_at timestamp(6),
        amenity_name varchar(255),
        primary key (amenity_id)
    )
2026-06-23T15:49:06.756+05:30 DEBUG 9260 --- [FastX-Test] [           main] org.hibernate.SQL                        : 
    create table bookings (
        booking_date date,
        total_amount float(53),
        booking_id bigint generated by default as identity,
        bus_id bigint,
        created_at timestamp(6),
        reservation_expires_at timestamp(6),
        updated_at timestamp(6),
        user_id bigint,
        booking_status enum ('CANCELLED','CONFIRMED','EXPIRED','PENDING'),
        primary key (booking_id)
    )
Hibernate: 
    create table bookings (
        booking_date date,
        total_amount float(53),
        booking_id bigint generated by default as identity,
        bus_id bigint,
        created_at timestamp(6),
        reservation_expires_at timestamp(6),
        updated_at timestamp(6),
        user_id bigint,
        booking_status enum ('CANCELLED','CONFIRMED','EXPIRED','PENDING'),
        primary key (booking_id)
    )
2026-06-23T15:49:06.758+05:30 DEBUG 9260 --- [FastX-Test] [           main] org.hibernate.SQL                        : 
    create table bus_amenities (
        amenity_id bigint not null,
        bus_id bigint not null
    )
Hibernate: 
    create table bus_amenities (
        amenity_id bigint not null,
        bus_id bigint not null
    )
2026-06-23T15:49:06.758+05:30 DEBUG 9260 --- [FastX-Test] [           main] org.hibernate.SQL                        : 
    create table bus_operators (
        is_active boolean,
        created_at timestamp(6),
        operator_id bigint generated by default as identity,
        updated_at timestamp(6),
        address varchar(255),
        company_name varchar(255),
        email varchar(255),
        password varchar(255),
        phone_number varchar(255),
        primary key (operator_id)
    )
Hibernate: 
    create table bus_operators (
        is_active boolean,
        created_at timestamp(6),
        operator_id bigint generated by default as identity,
        updated_at timestamp(6),
        address varchar(255),
        company_name varchar(255),
        email varchar(255),
        password varchar(255),
        phone_number varchar(255),
        primary key (operator_id)
    )
2026-06-23T15:49:06.759+05:30 DEBUG 9260 --- [FastX-Test] [           main] org.hibernate.SQL                        : 
    create table buses (
        arrival_time time(6),
        departure_time time(6),
        fare float(53),
        journey_date date,
        total_seats integer,
        bus_id bigint generated by default as identity,
        created_at timestamp(6),
        operator_id bigint,
        updated_at timestamp(6),
        bus_name varchar(255),
        bus_number varchar(255),
        destination varchar(255),
        origin varchar(255),
        bus_type enum ('AC_SEATER','AC_SLEEPER','NON_AC_SEATER','NON_AC_SLEEPER','VOLVO'),
        primary key (bus_id)
    )
Hibernate: 
    create table buses (
        arrival_time time(6),
        departure_time time(6),
        fare float(53),
        journey_date date,
        total_seats integer,
        bus_id bigint generated by default as identity,
        created_at timestamp(6),
        operator_id bigint,
        updated_at timestamp(6),
        bus_name varchar(255),
        bus_number varchar(255),
        destination varchar(255),
        origin varchar(255),
        bus_type enum ('AC_SEATER','AC_SLEEPER','NON_AC_SEATER','NON_AC_SLEEPER','VOLVO'),
        primary key (bus_id)
    )
2026-06-23T15:49:06.761+05:30 DEBUG 9260 --- [FastX-Test] [           main] org.hibernate.SQL                        : 
    create table passengers (
        age integer,
        booking_id bigint,
        created_at timestamp(6),
        passenger_id bigint generated by default as identity,
        seat_id bigint unique,
        updated_at timestamp(6),
        name varchar(255),
        gender enum ('FEMALE','MALE','OTHER'),
        primary key (passenger_id)
    )
Hibernate: 
    create table passengers (
        age integer,
        booking_id bigint,
        created_at timestamp(6),
        passenger_id bigint generated by default as identity,
        seat_id bigint unique,
        updated_at timestamp(6),
        name varchar(255),
        gender enum ('FEMALE','MALE','OTHER'),
        primary key (passenger_id)
    )
2026-06-23T15:49:06.763+05:30 DEBUG 9260 --- [FastX-Test] [           main] org.hibernate.SQL                        : 
    create table payments (
        amount float(53),
        booking_id bigint unique,
        created_at timestamp(6),
        payment_date timestamp(6),
        payment_id bigint generated by default as identity,
        updated_at timestamp(6),
        transaction_id varchar(255),
        payment_method enum ('CREDIT_CARD','DEBIT_CARD','NET_BANKING','UPI'),
        payment_status enum ('COMPLETED','FAILED','PENDING','REFUNDED'),
        primary key (payment_id)
    )
Hibernate: 
    create table payments (
        amount float(53),
        booking_id bigint unique,
        created_at timestamp(6),
        payment_date timestamp(6),
        payment_id bigint generated by default as identity,
        updated_at timestamp(6),
        transaction_id varchar(255),
        payment_method enum ('CREDIT_CARD','DEBIT_CARD','NET_BANKING','UPI'),
        payment_status enum ('COMPLETED','FAILED','PENDING','REFUNDED'),
        primary key (payment_id)
    )
2026-06-23T15:49:06.765+05:30 DEBUG 9260 --- [FastX-Test] [           main] org.hibernate.SQL                        : 
    create table refunds (
        refund_amount float(53),
        booking_id bigint unique,
        created_at timestamp(6),
        refund_date timestamp(6),
        refund_id bigint generated by default as identity,
        updated_at timestamp(6),
        refund_status enum ('APPROVED','PENDING','PROCESSED','REJECTED'),
        primary key (refund_id)
    )
Hibernate: 
    create table refunds (
        refund_amount float(53),
        booking_id bigint unique,
        created_at timestamp(6),
        refund_date timestamp(6),
        refund_id bigint generated by default as identity,
        updated_at timestamp(6),
        refund_status enum ('APPROVED','PENDING','PROCESSED','REJECTED'),
        primary key (refund_id)
    )
2026-06-23T15:49:06.766+05:30 DEBUG 9260 --- [FastX-Test] [           main] org.hibernate.SQL                        : 
    create table roles (
        created_at timestamp(6),
        role_id bigint generated by default as identity,
        updated_at timestamp(6),
        role_name varchar(255),
        primary key (role_id)
    )
Hibernate: 
    create table roles (
        created_at timestamp(6),
        role_id bigint generated by default as identity,
        updated_at timestamp(6),
        role_name varchar(255),
        primary key (role_id)
    )
2026-06-23T15:49:06.767+05:30 DEBUG 9260 --- [FastX-Test] [           main] org.hibernate.SQL                        : 
    create table seats (
        bus_id bigint,
        created_at timestamp(6),
        reserved_booking_id bigint,
        seat_id bigint generated by default as identity,
        updated_at timestamp(6),
        seat_number varchar(255),
        seat_status enum ('AVAILABLE','BOOKED','RESERVED'),
        seat_type enum ('AISLE_SEAT','LOWER_BERTH','MIDDLE_SEAT','SIDE_LOWER','SIDE_UPPER','UPPER_BERTH','WINDOW_SEAT'),
        primary key (seat_id)
    )
Hibernate: 
    create table seats (
        bus_id bigint,
        created_at timestamp(6),
        reserved_booking_id bigint,
        seat_id bigint generated by default as identity,
        updated_at timestamp(6),
        seat_number varchar(255),
        seat_status enum ('AVAILABLE','BOOKED','RESERVED'),
        seat_type enum ('AISLE_SEAT','LOWER_BERTH','MIDDLE_SEAT','SIDE_LOWER','SIDE_UPPER','UPPER_BERTH','WINDOW_SEAT'),
        primary key (seat_id)
    )
2026-06-23T15:49:06.768+05:30 DEBUG 9260 --- [FastX-Test] [           main] org.hibernate.SQL                        : 
    create table users (
        is_active boolean,
        created_at timestamp(6),
        role_id bigint,
        updated_at timestamp(6),
        user_id bigint generated by default as identity,
        address varchar(255),
        email varchar(255),
        full_name varchar(255),
        password varchar(255),
        phone_number varchar(255),
        gender enum ('FEMALE','MALE','OTHER'),
        primary key (user_id)
    )
Hibernate: 
    create table users (
        is_active boolean,
        created_at timestamp(6),
        role_id bigint,
        updated_at timestamp(6),
        user_id bigint generated by default as identity,
        address varchar(255),
        email varchar(255),
        full_name varchar(255),
        password varchar(255),
        phone_number varchar(255),
        gender enum ('FEMALE','MALE','OTHER'),
        primary key (user_id)
    )
2026-06-23T15:49:06.770+05:30 DEBUG 9260 --- [FastX-Test] [           main] org.hibernate.SQL                        : 
    alter table if exists bookings 
       add constraint FKebb19pi5yjjixd0xjxdfx3ru8 
       foreign key (bus_id) 
       references buses
Hibernate: 
    alter table if exists bookings 
       add constraint FKebb19pi5yjjixd0xjxdfx3ru8 
       foreign key (bus_id) 
       references buses
2026-06-23T15:49:06.779+05:30 DEBUG 9260 --- [FastX-Test] [           main] org.hibernate.SQL                        : 
    alter table if exists bookings 
       add constraint FKeyog2oic85xg7hsu2je2lx3s6 
       foreign key (user_id) 
       references users
Hibernate: 
    alter table if exists bookings 
       add constraint FKeyog2oic85xg7hsu2je2lx3s6 
       foreign key (user_id) 
       references users
2026-06-23T15:49:06.780+05:30 DEBUG 9260 --- [FastX-Test] [           main] org.hibernate.SQL                        : 
    alter table if exists bus_amenities 
       add constraint FK53uilhogvlv4miyrgoknay2jo 
       foreign key (amenity_id) 
       references amenities
Hibernate: 
    alter table if exists bus_amenities 
       add constraint FK53uilhogvlv4miyrgoknay2jo 
       foreign key (amenity_id) 
       references amenities
2026-06-23T15:49:06.781+05:30 DEBUG 9260 --- [FastX-Test] [           main] org.hibernate.SQL                        : 
    alter table if exists bus_amenities 
       add constraint FKisgwl7rx09lovdd8cd5wal0mr 
       foreign key (bus_id) 
       references buses
Hibernate: 
    alter table if exists bus_amenities 
       add constraint FKisgwl7rx09lovdd8cd5wal0mr 
       foreign key (bus_id) 
       references buses
2026-06-23T15:49:06.782+05:30 DEBUG 9260 --- [FastX-Test] [           main] org.hibernate.SQL                        : 
    alter table if exists buses 
       add constraint FKwmt4p1sd2pys4x800ha06ste 
       foreign key (operator_id) 
       references bus_operators
Hibernate: 
    alter table if exists buses 
       add constraint FKwmt4p1sd2pys4x800ha06ste 
       foreign key (operator_id) 
       references bus_operators
2026-06-23T15:49:06.783+05:30 DEBUG 9260 --- [FastX-Test] [           main] org.hibernate.SQL                        : 
    alter table if exists passengers 
       add constraint FKgc7vcfrut3vamougerwse2m2u 
       foreign key (booking_id) 
       references bookings
Hibernate: 
    alter table if exists passengers 
       add constraint FKgc7vcfrut3vamougerwse2m2u 
       foreign key (booking_id) 
       references bookings
2026-06-23T15:49:06.784+05:30 DEBUG 9260 --- [FastX-Test] [           main] org.hibernate.SQL                        : 
    alter table if exists passengers 
       add constraint FKn2q4p31xfjef3d9bqcbbk26i9 
       foreign key (seat_id) 
       references seats
Hibernate: 
    alter table if exists passengers 
       add constraint FKn2q4p31xfjef3d9bqcbbk26i9 
       foreign key (seat_id) 
       references seats
2026-06-23T15:49:06.785+05:30 DEBUG 9260 --- [FastX-Test] [           main] org.hibernate.SQL                        : 
    alter table if exists payments 
       add constraint FKc52o2b1jkxttngufqp3t7jr3h 
       foreign key (booking_id) 
       references bookings
Hibernate: 
    alter table if exists payments 
       add constraint FKc52o2b1jkxttngufqp3t7jr3h 
       foreign key (booking_id) 
       references bookings
2026-06-23T15:49:06.786+05:30 DEBUG 9260 --- [FastX-Test] [           main] org.hibernate.SQL                        : 
    alter table if exists refunds 
       add constraint FK3nlfu8o4nsl1kcfp2sg8q4gnd 
       foreign key (booking_id) 
       references bookings
Hibernate: 
    alter table if exists refunds 
       add constraint FK3nlfu8o4nsl1kcfp2sg8q4gnd 
       foreign key (booking_id) 
       references bookings
2026-06-23T15:49:06.787+05:30 DEBUG 9260 --- [FastX-Test] [           main] org.hibernate.SQL                        : 
    alter table if exists seats 
       add constraint FKdysgofh5bvo6ijbxunf7x6fa6 
       foreign key (bus_id) 
       references buses
Hibernate: 
    alter table if exists seats 
       add constraint FKdysgofh5bvo6ijbxunf7x6fa6 
       foreign key (bus_id) 
       references buses
2026-06-23T15:49:06.788+05:30 DEBUG 9260 --- [FastX-Test] [           main] org.hibernate.SQL                        : 
    alter table if exists seats 
       add constraint FKroh4bcs75bcrkd23lr2syvwdq 
       foreign key (reserved_booking_id) 
       references bookings
Hibernate: 
    alter table if exists seats 
       add constraint FKroh4bcs75bcrkd23lr2syvwdq 
       foreign key (reserved_booking_id) 
       references bookings
2026-06-23T15:49:06.789+05:30 DEBUG 9260 --- [FastX-Test] [           main] org.hibernate.SQL                        : 
    alter table if exists users 
       add constraint FKp56c1712k691lhsyewcssf40f 
       foreign key (role_id) 
       references roles
Hibernate: 
    alter table if exists users 
       add constraint FKp56c1712k691lhsyewcssf40f 
       foreign key (role_id) 
       references roles
2026-06-23T15:49:06.793+05:30  INFO 9260 --- [FastX-Test] [           main] j.LocalContainerEntityManagerFactoryBean : Initialized JPA EntityManagerFactory for persistence unit 'default'
2026-06-23T15:49:07.238+05:30  INFO 9260 --- [FastX-Test] [           main] o.s.d.j.r.query.QueryEnhancerFactory     : Hibernate is in classpath; If applicable, HQL parser will be used.
2026-06-23T15:49:07.939+05:30  INFO 9260 --- [FastX-Test] [           main] eAuthenticationProviderManagerConfigurer : Global AuthenticationManager configured with AuthenticationProvider bean with name authenticationProvider
2026-06-23T15:49:07.939+05:30  WARN 9260 --- [FastX-Test] [           main] r$InitializeUserDetailsManagerConfigurer : Global AuthenticationManager configured with an AuthenticationProvider bean. UserDetailsService beans will not be used by Spring Security for automatically configuring username/password login. Consider removing the AuthenticationProvider bean. Alternatively, consider using the UserDetailsService in a manually instantiated DaoAuthenticationProvider. If the current configuration is intentional, to turn off this warning, increase the logging level of 'org.springframework.security.config.annotation.authentication.configuration.InitializeUserDetailsBeanManagerConfigurer' to ERROR
2026-06-23T15:49:08.305+05:30  WARN 9260 --- [FastX-Test] [           main] JpaBaseConfiguration$JpaWebConfiguration : spring.jpa.open-in-view is enabled by default. Therefore, database queries may be performed during view rendering. Explicitly configure spring.jpa.open-in-view to disable this warning
2026-06-23T15:49:09.269+05:30  INFO 9260 --- [FastX-Test] [           main] c.hexaware.fastx.service.BusServiceTest  : Started BusServiceTest in 5.663 seconds (process running for 6.479)
2026-06-23T15:49:09.666+05:30 DEBUG 9260 --- [FastX-Test] [           main] org.hibernate.SQL                        : 
    insert 
    into
        bus_operators
        (address, company_name, created_at, email, is_active, password, phone_number, updated_at, operator_id) 
    values
        (?, ?, ?, ?, ?, ?, ?, ?, default)
Hibernate: 
    insert 
    into
        bus_operators
        (address, company_name, created_at, email, is_active, password, phone_number, updated_at, operator_id) 
    values
        (?, ?, ?, ?, ?, ?, ?, ?, default)
2026-06-23T15:49:09.696+05:30  INFO 9260 --- [FastX-Test] [           main] c.h.f.s.impl.BusOperatorServiceImpl      : Bus Operator created with ID: 1
2026-06-23T15:49:09.701+05:30 DEBUG 9260 --- [FastX-Test] [           main] org.hibernate.SQL                        : 
    insert 
    into
        buses
        (arrival_time, bus_name, bus_number, operator_id, bus_type, created_at, departure_time, destination, fare, journey_date, origin, total_seats, updated_at, bus_id) 
    values
        (?, ?, ?, ?, ?, ?, ?, ?, ?, ?, ?, ?, ?, default)
Hibernate: 
    insert 
    into
        buses
        (arrival_time, bus_name, bus_number, operator_id, bus_type, created_at, departure_time, destination, fare, journey_date, origin, total_seats, updated_at, bus_id) 
    values
        (?, ?, ?, ?, ?, ?, ?, ?, ?, ?, ?, ?, ?, default)
2026-06-23T15:49:09.703+05:30  INFO 9260 --- [FastX-Test] [           main] c.h.fastx.service.impl.BusServiceImpl    : Bus added with ID: 1
2026-06-23T15:49:09.704+05:30 DEBUG 9260 --- [FastX-Test] [           main] org.hibernate.SQL                        : 
    insert 
    into
        seats
        (bus_id, created_at, reserved_booking_id, seat_number, seat_status, seat_type, updated_at, seat_id) 
    values
        (?, ?, ?, ?, ?, ?, ?, default)
Hibernate: 
    insert 
    into
        seats
        (bus_id, created_at, reserved_booking_id, seat_number, seat_status, seat_type, updated_at, seat_id) 
    values
        (?, ?, ?, ?, ?, ?, ?, default)
2026-06-23T15:49:09.705+05:30 DEBUG 9260 --- [FastX-Test] [           main] org.hibernate.SQL                        : 
    insert 
    into
        seats
        (bus_id, created_at, reserved_booking_id, seat_number, seat_status, seat_type, updated_at, seat_id) 
    values
        (?, ?, ?, ?, ?, ?, ?, default)
Hibernate: 
    insert 
    into
        seats
        (bus_id, created_at, reserved_booking_id, seat_number, seat_status, seat_type, updated_at, seat_id) 
    values
        (?, ?, ?, ?, ?, ?, ?, default)
2026-06-23T15:49:09.706+05:30 DEBUG 9260 --- [FastX-Test] [           main] org.hibernate.SQL                        : 
    insert 
    into
        seats
        (bus_id, created_at, reserved_booking_id, seat_number, seat_status, seat_type, updated_at, seat_id) 
    values
        (?, ?, ?, ?, ?, ?, ?, default)
Hibernate: 
    insert 
    into
        seats
        (bus_id, created_at, reserved_booking_id, seat_number, seat_status, seat_type, updated_at, seat_id) 
    values
        (?, ?, ?, ?, ?, ?, ?, default)
2026-06-23T15:49:09.708+05:30 DEBUG 9260 --- [FastX-Test] [           main] org.hibernate.SQL                        : 
    insert 
    into
        seats
        (bus_id, created_at, reserved_booking_id, seat_number, seat_status, seat_type, updated_at, seat_id) 
    values
        (?, ?, ?, ?, ?, ?, ?, default)
Hibernate: 
    insert 
    into
        seats
        (bus_id, created_at, reserved_booking_id, seat_number, seat_status, seat_type, updated_at, seat_id) 
    values
        (?, ?, ?, ?, ?, ?, ?, default)
2026-06-23T15:49:09.708+05:30 DEBUG 9260 --- [FastX-Test] [           main] org.hibernate.SQL                        : 
    insert 
    into
        seats
        (bus_id, created_at, reserved_booking_id, seat_number, seat_status, seat_type, updated_at, seat_id) 
    values
        (?, ?, ?, ?, ?, ?, ?, default)
Hibernate: 
    insert 
    into
        seats
        (bus_id, created_at, reserved_booking_id, seat_number, seat_status, seat_type, updated_at, seat_id) 
    values
        (?, ?, ?, ?, ?, ?, ?, default)
2026-06-23T15:49:09.709+05:30 DEBUG 9260 --- [FastX-Test] [           main] org.hibernate.SQL                        : 
    insert 
    into
        seats
        (bus_id, created_at, reserved_booking_id, seat_number, seat_status, seat_type, updated_at, seat_id) 
    values
        (?, ?, ?, ?, ?, ?, ?, default)
Hibernate: 
    insert 
    into
        seats
        (bus_id, created_at, reserved_booking_id, seat_number, seat_status, seat_type, updated_at, seat_id) 
    values
        (?, ?, ?, ?, ?, ?, ?, default)
2026-06-23T15:49:09.710+05:30 DEBUG 9260 --- [FastX-Test] [           main] org.hibernate.SQL                        : 
    insert 
    into
        seats
        (bus_id, created_at, reserved_booking_id, seat_number, seat_status, seat_type, updated_at, seat_id) 
    values
        (?, ?, ?, ?, ?, ?, ?, default)
Hibernate: 
    insert 
    into
        seats
        (bus_id, created_at, reserved_booking_id, seat_number, seat_status, seat_type, updated_at, seat_id) 
    values
        (?, ?, ?, ?, ?, ?, ?, default)
2026-06-23T15:49:09.711+05:30 DEBUG 9260 --- [FastX-Test] [           main] org.hibernate.SQL                        : 
    insert 
    into
        seats
        (bus_id, created_at, reserved_booking_id, seat_number, seat_status, seat_type, updated_at, seat_id) 
    values
        (?, ?, ?, ?, ?, ?, ?, default)
Hibernate: 
    insert 
    into
        seats
        (bus_id, created_at, reserved_booking_id, seat_number, seat_status, seat_type, updated_at, seat_id) 
    values
        (?, ?, ?, ?, ?, ?, ?, default)
2026-06-23T15:49:09.711+05:30 DEBUG 9260 --- [FastX-Test] [           main] org.hibernate.SQL                        : 
    insert 
    into
        seats
        (bus_id, created_at, reserved_booking_id, seat_number, seat_status, seat_type, updated_at, seat_id) 
    values
        (?, ?, ?, ?, ?, ?, ?, default)
Hibernate: 
    insert 
    into
        seats
        (bus_id, created_at, reserved_booking_id, seat_number, seat_status, seat_type, updated_at, seat_id) 
    values
        (?, ?, ?, ?, ?, ?, ?, default)
2026-06-23T15:49:09.712+05:30 DEBUG 9260 --- [FastX-Test] [           main] org.hibernate.SQL                        : 
    insert 
    into
        seats
        (bus_id, created_at, reserved_booking_id, seat_number, seat_status, seat_type, updated_at, seat_id) 
    values
        (?, ?, ?, ?, ?, ?, ?, default)
Hibernate: 
    insert 
    into
        seats
        (bus_id, created_at, reserved_booking_id, seat_number, seat_status, seat_type, updated_at, seat_id) 
    values
        (?, ?, ?, ?, ?, ?, ?, default)
2026-06-23T15:49:09.713+05:30 DEBUG 9260 --- [FastX-Test] [           main] org.hibernate.SQL                        : 
    insert 
    into
        seats
        (bus_id, created_at, reserved_booking_id, seat_number, seat_status, seat_type, updated_at, seat_id) 
    values
        (?, ?, ?, ?, ?, ?, ?, default)
Hibernate: 
    insert 
    into
        seats
        (bus_id, created_at, reserved_booking_id, seat_number, seat_status, seat_type, updated_at, seat_id) 
    values
        (?, ?, ?, ?, ?, ?, ?, default)
2026-06-23T15:49:09.714+05:30 DEBUG 9260 --- [FastX-Test] [           main] org.hibernate.SQL                        : 
    insert 
    into
        seats
        (bus_id, created_at, reserved_booking_id, seat_number, seat_status, seat_type, updated_at, seat_id) 
    values
        (?, ?, ?, ?, ?, ?, ?, default)
Hibernate: 
    insert 
    into
        seats
        (bus_id, created_at, reserved_booking_id, seat_number, seat_status, seat_type, updated_at, seat_id) 
    values
        (?, ?, ?, ?, ?, ?, ?, default)
2026-06-23T15:49:09.715+05:30 DEBUG 9260 --- [FastX-Test] [           main] org.hibernate.SQL                        : 
    insert 
    into
        seats
        (bus_id, created_at, reserved_booking_id, seat_number, seat_status, seat_type, updated_at, seat_id) 
    values
        (?, ?, ?, ?, ?, ?, ?, default)
Hibernate: 
    insert 
    into
        seats
        (bus_id, created_at, reserved_booking_id, seat_number, seat_status, seat_type, updated_at, seat_id) 
    values
        (?, ?, ?, ?, ?, ?, ?, default)
2026-06-23T15:49:09.716+05:30 DEBUG 9260 --- [FastX-Test] [           main] org.hibernate.SQL                        : 
    insert 
    into
        seats
        (bus_id, created_at, reserved_booking_id, seat_number, seat_status, seat_type, updated_at, seat_id) 
    values
        (?, ?, ?, ?, ?, ?, ?, default)
Hibernate: 
    insert 
    into
        seats
        (bus_id, created_at, reserved_booking_id, seat_number, seat_status, seat_type, updated_at, seat_id) 
    values
        (?, ?, ?, ?, ?, ?, ?, default)
2026-06-23T15:49:09.717+05:30 DEBUG 9260 --- [FastX-Test] [           main] org.hibernate.SQL                        : 
    insert 
    into
        seats
        (bus_id, created_at, reserved_booking_id, seat_number, seat_status, seat_type, updated_at, seat_id) 
    values
        (?, ?, ?, ?, ?, ?, ?, default)
Hibernate: 
    insert 
    into
        seats
        (bus_id, created_at, reserved_booking_id, seat_number, seat_status, seat_type, updated_at, seat_id) 
    values
        (?, ?, ?, ?, ?, ?, ?, default)
2026-06-23T15:49:09.718+05:30 DEBUG 9260 --- [FastX-Test] [           main] org.hibernate.SQL                        : 
    insert 
    into
        seats
        (bus_id, created_at, reserved_booking_id, seat_number, seat_status, seat_type, updated_at, seat_id) 
    values
        (?, ?, ?, ?, ?, ?, ?, default)
Hibernate: 
    insert 
    into
        seats
        (bus_id, created_at, reserved_booking_id, seat_number, seat_status, seat_type, updated_at, seat_id) 
    values
        (?, ?, ?, ?, ?, ?, ?, default)
2026-06-23T15:49:09.719+05:30 DEBUG 9260 --- [FastX-Test] [           main] org.hibernate.SQL                        : 
    insert 
    into
        seats
        (bus_id, created_at, reserved_booking_id, seat_number, seat_status, seat_type, updated_at, seat_id) 
    values
        (?, ?, ?, ?, ?, ?, ?, default)
Hibernate: 
    insert 
    into
        seats
        (bus_id, created_at, reserved_booking_id, seat_number, seat_status, seat_type, updated_at, seat_id) 
    values
        (?, ?, ?, ?, ?, ?, ?, default)
2026-06-23T15:49:09.720+05:30 DEBUG 9260 --- [FastX-Test] [           main] org.hibernate.SQL                        : 
    insert 
    into
        seats
        (bus_id, created_at, reserved_booking_id, seat_number, seat_status, seat_type, updated_at, seat_id) 
    values
        (?, ?, ?, ?, ?, ?, ?, default)
Hibernate: 
    insert 
    into
        seats
        (bus_id, created_at, reserved_booking_id, seat_number, seat_status, seat_type, updated_at, seat_id) 
    values
        (?, ?, ?, ?, ?, ?, ?, default)
2026-06-23T15:49:09.721+05:30 DEBUG 9260 --- [FastX-Test] [           main] org.hibernate.SQL                        : 
    insert 
    into
        seats
        (bus_id, created_at, reserved_booking_id, seat_number, seat_status, seat_type, updated_at, seat_id) 
    values
        (?, ?, ?, ?, ?, ?, ?, default)
Hibernate: 
    insert 
    into
        seats
        (bus_id, created_at, reserved_booking_id, seat_number, seat_status, seat_type, updated_at, seat_id) 
    values
        (?, ?, ?, ?, ?, ?, ?, default)
2026-06-23T15:49:09.722+05:30 DEBUG 9260 --- [FastX-Test] [           main] org.hibernate.SQL                        : 
    insert 
    into
        seats
        (bus_id, created_at, reserved_booking_id, seat_number, seat_status, seat_type, updated_at, seat_id) 
    values
        (?, ?, ?, ?, ?, ?, ?, default)
Hibernate: 
    insert 
    into
        seats
        (bus_id, created_at, reserved_booking_id, seat_number, seat_status, seat_type, updated_at, seat_id) 
    values
        (?, ?, ?, ?, ?, ?, ?, default)
2026-06-23T15:49:09.723+05:30 DEBUG 9260 --- [FastX-Test] [           main] org.hibernate.SQL                        : 
    insert 
    into
        seats
        (bus_id, created_at, reserved_booking_id, seat_number, seat_status, seat_type, updated_at, seat_id) 
    values
        (?, ?, ?, ?, ?, ?, ?, default)
Hibernate: 
    insert 
    into
        seats
        (bus_id, created_at, reserved_booking_id, seat_number, seat_status, seat_type, updated_at, seat_id) 
    values
        (?, ?, ?, ?, ?, ?, ?, default)
2026-06-23T15:49:09.724+05:30 DEBUG 9260 --- [FastX-Test] [           main] org.hibernate.SQL                        : 
    insert 
    into
        seats
        (bus_id, created_at, reserved_booking_id, seat_number, seat_status, seat_type, updated_at, seat_id) 
    values
        (?, ?, ?, ?, ?, ?, ?, default)
Hibernate: 
    insert 
    into
        seats
        (bus_id, created_at, reserved_booking_id, seat_number, seat_status, seat_type, updated_at, seat_id) 
    values
        (?, ?, ?, ?, ?, ?, ?, default)
2026-06-23T15:49:09.724+05:30 DEBUG 9260 --- [FastX-Test] [           main] org.hibernate.SQL                        : 
    insert 
    into
        seats
        (bus_id, created_at, reserved_booking_id, seat_number, seat_status, seat_type, updated_at, seat_id) 
    values
        (?, ?, ?, ?, ?, ?, ?, default)
Hibernate: 
    insert 
    into
        seats
        (bus_id, created_at, reserved_booking_id, seat_number, seat_status, seat_type, updated_at, seat_id) 
    values
        (?, ?, ?, ?, ?, ?, ?, default)
2026-06-23T15:49:09.725+05:30 DEBUG 9260 --- [FastX-Test] [           main] org.hibernate.SQL                        : 
    insert 
    into
        seats
        (bus_id, created_at, reserved_booking_id, seat_number, seat_status, seat_type, updated_at, seat_id) 
    values
        (?, ?, ?, ?, ?, ?, ?, default)
Hibernate: 
    insert 
    into
        seats
        (bus_id, created_at, reserved_booking_id, seat_number, seat_status, seat_type, updated_at, seat_id) 
    values
        (?, ?, ?, ?, ?, ?, ?, default)
2026-06-23T15:49:09.726+05:30 DEBUG 9260 --- [FastX-Test] [           main] org.hibernate.SQL                        : 
    insert 
    into
        seats
        (bus_id, created_at, reserved_booking_id, seat_number, seat_status, seat_type, updated_at, seat_id) 
    values
        (?, ?, ?, ?, ?, ?, ?, default)
Hibernate: 
    insert 
    into
        seats
        (bus_id, created_at, reserved_booking_id, seat_number, seat_status, seat_type, updated_at, seat_id) 
    values
        (?, ?, ?, ?, ?, ?, ?, default)
2026-06-23T15:49:09.726+05:30 DEBUG 9260 --- [FastX-Test] [           main] org.hibernate.SQL                        : 
    insert 
    into
        seats
        (bus_id, created_at, reserved_booking_id, seat_number, seat_status, seat_type, updated_at, seat_id) 
    values
        (?, ?, ?, ?, ?, ?, ?, default)
Hibernate: 
    insert 
    into
        seats
        (bus_id, created_at, reserved_booking_id, seat_number, seat_status, seat_type, updated_at, seat_id) 
    values
        (?, ?, ?, ?, ?, ?, ?, default)
2026-06-23T15:49:09.727+05:30 DEBUG 9260 --- [FastX-Test] [           main] org.hibernate.SQL                        : 
    insert 
    into
        seats
        (bus_id, created_at, reserved_booking_id, seat_number, seat_status, seat_type, updated_at, seat_id) 
    values
        (?, ?, ?, ?, ?, ?, ?, default)
Hibernate: 
    insert 
    into
        seats
        (bus_id, created_at, reserved_booking_id, seat_number, seat_status, seat_type, updated_at, seat_id) 
    values
        (?, ?, ?, ?, ?, ?, ?, default)
2026-06-23T15:49:09.728+05:30 DEBUG 9260 --- [FastX-Test] [           main] org.hibernate.SQL                        : 
    insert 
    into
        seats
        (bus_id, created_at, reserved_booking_id, seat_number, seat_status, seat_type, updated_at, seat_id) 
    values
        (?, ?, ?, ?, ?, ?, ?, default)
Hibernate: 
    insert 
    into
        seats
        (bus_id, created_at, reserved_booking_id, seat_number, seat_status, seat_type, updated_at, seat_id) 
    values
        (?, ?, ?, ?, ?, ?, ?, default)
2026-06-23T15:49:09.729+05:30 DEBUG 9260 --- [FastX-Test] [           main] org.hibernate.SQL                        : 
    insert 
    into
        seats
        (bus_id, created_at, reserved_booking_id, seat_number, seat_status, seat_type, updated_at, seat_id) 
    values
        (?, ?, ?, ?, ?, ?, ?, default)
Hibernate: 
    insert 
    into
        seats
        (bus_id, created_at, reserved_booking_id, seat_number, seat_status, seat_type, updated_at, seat_id) 
    values
        (?, ?, ?, ?, ?, ?, ?, default)
2026-06-23T15:49:09.729+05:30 DEBUG 9260 --- [FastX-Test] [           main] org.hibernate.SQL                        : 
    insert 
    into
        seats
        (bus_id, created_at, reserved_booking_id, seat_number, seat_status, seat_type, updated_at, seat_id) 
    values
        (?, ?, ?, ?, ?, ?, ?, default)
Hibernate: 
    insert 
    into
        seats
        (bus_id, created_at, reserved_booking_id, seat_number, seat_status, seat_type, updated_at, seat_id) 
    values
        (?, ?, ?, ?, ?, ?, ?, default)
2026-06-23T15:49:09.730+05:30 DEBUG 9260 --- [FastX-Test] [           main] org.hibernate.SQL                        : 
    insert 
    into
        seats
        (bus_id, created_at, reserved_booking_id, seat_number, seat_status, seat_type, updated_at, seat_id) 
    values
        (?, ?, ?, ?, ?, ?, ?, default)
Hibernate: 
    insert 
    into
        seats
        (bus_id, created_at, reserved_booking_id, seat_number, seat_status, seat_type, updated_at, seat_id) 
    values
        (?, ?, ?, ?, ?, ?, ?, default)
2026-06-23T15:49:09.731+05:30 DEBUG 9260 --- [FastX-Test] [           main] org.hibernate.SQL                        : 
    insert 
    into
        seats
        (bus_id, created_at, reserved_booking_id, seat_number, seat_status, seat_type, updated_at, seat_id) 
    values
        (?, ?, ?, ?, ?, ?, ?, default)
Hibernate: 
    insert 
    into
        seats
        (bus_id, created_at, reserved_booking_id, seat_number, seat_status, seat_type, updated_at, seat_id) 
    values
        (?, ?, ?, ?, ?, ?, ?, default)
2026-06-23T15:49:09.731+05:30 DEBUG 9260 --- [FastX-Test] [           main] org.hibernate.SQL                        : 
    insert 
    into
        seats
        (bus_id, created_at, reserved_booking_id, seat_number, seat_status, seat_type, updated_at, seat_id) 
    values
        (?, ?, ?, ?, ?, ?, ?, default)
Hibernate: 
    insert 
    into
        seats
        (bus_id, created_at, reserved_booking_id, seat_number, seat_status, seat_type, updated_at, seat_id) 
    values
        (?, ?, ?, ?, ?, ?, ?, default)
2026-06-23T15:49:09.732+05:30 DEBUG 9260 --- [FastX-Test] [           main] org.hibernate.SQL                        : 
    insert 
    into
        seats
        (bus_id, created_at, reserved_booking_id, seat_number, seat_status, seat_type, updated_at, seat_id) 
    values
        (?, ?, ?, ?, ?, ?, ?, default)
Hibernate: 
    insert 
    into
        seats
        (bus_id, created_at, reserved_booking_id, seat_number, seat_status, seat_type, updated_at, seat_id) 
    values
        (?, ?, ?, ?, ?, ?, ?, default)
2026-06-23T15:49:09.734+05:30 DEBUG 9260 --- [FastX-Test] [           main] org.hibernate.SQL                        : 
    insert 
    into
        seats
        (bus_id, created_at, reserved_booking_id, seat_number, seat_status, seat_type, updated_at, seat_id) 
    values
        (?, ?, ?, ?, ?, ?, ?, default)
Hibernate: 
    insert 
    into
        seats
        (bus_id, created_at, reserved_booking_id, seat_number, seat_status, seat_type, updated_at, seat_id) 
    values
        (?, ?, ?, ?, ?, ?, ?, default)
2026-06-23T15:49:09.735+05:30 DEBUG 9260 --- [FastX-Test] [           main] org.hibernate.SQL                        : 
    insert 
    into
        seats
        (bus_id, created_at, reserved_booking_id, seat_number, seat_status, seat_type, updated_at, seat_id) 
    values
        (?, ?, ?, ?, ?, ?, ?, default)
Hibernate: 
    insert 
    into
        seats
        (bus_id, created_at, reserved_booking_id, seat_number, seat_status, seat_type, updated_at, seat_id) 
    values
        (?, ?, ?, ?, ?, ?, ?, default)
2026-06-23T15:49:09.736+05:30 DEBUG 9260 --- [FastX-Test] [           main] org.hibernate.SQL                        : 
    insert 
    into
        seats
        (bus_id, created_at, reserved_booking_id, seat_number, seat_status, seat_type, updated_at, seat_id) 
    values
        (?, ?, ?, ?, ?, ?, ?, default)
Hibernate: 
    insert 
    into
        seats
        (bus_id, created_at, reserved_booking_id, seat_number, seat_status, seat_type, updated_at, seat_id) 
    values
        (?, ?, ?, ?, ?, ?, ?, default)
2026-06-23T15:49:09.736+05:30 DEBUG 9260 --- [FastX-Test] [           main] org.hibernate.SQL                        : 
    insert 
    into
        seats
        (bus_id, created_at, reserved_booking_id, seat_number, seat_status, seat_type, updated_at, seat_id) 
    values
        (?, ?, ?, ?, ?, ?, ?, default)
Hibernate: 
    insert 
    into
        seats
        (bus_id, created_at, reserved_booking_id, seat_number, seat_status, seat_type, updated_at, seat_id) 
    values
        (?, ?, ?, ?, ?, ?, ?, default)
2026-06-23T15:49:09.738+05:30 DEBUG 9260 --- [FastX-Test] [           main] org.hibernate.SQL                        : 
    insert 
    into
        seats
        (bus_id, created_at, reserved_booking_id, seat_number, seat_status, seat_type, updated_at, seat_id) 
    values
        (?, ?, ?, ?, ?, ?, ?, default)
Hibernate: 
    insert 
    into
        seats
        (bus_id, created_at, reserved_booking_id, seat_number, seat_status, seat_type, updated_at, seat_id) 
    values
        (?, ?, ?, ?, ?, ?, ?, default)
2026-06-23T15:49:09.739+05:30 DEBUG 9260 --- [FastX-Test] [           main] org.hibernate.SQL                        : 
    insert 
    into
        seats
        (bus_id, created_at, reserved_booking_id, seat_number, seat_status, seat_type, updated_at, seat_id) 
    values
        (?, ?, ?, ?, ?, ?, ?, default)
Hibernate: 
    insert 
    into
        seats
        (bus_id, created_at, reserved_booking_id, seat_number, seat_status, seat_type, updated_at, seat_id) 
    values
        (?, ?, ?, ?, ?, ?, ?, default)
2026-06-23T15:49:09.740+05:30  INFO 9260 --- [FastX-Test] [           main] c.h.fastx.service.impl.BusServiceImpl    : 40 seats created for Bus ID: 1
2026-06-23T15:49:09.785+05:30 DEBUG 9260 --- [FastX-Test] [           main] org.hibernate.SQL                        : 
    select
        b1_0.bus_id,
        b1_0.arrival_time,
        b1_0.bus_name,
        b1_0.bus_number,
        b1_0.operator_id,
        b1_0.bus_type,
        b1_0.created_at,
        b1_0.departure_time,
        b1_0.destination,
        b1_0.fare,
        b1_0.journey_date,
        b1_0.origin,
        b1_0.total_seats,
        b1_0.updated_at 
    from
        buses b1_0 
    where
        upper(b1_0.bus_name) like upper(?) escape '\'
Hibernate: 
    select
        b1_0.bus_id,
        b1_0.arrival_time,
        b1_0.bus_name,
        b1_0.bus_number,
        b1_0.operator_id,
        b1_0.bus_type,
        b1_0.created_at,
        b1_0.departure_time,
        b1_0.destination,
        b1_0.fare,
        b1_0.journey_date,
        b1_0.origin,
        b1_0.total_seats,
        b1_0.updated_at 
    from
        buses b1_0 
    where
        upper(b1_0.bus_name) like upper(?) escape '\'
]]></system-out>
  </testcase>
  <testcase name="testGetCheapestBuses" classname="com.hexaware.fastx.service.BusServiceTest" time="0.097">
    <system-out><![CDATA[2026-06-23T15:49:09.868+05:30 DEBUG 9260 --- [FastX-Test] [           main] org.hibernate.SQL                        : 
    insert 
    into
        bus_operators
        (address, company_name, created_at, email, is_active, password, phone_number, updated_at, operator_id) 
    values
        (?, ?, ?, ?, ?, ?, ?, ?, default)
Hibernate: 
    insert 
    into
        bus_operators
        (address, company_name, created_at, email, is_active, password, phone_number, updated_at, operator_id) 
    values
        (?, ?, ?, ?, ?, ?, ?, ?, default)
2026-06-23T15:49:09.869+05:30  INFO 9260 --- [FastX-Test] [           main] c.h.f.s.impl.BusOperatorServiceImpl      : Bus Operator created with ID: 2
2026-06-23T15:49:09.870+05:30 DEBUG 9260 --- [FastX-Test] [           main] org.hibernate.SQL                        : 
    insert 
    into
        buses
        (arrival_time, bus_name, bus_number, operator_id, bus_type, created_at, departure_time, destination, fare, journey_date, origin, total_seats, updated_at, bus_id) 
    values
        (?, ?, ?, ?, ?, ?, ?, ?, ?, ?, ?, ?, ?, default)
Hibernate: 
    insert 
    into
        buses
        (arrival_time, bus_name, bus_number, operator_id, bus_type, created_at, departure_time, destination, fare, journey_date, origin, total_seats, updated_at, bus_id) 
    values
        (?, ?, ?, ?, ?, ?, ?, ?, ?, ?, ?, ?, ?, default)
2026-06-23T15:49:09.871+05:30  INFO 9260 --- [FastX-Test] [           main] c.h.fastx.service.impl.BusServiceImpl    : Bus added with ID: 2
2026-06-23T15:49:09.872+05:30 DEBUG 9260 --- [FastX-Test] [           main] org.hibernate.SQL                        : 
    insert 
    into
        seats
        (bus_id, created_at, reserved_booking_id, seat_number, seat_status, seat_type, updated_at, seat_id) 
    values
        (?, ?, ?, ?, ?, ?, ?, default)
Hibernate: 
    insert 
    into
        seats
        (bus_id, created_at, reserved_booking_id, seat_number, seat_status, seat_type, updated_at, seat_id) 
    values
        (?, ?, ?, ?, ?, ?, ?, default)
2026-06-23T15:49:09.872+05:30 DEBUG 9260 --- [FastX-Test] [           main] org.hibernate.SQL                        : 
    insert 
    into
        seats
        (bus_id, created_at, reserved_booking_id, seat_number, seat_status, seat_type, updated_at, seat_id) 
    values
        (?, ?, ?, ?, ?, ?, ?, default)
Hibernate: 
    insert 
    into
        seats
        (bus_id, created_at, reserved_booking_id, seat_number, seat_status, seat_type, updated_at, seat_id) 
    values
        (?, ?, ?, ?, ?, ?, ?, default)
2026-06-23T15:49:09.873+05:30 DEBUG 9260 --- [FastX-Test] [           main] org.hibernate.SQL                        : 
    insert 
    into
        seats
        (bus_id, created_at, reserved_booking_id, seat_number, seat_status, seat_type, updated_at, seat_id) 
    values
        (?, ?, ?, ?, ?, ?, ?, default)
Hibernate: 
    insert 
    into
        seats
        (bus_id, created_at, reserved_booking_id, seat_number, seat_status, seat_type, updated_at, seat_id) 
    values
        (?, ?, ?, ?, ?, ?, ?, default)
2026-06-23T15:49:09.874+05:30 DEBUG 9260 --- [FastX-Test] [           main] org.hibernate.SQL                        : 
    insert 
    into
        seats
        (bus_id, created_at, reserved_booking_id, seat_number, seat_status, seat_type, updated_at, seat_id) 
    values
        (?, ?, ?, ?, ?, ?, ?, default)
Hibernate: 
    insert 
    into
        seats
        (bus_id, created_at, reserved_booking_id, seat_number, seat_status, seat_type, updated_at, seat_id) 
    values
        (?, ?, ?, ?, ?, ?, ?, default)
2026-06-23T15:49:09.875+05:30 DEBUG 9260 --- [FastX-Test] [           main] org.hibernate.SQL                        : 
    insert 
    into
        seats
        (bus_id, created_at, reserved_booking_id, seat_number, seat_status, seat_type, updated_at, seat_id) 
    values
        (?, ?, ?, ?, ?, ?, ?, default)
Hibernate: 
    insert 
    into
        seats
        (bus_id, created_at, reserved_booking_id, seat_number, seat_status, seat_type, updated_at, seat_id) 
    values
        (?, ?, ?, ?, ?, ?, ?, default)
2026-06-23T15:49:09.875+05:30 DEBUG 9260 --- [FastX-Test] [           main] org.hibernate.SQL                        : 
    insert 
    into
        seats
        (bus_id, created_at, reserved_booking_id, seat_number, seat_status, seat_type, updated_at, seat_id) 
    values
        (?, ?, ?, ?, ?, ?, ?, default)
Hibernate: 
    insert 
    into
        seats
        (bus_id, created_at, reserved_booking_id, seat_number, seat_status, seat_type, updated_at, seat_id) 
    values
        (?, ?, ?, ?, ?, ?, ?, default)
2026-06-23T15:49:09.876+05:30 DEBUG 9260 --- [FastX-Test] [           main] org.hibernate.SQL                        : 
    insert 
    into
        seats
        (bus_id, created_at, reserved_booking_id, seat_number, seat_status, seat_type, updated_at, seat_id) 
    values
        (?, ?, ?, ?, ?, ?, ?, default)
Hibernate: 
    insert 
    into
        seats
        (bus_id, created_at, reserved_booking_id, seat_number, seat_status, seat_type, updated_at, seat_id) 
    values
        (?, ?, ?, ?, ?, ?, ?, default)
2026-06-23T15:49:09.877+05:30 DEBUG 9260 --- [FastX-Test] [           main] org.hibernate.SQL                        : 
    insert 
    into
        seats
        (bus_id, created_at, reserved_booking_id, seat_number, seat_status, seat_type, updated_at, seat_id) 
    values
        (?, ?, ?, ?, ?, ?, ?, default)
Hibernate: 
    insert 
    into
        seats
        (bus_id, created_at, reserved_booking_id, seat_number, seat_status, seat_type, updated_at, seat_id) 
    values
        (?, ?, ?, ?, ?, ?, ?, default)
2026-06-23T15:49:09.877+05:30 DEBUG 9260 --- [FastX-Test] [           main] org.hibernate.SQL                        : 
    insert 
    into
        seats
        (bus_id, created_at, reserved_booking_id, seat_number, seat_status, seat_type, updated_at, seat_id) 
    values
        (?, ?, ?, ?, ?, ?, ?, default)
Hibernate: 
    insert 
    into
        seats
        (bus_id, created_at, reserved_booking_id, seat_number, seat_status, seat_type, updated_at, seat_id) 
    values
        (?, ?, ?, ?, ?, ?, ?, default)
2026-06-23T15:49:09.878+05:30 DEBUG 9260 --- [FastX-Test] [           main] org.hibernate.SQL                        : 
    insert 
    into
        seats
        (bus_id, created_at, reserved_booking_id, seat_number, seat_status, seat_type, updated_at, seat_id) 
    values
        (?, ?, ?, ?, ?, ?, ?, default)
Hibernate: 
    insert 
    into
        seats
        (bus_id, created_at, reserved_booking_id, seat_number, seat_status, seat_type, updated_at, seat_id) 
    values
        (?, ?, ?, ?, ?, ?, ?, default)
2026-06-23T15:49:09.879+05:30 DEBUG 9260 --- [FastX-Test] [           main] org.hibernate.SQL                        : 
    insert 
    into
        seats
        (bus_id, created_at, reserved_booking_id, seat_number, seat_status, seat_type, updated_at, seat_id) 
    values
        (?, ?, ?, ?, ?, ?, ?, default)
Hibernate: 
    insert 
    into
        seats
        (bus_id, created_at, reserved_booking_id, seat_number, seat_status, seat_type, updated_at, seat_id) 
    values
        (?, ?, ?, ?, ?, ?, ?, default)
2026-06-23T15:49:09.879+05:30 DEBUG 9260 --- [FastX-Test] [           main] org.hibernate.SQL                        : 
    insert 
    into
        seats
        (bus_id, created_at, reserved_booking_id, seat_number, seat_status, seat_type, updated_at, seat_id) 
    values
        (?, ?, ?, ?, ?, ?, ?, default)
Hibernate: 
    insert 
    into
        seats
        (bus_id, created_at, reserved_booking_id, seat_number, seat_status, seat_type, updated_at, seat_id) 
    values
        (?, ?, ?, ?, ?, ?, ?, default)
2026-06-23T15:49:09.880+05:30 DEBUG 9260 --- [FastX-Test] [           main] org.hibernate.SQL                        : 
    insert 
    into
        seats
        (bus_id, created_at, reserved_booking_id, seat_number, seat_status, seat_type, updated_at, seat_id) 
    values
        (?, ?, ?, ?, ?, ?, ?, default)
Hibernate: 
    insert 
    into
        seats
        (bus_id, created_at, reserved_booking_id, seat_number, seat_status, seat_type, updated_at, seat_id) 
    values
        (?, ?, ?, ?, ?, ?, ?, default)
2026-06-23T15:49:09.881+05:30 DEBUG 9260 --- [FastX-Test] [           main] org.hibernate.SQL                        : 
    insert 
    into
        seats
        (bus_id, created_at, reserved_booking_id, seat_number, seat_status, seat_type, updated_at, seat_id) 
    values
        (?, ?, ?, ?, ?, ?, ?, default)
Hibernate: 
    insert 
    into
        seats
        (bus_id, created_at, reserved_booking_id, seat_number, seat_status, seat_type, updated_at, seat_id) 
    values
        (?, ?, ?, ?, ?, ?, ?, default)
2026-06-23T15:49:09.881+05:30 DEBUG 9260 --- [FastX-Test] [           main] org.hibernate.SQL                        : 
    insert 
    into
        seats
        (bus_id, created_at, reserved_booking_id, seat_number, seat_status, seat_type, updated_at, seat_id) 
    values
        (?, ?, ?, ?, ?, ?, ?, default)
Hibernate: 
    insert 
    into
        seats
        (bus_id, created_at, reserved_booking_id, seat_number, seat_status, seat_type, updated_at, seat_id) 
    values
        (?, ?, ?, ?, ?, ?, ?, default)
2026-06-23T15:49:09.882+05:30 DEBUG 9260 --- [FastX-Test] [           main] org.hibernate.SQL                        : 
    insert 
    into
        seats
        (bus_id, created_at, reserved_booking_id, seat_number, seat_status, seat_type, updated_at, seat_id) 
    values
        (?, ?, ?, ?, ?, ?, ?, default)
Hibernate: 
    insert 
    into
        seats
        (bus_id, created_at, reserved_booking_id, seat_number, seat_status, seat_type, updated_at, seat_id) 
    values
        (?, ?, ?, ?, ?, ?, ?, default)
2026-06-23T15:49:09.883+05:30 DEBUG 9260 --- [FastX-Test] [           main] org.hibernate.SQL                        : 
    insert 
    into
        seats
        (bus_id, created_at, reserved_booking_id, seat_number, seat_status, seat_type, updated_at, seat_id) 
    values
        (?, ?, ?, ?, ?, ?, ?, default)
Hibernate: 
    insert 
    into
        seats
        (bus_id, created_at, reserved_booking_id, seat_number, seat_status, seat_type, updated_at, seat_id) 
    values
        (?, ?, ?, ?, ?, ?, ?, default)
2026-06-23T15:49:09.884+05:30 DEBUG 9260 --- [FastX-Test] [           main] org.hibernate.SQL                        : 
    insert 
    into
        seats
        (bus_id, created_at, reserved_booking_id, seat_number, seat_status, seat_type, updated_at, seat_id) 
    values
        (?, ?, ?, ?, ?, ?, ?, default)
Hibernate: 
    insert 
    into
        seats
        (bus_id, created_at, reserved_booking_id, seat_number, seat_status, seat_type, updated_at, seat_id) 
    values
        (?, ?, ?, ?, ?, ?, ?, default)
2026-06-23T15:49:09.884+05:30 DEBUG 9260 --- [FastX-Test] [           main] org.hibernate.SQL                        : 
    insert 
    into
        seats
        (bus_id, created_at, reserved_booking_id, seat_number, seat_status, seat_type, updated_at, seat_id) 
    values
        (?, ?, ?, ?, ?, ?, ?, default)
Hibernate: 
    insert 
    into
        seats
        (bus_id, created_at, reserved_booking_id, seat_number, seat_status, seat_type, updated_at, seat_id) 
    values
        (?, ?, ?, ?, ?, ?, ?, default)
2026-06-23T15:49:09.885+05:30 DEBUG 9260 --- [FastX-Test] [           main] org.hibernate.SQL                        : 
    insert 
    into
        seats
        (bus_id, created_at, reserved_booking_id, seat_number, seat_status, seat_type, updated_at, seat_id) 
    values
        (?, ?, ?, ?, ?, ?, ?, default)
Hibernate: 
    insert 
    into
        seats
        (bus_id, created_at, reserved_booking_id, seat_number, seat_status, seat_type, updated_at, seat_id) 
    values
        (?, ?, ?, ?, ?, ?, ?, default)
2026-06-23T15:49:09.886+05:30 DEBUG 9260 --- [FastX-Test] [           main] org.hibernate.SQL                        : 
    insert 
    into
        seats
        (bus_id, created_at, reserved_booking_id, seat_number, seat_status, seat_type, updated_at, seat_id) 
    values
        (?, ?, ?, ?, ?, ?, ?, default)
Hibernate: 
    insert 
    into
        seats
        (bus_id, created_at, reserved_booking_id, seat_number, seat_status, seat_type, updated_at, seat_id) 
    values
        (?, ?, ?, ?, ?, ?, ?, default)
2026-06-23T15:49:09.887+05:30 DEBUG 9260 --- [FastX-Test] [           main] org.hibernate.SQL                        : 
    insert 
    into
        seats
        (bus_id, created_at, reserved_booking_id, seat_number, seat_status, seat_type, updated_at, seat_id) 
    values
        (?, ?, ?, ?, ?, ?, ?, default)
Hibernate: 
    insert 
    into
        seats
        (bus_id, created_at, reserved_booking_id, seat_number, seat_status, seat_type, updated_at, seat_id) 
    values
        (?, ?, ?, ?, ?, ?, ?, default)
2026-06-23T15:49:09.888+05:30 DEBUG 9260 --- [FastX-Test] [           main] org.hibernate.SQL                        : 
    insert 
    into
        seats
        (bus_id, created_at, reserved_booking_id, seat_number, seat_status, seat_type, updated_at, seat_id) 
    values
        (?, ?, ?, ?, ?, ?, ?, default)
Hibernate: 
    insert 
    into
        seats
        (bus_id, created_at, reserved_booking_id, seat_number, seat_status, seat_type, updated_at, seat_id) 
    values
        (?, ?, ?, ?, ?, ?, ?, default)
2026-06-23T15:49:09.889+05:30 DEBUG 9260 --- [FastX-Test] [           main] org.hibernate.SQL                        : 
    insert 
    into
        seats
        (bus_id, created_at, reserved_booking_id, seat_number, seat_status, seat_type, updated_at, seat_id) 
    values
        (?, ?, ?, ?, ?, ?, ?, default)
Hibernate: 
    insert 
    into
        seats
        (bus_id, created_at, reserved_booking_id, seat_number, seat_status, seat_type, updated_at, seat_id) 
    values
        (?, ?, ?, ?, ?, ?, ?, default)
2026-06-23T15:49:09.890+05:30 DEBUG 9260 --- [FastX-Test] [           main] org.hibernate.SQL                        : 
    insert 
    into
        seats
        (bus_id, created_at, reserved_booking_id, seat_number, seat_status, seat_type, updated_at, seat_id) 
    values
        (?, ?, ?, ?, ?, ?, ?, default)
Hibernate: 
    insert 
    into
        seats
        (bus_id, created_at, reserved_booking_id, seat_number, seat_status, seat_type, updated_at, seat_id) 
    values
        (?, ?, ?, ?, ?, ?, ?, default)
2026-06-23T15:49:09.891+05:30 DEBUG 9260 --- [FastX-Test] [           main] org.hibernate.SQL                        : 
    insert 
    into
        seats
        (bus_id, created_at, reserved_booking_id, seat_number, seat_status, seat_type, updated_at, seat_id) 
    values
        (?, ?, ?, ?, ?, ?, ?, default)
Hibernate: 
    insert 
    into
        seats
        (bus_id, created_at, reserved_booking_id, seat_number, seat_status, seat_type, updated_at, seat_id) 
    values
        (?, ?, ?, ?, ?, ?, ?, default)
2026-06-23T15:49:09.891+05:30 DEBUG 9260 --- [FastX-Test] [           main] org.hibernate.SQL                        : 
    insert 
    into
        seats
        (bus_id, created_at, reserved_booking_id, seat_number, seat_status, seat_type, updated_at, seat_id) 
    values
        (?, ?, ?, ?, ?, ?, ?, default)
Hibernate: 
    insert 
    into
        seats
        (bus_id, created_at, reserved_booking_id, seat_number, seat_status, seat_type, updated_at, seat_id) 
    values
        (?, ?, ?, ?, ?, ?, ?, default)
2026-06-23T15:49:09.892+05:30 DEBUG 9260 --- [FastX-Test] [           main] org.hibernate.SQL                        : 
    insert 
    into
        seats
        (bus_id, created_at, reserved_booking_id, seat_number, seat_status, seat_type, updated_at, seat_id) 
    values
        (?, ?, ?, ?, ?, ?, ?, default)
Hibernate: 
    insert 
    into
        seats
        (bus_id, created_at, reserved_booking_id, seat_number, seat_status, seat_type, updated_at, seat_id) 
    values
        (?, ?, ?, ?, ?, ?, ?, default)
2026-06-23T15:49:09.892+05:30 DEBUG 9260 --- [FastX-Test] [           main] org.hibernate.SQL                        : 
    insert 
    into
        seats
        (bus_id, created_at, reserved_booking_id, seat_number, seat_status, seat_type, updated_at, seat_id) 
    values
        (?, ?, ?, ?, ?, ?, ?, default)
Hibernate: 
    insert 
    into
        seats
        (bus_id, created_at, reserved_booking_id, seat_number, seat_status, seat_type, updated_at, seat_id) 
    values
        (?, ?, ?, ?, ?, ?, ?, default)
2026-06-23T15:49:09.893+05:30 DEBUG 9260 --- [FastX-Test] [           main] org.hibernate.SQL                        : 
    insert 
    into
        seats
        (bus_id, created_at, reserved_booking_id, seat_number, seat_status, seat_type, updated_at, seat_id) 
    values
        (?, ?, ?, ?, ?, ?, ?, default)
Hibernate: 
    insert 
    into
        seats
        (bus_id, created_at, reserved_booking_id, seat_number, seat_status, seat_type, updated_at, seat_id) 
    values
        (?, ?, ?, ?, ?, ?, ?, default)
2026-06-23T15:49:09.893+05:30 DEBUG 9260 --- [FastX-Test] [           main] org.hibernate.SQL                        : 
    insert 
    into
        seats
        (bus_id, created_at, reserved_booking_id, seat_number, seat_status, seat_type, updated_at, seat_id) 
    values
        (?, ?, ?, ?, ?, ?, ?, default)
Hibernate: 
    insert 
    into
        seats
        (bus_id, created_at, reserved_booking_id, seat_number, seat_status, seat_type, updated_at, seat_id) 
    values
        (?, ?, ?, ?, ?, ?, ?, default)
2026-06-23T15:49:09.894+05:30 DEBUG 9260 --- [FastX-Test] [           main] org.hibernate.SQL                        : 
    insert 
    into
        seats
        (bus_id, created_at, reserved_booking_id, seat_number, seat_status, seat_type, updated_at, seat_id) 
    values
        (?, ?, ?, ?, ?, ?, ?, default)
Hibernate: 
    insert 
    into
        seats
        (bus_id, created_at, reserved_booking_id, seat_number, seat_status, seat_type, updated_at, seat_id) 
    values
        (?, ?, ?, ?, ?, ?, ?, default)
2026-06-23T15:49:09.895+05:30 DEBUG 9260 --- [FastX-Test] [           main] org.hibernate.SQL                        : 
    insert 
    into
        seats
        (bus_id, created_at, reserved_booking_id, seat_number, seat_status, seat_type, updated_at, seat_id) 
    values
        (?, ?, ?, ?, ?, ?, ?, default)
Hibernate: 
    insert 
    into
        seats
        (bus_id, created_at, reserved_booking_id, seat_number, seat_status, seat_type, updated_at, seat_id) 
    values
        (?, ?, ?, ?, ?, ?, ?, default)
2026-06-23T15:49:09.895+05:30 DEBUG 9260 --- [FastX-Test] [           main] org.hibernate.SQL                        : 
    insert 
    into
        seats
        (bus_id, created_at, reserved_booking_id, seat_number, seat_status, seat_type, updated_at, seat_id) 
    values
        (?, ?, ?, ?, ?, ?, ?, default)
Hibernate: 
    insert 
    into
        seats
        (bus_id, created_at, reserved_booking_id, seat_number, seat_status, seat_type, updated_at, seat_id) 
    values
        (?, ?, ?, ?, ?, ?, ?, default)
2026-06-23T15:49:09.896+05:30 DEBUG 9260 --- [FastX-Test] [           main] org.hibernate.SQL                        : 
    insert 
    into
        seats
        (bus_id, created_at, reserved_booking_id, seat_number, seat_status, seat_type, updated_at, seat_id) 
    values
        (?, ?, ?, ?, ?, ?, ?, default)
Hibernate: 
    insert 
    into
        seats
        (bus_id, created_at, reserved_booking_id, seat_number, seat_status, seat_type, updated_at, seat_id) 
    values
        (?, ?, ?, ?, ?, ?, ?, default)
2026-06-23T15:49:09.897+05:30 DEBUG 9260 --- [FastX-Test] [           main] org.hibernate.SQL                        : 
    insert 
    into
        seats
        (bus_id, created_at, reserved_booking_id, seat_number, seat_status, seat_type, updated_at, seat_id) 
    values
        (?, ?, ?, ?, ?, ?, ?, default)
Hibernate: 
    insert 
    into
        seats
        (bus_id, created_at, reserved_booking_id, seat_number, seat_status, seat_type, updated_at, seat_id) 
    values
        (?, ?, ?, ?, ?, ?, ?, default)
2026-06-23T15:49:09.898+05:30 DEBUG 9260 --- [FastX-Test] [           main] org.hibernate.SQL                        : 
    insert 
    into
        seats
        (bus_id, created_at, reserved_booking_id, seat_number, seat_status, seat_type, updated_at, seat_id) 
    values
        (?, ?, ?, ?, ?, ?, ?, default)
Hibernate: 
    insert 
    into
        seats
        (bus_id, created_at, reserved_booking_id, seat_number, seat_status, seat_type, updated_at, seat_id) 
    values
        (?, ?, ?, ?, ?, ?, ?, default)
2026-06-23T15:49:09.898+05:30 DEBUG 9260 --- [FastX-Test] [           main] org.hibernate.SQL                        : 
    insert 
    into
        seats
        (bus_id, created_at, reserved_booking_id, seat_number, seat_status, seat_type, updated_at, seat_id) 
    values
        (?, ?, ?, ?, ?, ?, ?, default)
Hibernate: 
    insert 
    into
        seats
        (bus_id, created_at, reserved_booking_id, seat_number, seat_status, seat_type, updated_at, seat_id) 
    values
        (?, ?, ?, ?, ?, ?, ?, default)
2026-06-23T15:49:09.899+05:30 DEBUG 9260 --- [FastX-Test] [           main] org.hibernate.SQL                        : 
    insert 
    into
        seats
        (bus_id, created_at, reserved_booking_id, seat_number, seat_status, seat_type, updated_at, seat_id) 
    values
        (?, ?, ?, ?, ?, ?, ?, default)
Hibernate: 
    insert 
    into
        seats
        (bus_id, created_at, reserved_booking_id, seat_number, seat_status, seat_type, updated_at, seat_id) 
    values
        (?, ?, ?, ?, ?, ?, ?, default)
2026-06-23T15:49:09.899+05:30 DEBUG 9260 --- [FastX-Test] [           main] org.hibernate.SQL                        : 
    insert 
    into
        seats
        (bus_id, created_at, reserved_booking_id, seat_number, seat_status, seat_type, updated_at, seat_id) 
    values
        (?, ?, ?, ?, ?, ?, ?, default)
Hibernate: 
    insert 
    into
        seats
        (bus_id, created_at, reserved_booking_id, seat_number, seat_status, seat_type, updated_at, seat_id) 
    values
        (?, ?, ?, ?, ?, ?, ?, default)
2026-06-23T15:49:09.900+05:30  INFO 9260 --- [FastX-Test] [           main] c.h.fastx.service.impl.BusServiceImpl    : 40 seats created for Bus ID: 2
2026-06-23T15:49:09.903+05:30 DEBUG 9260 --- [FastX-Test] [           main] org.hibernate.SQL                        : 
    select
        b1_0.bus_id,
        b1_0.arrival_time,
        b1_0.bus_name,
        b1_0.bus_number,
        b1_0.operator_id,
        b1_0.bus_type,
        b1_0.created_at,
        b1_0.departure_time,
        b1_0.destination,
        b1_0.fare,
        b1_0.journey_date,
        b1_0.origin,
        b1_0.total_seats,
        b1_0.updated_at 
    from
        buses b1_0 
    order by
        b1_0.fare 
    fetch
        first ? rows only
Hibernate: 
    select
        b1_0.bus_id,
        b1_0.arrival_time,
        b1_0.bus_name,
        b1_0.bus_number,
        b1_0.operator_id,
        b1_0.bus_type,
        b1_0.created_at,
        b1_0.departure_time,
        b1_0.destination,
        b1_0.fare,
        b1_0.journey_date,
        b1_0.origin,
        b1_0.total_seats,
        b1_0.updated_at 
    from
        buses b1_0 
    order by
        b1_0.fare 
    fetch
        first ? rows only
]]></system-out>
  </testcase>
  <testcase name="testSearchBus" classname="com.hexaware.fastx.service.BusServiceTest" time="0.113">
    <system-out><![CDATA[2026-06-23T15:49:09.968+05:30 DEBUG 9260 --- [FastX-Test] [           main] org.hibernate.SQL                        : 
    insert 
    into
        bus_operators
        (address, company_name, created_at, email, is_active, password, phone_number, updated_at, operator_id) 
    values
        (?, ?, ?, ?, ?, ?, ?, ?, default)
Hibernate: 
    insert 
    into
        bus_operators
        (address, company_name, created_at, email, is_active, password, phone_number, updated_at, operator_id) 
    values
        (?, ?, ?, ?, ?, ?, ?, ?, default)
2026-06-23T15:49:09.969+05:30  INFO 9260 --- [FastX-Test] [           main] c.h.f.s.impl.BusOperatorServiceImpl      : Bus Operator created with ID: 3
2026-06-23T15:49:09.970+05:30 DEBUG 9260 --- [FastX-Test] [           main] org.hibernate.SQL                        : 
    insert 
    into
        buses
        (arrival_time, bus_name, bus_number, operator_id, bus_type, created_at, departure_time, destination, fare, journey_date, origin, total_seats, updated_at, bus_id) 
    values
        (?, ?, ?, ?, ?, ?, ?, ?, ?, ?, ?, ?, ?, default)
Hibernate: 
    insert 
    into
        buses
        (arrival_time, bus_name, bus_number, operator_id, bus_type, created_at, departure_time, destination, fare, journey_date, origin, total_seats, updated_at, bus_id) 
    values
        (?, ?, ?, ?, ?, ?, ?, ?, ?, ?, ?, ?, ?, default)
2026-06-23T15:49:09.971+05:30  INFO 9260 --- [FastX-Test] [           main] c.h.fastx.service.impl.BusServiceImpl    : Bus added with ID: 3
2026-06-23T15:49:09.972+05:30 DEBUG 9260 --- [FastX-Test] [           main] org.hibernate.SQL                        : 
    insert 
    into
        seats
        (bus_id, created_at, reserved_booking_id, seat_number, seat_status, seat_type, updated_at, seat_id) 
    values
        (?, ?, ?, ?, ?, ?, ?, default)
Hibernate: 
    insert 
    into
        seats
        (bus_id, created_at, reserved_booking_id, seat_number, seat_status, seat_type, updated_at, seat_id) 
    values
        (?, ?, ?, ?, ?, ?, ?, default)
2026-06-23T15:49:09.973+05:30 DEBUG 9260 --- [FastX-Test] [           main] org.hibernate.SQL                        : 
    insert 
    into
        seats
        (bus_id, created_at, reserved_booking_id, seat_number, seat_status, seat_type, updated_at, seat_id) 
    values
        (?, ?, ?, ?, ?, ?, ?, default)
Hibernate: 
    insert 
    into
        seats
        (bus_id, created_at, reserved_booking_id, seat_number, seat_status, seat_type, updated_at, seat_id) 
    values
        (?, ?, ?, ?, ?, ?, ?, default)
2026-06-23T15:49:09.974+05:30 DEBUG 9260 --- [FastX-Test] [           main] org.hibernate.SQL                        : 
    insert 
    into
        seats
        (bus_id, created_at, reserved_booking_id, seat_number, seat_status, seat_type, updated_at, seat_id) 
    values
        (?, ?, ?, ?, ?, ?, ?, default)
Hibernate: 
    insert 
    into
        seats
        (bus_id, created_at, reserved_booking_id, seat_number, seat_status, seat_type, updated_at, seat_id) 
    values
        (?, ?, ?, ?, ?, ?, ?, default)
2026-06-23T15:49:09.975+05:30 DEBUG 9260 --- [FastX-Test] [           main] org.hibernate.SQL                        : 
    insert 
    into
        seats
        (bus_id, created_at, reserved_booking_id, seat_number, seat_status, seat_type, updated_at, seat_id) 
    values
        (?, ?, ?, ?, ?, ?, ?, default)
Hibernate: 
    insert 
    into
        seats
        (bus_id, created_at, reserved_booking_id, seat_number, seat_status, seat_type, updated_at, seat_id) 
    values
        (?, ?, ?, ?, ?, ?, ?, default)
2026-06-23T15:49:09.976+05:30 DEBUG 9260 --- [FastX-Test] [           main] org.hibernate.SQL                        : 
    insert 
    into
        seats
        (bus_id, created_at, reserved_booking_id, seat_number, seat_status, seat_type, updated_at, seat_id) 
    values
        (?, ?, ?, ?, ?, ?, ?, default)
Hibernate: 
    insert 
    into
        seats
        (bus_id, created_at, reserved_booking_id, seat_number, seat_status, seat_type, updated_at, seat_id) 
    values
        (?, ?, ?, ?, ?, ?, ?, default)
2026-06-23T15:49:09.976+05:30 DEBUG 9260 --- [FastX-Test] [           main] org.hibernate.SQL                        : 
    insert 
    into
        seats
        (bus_id, created_at, reserved_booking_id, seat_number, seat_status, seat_type, updated_at, seat_id) 
    values
        (?, ?, ?, ?, ?, ?, ?, default)
Hibernate: 
    insert 
    into
        seats
        (bus_id, created_at, reserved_booking_id, seat_number, seat_status, seat_type, updated_at, seat_id) 
    values
        (?, ?, ?, ?, ?, ?, ?, default)
2026-06-23T15:49:09.977+05:30 DEBUG 9260 --- [FastX-Test] [           main] org.hibernate.SQL                        : 
    insert 
    into
        seats
        (bus_id, created_at, reserved_booking_id, seat_number, seat_status, seat_type, updated_at, seat_id) 
    values
        (?, ?, ?, ?, ?, ?, ?, default)
Hibernate: 
    insert 
    into
        seats
        (bus_id, created_at, reserved_booking_id, seat_number, seat_status, seat_type, updated_at, seat_id) 
    values
        (?, ?, ?, ?, ?, ?, ?, default)
2026-06-23T15:49:09.978+05:30 DEBUG 9260 --- [FastX-Test] [           main] org.hibernate.SQL                        : 
    insert 
    into
        seats
        (bus_id, created_at, reserved_booking_id, seat_number, seat_status, seat_type, updated_at, seat_id) 
    values
        (?, ?, ?, ?, ?, ?, ?, default)
Hibernate: 
    insert 
    into
        seats
        (bus_id, created_at, reserved_booking_id, seat_number, seat_status, seat_type, updated_at, seat_id) 
    values
        (?, ?, ?, ?, ?, ?, ?, default)
2026-06-23T15:49:09.979+05:30 DEBUG 9260 --- [FastX-Test] [           main] org.hibernate.SQL                        : 
    insert 
    into
        seats
        (bus_id, created_at, reserved_booking_id, seat_number, seat_status, seat_type, updated_at, seat_id) 
    values
        (?, ?, ?, ?, ?, ?, ?, default)
Hibernate: 
    insert 
    into
        seats
        (bus_id, created_at, reserved_booking_id, seat_number, seat_status, seat_type, updated_at, seat_id) 
    values
        (?, ?, ?, ?, ?, ?, ?, default)
2026-06-23T15:49:09.979+05:30 DEBUG 9260 --- [FastX-Test] [           main] org.hibernate.SQL                        : 
    insert 
    into
        seats
        (bus_id, created_at, reserved_booking_id, seat_number, seat_status, seat_type, updated_at, seat_id) 
    values
        (?, ?, ?, ?, ?, ?, ?, default)
Hibernate: 
    insert 
    into
        seats
        (bus_id, created_at, reserved_booking_id, seat_number, seat_status, seat_type, updated_at, seat_id) 
    values
        (?, ?, ?, ?, ?, ?, ?, default)
2026-06-23T15:49:09.980+05:30 DEBUG 9260 --- [FastX-Test] [           main] org.hibernate.SQL                        : 
    insert 
    into
        seats
        (bus_id, created_at, reserved_booking_id, seat_number, seat_status, seat_type, updated_at, seat_id) 
    values
        (?, ?, ?, ?, ?, ?, ?, default)
Hibernate: 
    insert 
    into
        seats
        (bus_id, created_at, reserved_booking_id, seat_number, seat_status, seat_type, updated_at, seat_id) 
    values
        (?, ?, ?, ?, ?, ?, ?, default)
2026-06-23T15:49:09.981+05:30 DEBUG 9260 --- [FastX-Test] [           main] org.hibernate.SQL                        : 
    insert 
    into
        seats
        (bus_id, created_at, reserved_booking_id, seat_number, seat_status, seat_type, updated_at, seat_id) 
    values
        (?, ?, ?, ?, ?, ?, ?, default)
Hibernate: 
    insert 
    into
        seats
        (bus_id, created_at, reserved_booking_id, seat_number, seat_status, seat_type, updated_at, seat_id) 
    values
        (?, ?, ?, ?, ?, ?, ?, default)
2026-06-23T15:49:09.982+05:30 DEBUG 9260 --- [FastX-Test] [           main] org.hibernate.SQL                        : 
    insert 
    into
        seats
        (bus_id, created_at, reserved_booking_id, seat_number, seat_status, seat_type, updated_at, seat_id) 
    values
        (?, ?, ?, ?, ?, ?, ?, default)
Hibernate: 
    insert 
    into
        seats
        (bus_id, created_at, reserved_booking_id, seat_number, seat_status, seat_type, updated_at, seat_id) 
    values
        (?, ?, ?, ?, ?, ?, ?, default)
2026-06-23T15:49:09.983+05:30 DEBUG 9260 --- [FastX-Test] [           main] org.hibernate.SQL                        : 
    insert 
    into
        seats
        (bus_id, created_at, reserved_booking_id, seat_number, seat_status, seat_type, updated_at, seat_id) 
    values
        (?, ?, ?, ?, ?, ?, ?, default)
Hibernate: 
    insert 
    into
        seats
        (bus_id, created_at, reserved_booking_id, seat_number, seat_status, seat_type, updated_at, seat_id) 
    values
        (?, ?, ?, ?, ?, ?, ?, default)
2026-06-23T15:49:09.984+05:30 DEBUG 9260 --- [FastX-Test] [           main] org.hibernate.SQL                        : 
    insert 
    into
        seats
        (bus_id, created_at, reserved_booking_id, seat_number, seat_status, seat_type, updated_at, seat_id) 
    values
        (?, ?, ?, ?, ?, ?, ?, default)
Hibernate: 
    insert 
    into
        seats
        (bus_id, created_at, reserved_booking_id, seat_number, seat_status, seat_type, updated_at, seat_id) 
    values
        (?, ?, ?, ?, ?, ?, ?, default)
2026-06-23T15:49:09.985+05:30 DEBUG 9260 --- [FastX-Test] [           main] org.hibernate.SQL                        : 
    insert 
    into
        seats
        (bus_id, created_at, reserved_booking_id, seat_number, seat_status, seat_type, updated_at, seat_id) 
    values
        (?, ?, ?, ?, ?, ?, ?, default)
Hibernate: 
    insert 
    into
        seats
[...]
        (?, ?, ?, ?, ?, ?, ?, default)
2026-06-23T15:49:10.691+05:30 DEBUG 9260 --- [FastX-Test] [           main] org.hibernate.SQL                        : 
    insert 
    into
        seats
        (bus_id, created_at, reserved_booking_id, seat_number, seat_status, seat_type, updated_at, seat_id) 
    values
        (?, ?, ?, ?, ?, ?, ?, default)
Hibernate: 
    insert 
    into
        seats
        (bus_id, created_at, reserved_booking_id, seat_number, seat_status, seat_type, updated_at, seat_id) 
    values
        (?, ?, ?, ?, ?, ?, ?, default)
2026-06-23T15:49:10.692+05:30 DEBUG 9260 --- [FastX-Test] [           main] org.hibernate.SQL                        : 
    insert 
    into
        seats
        (bus_id, created_at, reserved_booking_id, seat_number, seat_status, seat_type, updated_at, seat_id) 
    values
        (?, ?, ?, ?, ?, ?, ?, default)
Hibernate: 
    insert 
    into
        seats
        (bus_id, created_at, reserved_booking_id, seat_number, seat_status, seat_type, updated_at, seat_id) 
    values
        (?, ?, ?, ?, ?, ?, ?, default)
2026-06-23T15:49:10.692+05:30 DEBUG 9260 --- [FastX-Test] [           main] org.hibernate.SQL                        : 
    insert 
    into
        seats
        (bus_id, created_at, reserved_booking_id, seat_number, seat_status, seat_type, updated_at, seat_id) 
    values
        (?, ?, ?, ?, ?, ?, ?, default)
Hibernate: 
    insert 
    into
        seats
        (bus_id, created_at, reserved_booking_id, seat_number, seat_status, seat_type, updated_at, seat_id) 
    values
        (?, ?, ?, ?, ?, ?, ?, default)
2026-06-23T15:49:10.692+05:30 DEBUG 9260 --- [FastX-Test] [           main] org.hibernate.SQL                        : 
    insert 
    into
        seats
        (bus_id, created_at, reserved_booking_id, seat_number, seat_status, seat_type, updated_at, seat_id) 
    values
        (?, ?, ?, ?, ?, ?, ?, default)
Hibernate: 
    insert 
    into
        seats
        (bus_id, created_at, reserved_booking_id, seat_number, seat_status, seat_type, updated_at, seat_id) 
    values
        (?, ?, ?, ?, ?, ?, ?, default)
2026-06-23T15:49:10.692+05:30 DEBUG 9260 --- [FastX-Test] [           main] org.hibernate.SQL                        : 
    insert 
    into
        seats
        (bus_id, created_at, reserved_booking_id, seat_number, seat_status, seat_type, updated_at, seat_id) 
    values
        (?, ?, ?, ?, ?, ?, ?, default)
Hibernate: 
    insert 
    into
        seats
        (bus_id, created_at, reserved_booking_id, seat_number, seat_status, seat_type, updated_at, seat_id) 
    values
        (?, ?, ?, ?, ?, ?, ?, default)
2026-06-23T15:49:10.693+05:30 DEBUG 9260 --- [FastX-Test] [           main] org.hibernate.SQL                        : 
    insert 
    into
        seats
        (bus_id, created_at, reserved_booking_id, seat_number, seat_status, seat_type, updated_at, seat_id) 
    values
        (?, ?, ?, ?, ?, ?, ?, default)
Hibernate: 
    insert 
    into
        seats
        (bus_id, created_at, reserved_booking_id, seat_number, seat_status, seat_type, updated_at, seat_id) 
    values
        (?, ?, ?, ?, ?, ?, ?, default)
2026-06-23T15:49:10.693+05:30 DEBUG 9260 --- [FastX-Test] [           main] org.hibernate.SQL                        : 
    insert 
    into
        seats
        (bus_id, created_at, reserved_booking_id, seat_number, seat_status, seat_type, updated_at, seat_id) 
    values
        (?, ?, ?, ?, ?, ?, ?, default)
Hibernate: 
    insert 
    into
        seats
        (bus_id, created_at, reserved_booking_id, seat_number, seat_status, seat_type, updated_at, seat_id) 
    values
        (?, ?, ?, ?, ?, ?, ?, default)
2026-06-23T15:49:10.693+05:30 DEBUG 9260 --- [FastX-Test] [           main] org.hibernate.SQL                        : 
    insert 
    into
        seats
        (bus_id, created_at, reserved_booking_id, seat_number, seat_status, seat_type, updated_at, seat_id) 
    values
        (?, ?, ?, ?, ?, ?, ?, default)
Hibernate: 
    insert 
    into
        seats
        (bus_id, created_at, reserved_booking_id, seat_number, seat_status, seat_type, updated_at, seat_id) 
    values
        (?, ?, ?, ?, ?, ?, ?, default)
2026-06-23T15:49:10.694+05:30 DEBUG 9260 --- [FastX-Test] [           main] org.hibernate.SQL                        : 
    insert 
    into
        seats
        (bus_id, created_at, reserved_booking_id, seat_number, seat_status, seat_type, updated_at, seat_id) 
    values
        (?, ?, ?, ?, ?, ?, ?, default)
Hibernate: 
    insert 
    into
        seats
        (bus_id, created_at, reserved_booking_id, seat_number, seat_status, seat_type, updated_at, seat_id) 
    values
        (?, ?, ?, ?, ?, ?, ?, default)
2026-06-23T15:49:10.694+05:30 DEBUG 9260 --- [FastX-Test] [           main] org.hibernate.SQL                        : 
    insert 
    into
        seats
        (bus_id, created_at, reserved_booking_id, seat_number, seat_status, seat_type, updated_at, seat_id) 
    values
        (?, ?, ?, ?, ?, ?, ?, default)
Hibernate: 
    insert 
    into
        seats
        (bus_id, created_at, reserved_booking_id, seat_number, seat_status, seat_type, updated_at, seat_id) 
    values
        (?, ?, ?, ?, ?, ?, ?, default)
2026-06-23T15:49:10.695+05:30 DEBUG 9260 --- [FastX-Test] [           main] org.hibernate.SQL                        : 
    insert 
    into
        seats
        (bus_id, created_at, reserved_booking_id, seat_number, seat_status, seat_type, updated_at, seat_id) 
    values
        (?, ?, ?, ?, ?, ?, ?, default)
Hibernate: 
    insert 
    into
        seats
        (bus_id, created_at, reserved_booking_id, seat_number, seat_status, seat_type, updated_at, seat_id) 
    values
        (?, ?, ?, ?, ?, ?, ?, default)
2026-06-23T15:49:10.695+05:30 DEBUG 9260 --- [FastX-Test] [           main] org.hibernate.SQL                        : 
    insert 
    into
        seats
        (bus_id, created_at, reserved_booking_id, seat_number, seat_status, seat_type, updated_at, seat_id) 
    values
        (?, ?, ?, ?, ?, ?, ?, default)
Hibernate: 
    insert 
    into
        seats
        (bus_id, created_at, reserved_booking_id, seat_number, seat_status, seat_type, updated_at, seat_id) 
    values
        (?, ?, ?, ?, ?, ?, ?, default)
2026-06-23T15:49:10.695+05:30 DEBUG 9260 --- [FastX-Test] [           main] org.hibernate.SQL                        : 
    insert 
    into
        seats
        (bus_id, created_at, reserved_booking_id, seat_number, seat_status, seat_type, updated_at, seat_id) 
    values
        (?, ?, ?, ?, ?, ?, ?, default)
Hibernate: 
    insert 
    into
        seats
        (bus_id, created_at, reserved_booking_id, seat_number, seat_status, seat_type, updated_at, seat_id) 
    values
        (?, ?, ?, ?, ?, ?, ?, default)
2026-06-23T15:49:10.695+05:30 DEBUG 9260 --- [FastX-Test] [           main] org.hibernate.SQL                        : 
    insert 
    into
        seats
        (bus_id, created_at, reserved_booking_id, seat_number, seat_status, seat_type, updated_at, seat_id) 
    values
        (?, ?, ?, ?, ?, ?, ?, default)
Hibernate: 
    insert 
    into
        seats
        (bus_id, created_at, reserved_booking_id, seat_number, seat_status, seat_type, updated_at, seat_id) 
    values
        (?, ?, ?, ?, ?, ?, ?, default)
2026-06-23T15:49:10.696+05:30 DEBUG 9260 --- [FastX-Test] [           main] org.hibernate.SQL                        : 
    insert 
    into
        seats
        (bus_id, created_at, reserved_booking_id, seat_number, seat_status, seat_type, updated_at, seat_id) 
    values
        (?, ?, ?, ?, ?, ?, ?, default)
Hibernate: 
    insert 
    into
        seats
        (bus_id, created_at, reserved_booking_id, seat_number, seat_status, seat_type, updated_at, seat_id) 
    values
        (?, ?, ?, ?, ?, ?, ?, default)
2026-06-23T15:49:10.696+05:30 DEBUG 9260 --- [FastX-Test] [           main] org.hibernate.SQL                        : 
    insert 
    into
        seats
        (bus_id, created_at, reserved_booking_id, seat_number, seat_status, seat_type, updated_at, seat_id) 
    values
        (?, ?, ?, ?, ?, ?, ?, default)
Hibernate: 
    insert 
    into
        seats
        (bus_id, created_at, reserved_booking_id, seat_number, seat_status, seat_type, updated_at, seat_id) 
    values
        (?, ?, ?, ?, ?, ?, ?, default)
2026-06-23T15:49:10.697+05:30 DEBUG 9260 --- [FastX-Test] [           main] org.hibernate.SQL                        : 
    insert 
    into
        seats
        (bus_id, created_at, reserved_booking_id, seat_number, seat_status, seat_type, updated_at, seat_id) 
    values
        (?, ?, ?, ?, ?, ?, ?, default)
Hibernate: 
    insert 
    into
        seats
        (bus_id, created_at, reserved_booking_id, seat_number, seat_status, seat_type, updated_at, seat_id) 
    values
        (?, ?, ?, ?, ?, ?, ?, default)
2026-06-23T15:49:10.697+05:30 DEBUG 9260 --- [FastX-Test] [           main] org.hibernate.SQL                        : 
    insert 
    into
        seats
        (bus_id, created_at, reserved_booking_id, seat_number, seat_status, seat_type, updated_at, seat_id) 
    values
        (?, ?, ?, ?, ?, ?, ?, default)
Hibernate: 
    insert 
    into
        seats
        (bus_id, created_at, reserved_booking_id, seat_number, seat_status, seat_type, updated_at, seat_id) 
    values
        (?, ?, ?, ?, ?, ?, ?, default)
2026-06-23T15:49:10.697+05:30 DEBUG 9260 --- [FastX-Test] [           main] org.hibernate.SQL                        : 
    insert 
    into
        seats
        (bus_id, created_at, reserved_booking_id, seat_number, seat_status, seat_type, updated_at, seat_id) 
    values
        (?, ?, ?, ?, ?, ?, ?, default)
Hibernate: 
    insert 
    into
        seats
        (bus_id, created_at, reserved_booking_id, seat_number, seat_status, seat_type, updated_at, seat_id) 
    values
        (?, ?, ?, ?, ?, ?, ?, default)
2026-06-23T15:49:10.697+05:30 DEBUG 9260 --- [FastX-Test] [           main] org.hibernate.SQL                        : 
    insert 
    into
        seats
        (bus_id, created_at, reserved_booking_id, seat_number, seat_status, seat_type, updated_at, seat_id) 
    values
        (?, ?, ?, ?, ?, ?, ?, default)
Hibernate: 
    insert 
    into
        seats
        (bus_id, created_at, reserved_booking_id, seat_number, seat_status, seat_type, updated_at, seat_id) 
    values
        (?, ?, ?, ?, ?, ?, ?, default)
2026-06-23T15:49:10.698+05:30 DEBUG 9260 --- [FastX-Test] [           main] org.hibernate.SQL                        : 
    insert 
    into
        seats
        (bus_id, created_at, reserved_booking_id, seat_number, seat_status, seat_type, updated_at, seat_id) 
    values
        (?, ?, ?, ?, ?, ?, ?, default)
Hibernate: 
    insert 
    into
        seats
        (bus_id, created_at, reserved_booking_id, seat_number, seat_status, seat_type, updated_at, seat_id) 
    values
        (?, ?, ?, ?, ?, ?, ?, default)
2026-06-23T15:49:10.698+05:30 DEBUG 9260 --- [FastX-Test] [           main] org.hibernate.SQL                        : 
    insert 
    into
        seats
        (bus_id, created_at, reserved_booking_id, seat_number, seat_status, seat_type, updated_at, seat_id) 
    values
        (?, ?, ?, ?, ?, ?, ?, default)
Hibernate: 
    insert 
    into
        seats
        (bus_id, created_at, reserved_booking_id, seat_number, seat_status, seat_type, updated_at, seat_id) 
    values
        (?, ?, ?, ?, ?, ?, ?, default)
2026-06-23T15:49:10.698+05:30 DEBUG 9260 --- [FastX-Test] [           main] org.hibernate.SQL                        : 
    insert 
    into
        seats
        (bus_id, created_at, reserved_booking_id, seat_number, seat_status, seat_type, updated_at, seat_id) 
    values
        (?, ?, ?, ?, ?, ?, ?, default)
Hibernate: 
    insert 
    into
        seats
        (bus_id, created_at, reserved_booking_id, seat_number, seat_status, seat_type, updated_at, seat_id) 
    values
        (?, ?, ?, ?, ?, ?, ?, default)
2026-06-23T15:49:10.699+05:30 DEBUG 9260 --- [FastX-Test] [           main] org.hibernate.SQL                        : 
    insert 
    into
        seats
        (bus_id, created_at, reserved_booking_id, seat_number, seat_status, seat_type, updated_at, seat_id) 
    values
        (?, ?, ?, ?, ?, ?, ?, default)
Hibernate: 
    insert 
    into
        seats
        (bus_id, created_at, reserved_booking_id, seat_number, seat_status, seat_type, updated_at, seat_id) 
    values
        (?, ?, ?, ?, ?, ?, ?, default)
2026-06-23T15:49:10.699+05:30 DEBUG 9260 --- [FastX-Test] [           main] org.hibernate.SQL                        : 
    insert 
    into
        seats
        (bus_id, created_at, reserved_booking_id, seat_number, seat_status, seat_type, updated_at, seat_id) 
    values
        (?, ?, ?, ?, ?, ?, ?, default)
Hibernate: 
    insert 
    into
        seats
        (bus_id, created_at, reserved_booking_id, seat_number, seat_status, seat_type, updated_at, seat_id) 
    values
        (?, ?, ?, ?, ?, ?, ?, default)
2026-06-23T15:49:10.699+05:30 DEBUG 9260 --- [FastX-Test] [           main] org.hibernate.SQL                        : 
    insert 
    into
        seats
        (bus_id, created_at, reserved_booking_id, seat_number, seat_status, seat_type, updated_at, seat_id) 
    values
        (?, ?, ?, ?, ?, ?, ?, default)
Hibernate: 
    insert 
    into
        seats
        (bus_id, created_at, reserved_booking_id, seat_number, seat_status, seat_type, updated_at, seat_id) 
    values
        (?, ?, ?, ?, ?, ?, ?, default)
2026-06-23T15:49:10.700+05:30 DEBUG 9260 --- [FastX-Test] [           main] org.hibernate.SQL                        : 
    insert 
    into
        seats
        (bus_id, created_at, reserved_booking_id, seat_number, seat_status, seat_type, updated_at, seat_id) 
    values
        (?, ?, ?, ?, ?, ?, ?, default)
Hibernate: 
    insert 
    into
        seats
        (bus_id, created_at, reserved_booking_id, seat_number, seat_status, seat_type, updated_at, seat_id) 
    values
        (?, ?, ?, ?, ?, ?, ?, default)
2026-06-23T15:49:10.700+05:30 DEBUG 9260 --- [FastX-Test] [           main] org.hibernate.SQL                        : 
    insert 
    into
        seats
        (bus_id, created_at, reserved_booking_id, seat_number, seat_status, seat_type, updated_at, seat_id) 
    values
        (?, ?, ?, ?, ?, ?, ?, default)
Hibernate: 
    insert 
    into
        seats
        (bus_id, created_at, reserved_booking_id, seat_number, seat_status, seat_type, updated_at, seat_id) 
    values
        (?, ?, ?, ?, ?, ?, ?, default)
2026-06-23T15:49:10.701+05:30 DEBUG 9260 --- [FastX-Test] [           main] org.hibernate.SQL                        : 
    insert 
    into
        seats
        (bus_id, created_at, reserved_booking_id, seat_number, seat_status, seat_type, updated_at, seat_id) 
    values
        (?, ?, ?, ?, ?, ?, ?, default)
Hibernate: 
    insert 
    into
        seats
        (bus_id, created_at, reserved_booking_id, seat_number, seat_status, seat_type, updated_at, seat_id) 
    values
        (?, ?, ?, ?, ?, ?, ?, default)
2026-06-23T15:49:10.701+05:30 DEBUG 9260 --- [FastX-Test] [           main] org.hibernate.SQL                        : 
    insert 
    into
        seats
        (bus_id, created_at, reserved_booking_id, seat_number, seat_status, seat_type, updated_at, seat_id) 
    values
        (?, ?, ?, ?, ?, ?, ?, default)
Hibernate: 
    insert 
    into
        seats
        (bus_id, created_at, reserved_booking_id, seat_number, seat_status, seat_type, updated_at, seat_id) 
    values
        (?, ?, ?, ?, ?, ?, ?, default)
2026-06-23T15:49:10.701+05:30 DEBUG 9260 --- [FastX-Test] [           main] org.hibernate.SQL                        : 
    insert 
    into
        seats
        (bus_id, created_at, reserved_booking_id, seat_number, seat_status, seat_type, updated_at, seat_id) 
    values
        (?, ?, ?, ?, ?, ?, ?, default)
Hibernate: 
    insert 
    into
        seats
        (bus_id, created_at, reserved_booking_id, seat_number, seat_status, seat_type, updated_at, seat_id) 
    values
        (?, ?, ?, ?, ?, ?, ?, default)
2026-06-23T15:49:10.702+05:30 DEBUG 9260 --- [FastX-Test] [           main] org.hibernate.SQL                        : 
    insert 
    into
        seats
        (bus_id, created_at, reserved_booking_id, seat_number, seat_status, seat_type, updated_at, seat_id) 
    values
        (?, ?, ?, ?, ?, ?, ?, default)
Hibernate: 
    insert 
    into
        seats
        (bus_id, created_at, reserved_booking_id, seat_number, seat_status, seat_type, updated_at, seat_id) 
    values
        (?, ?, ?, ?, ?, ?, ?, default)
2026-06-23T15:49:10.702+05:30 DEBUG 9260 --- [FastX-Test] [           main] org.hibernate.SQL                        : 
    insert 
    into
        seats
        (bus_id, created_at, reserved_booking_id, seat_number, seat_status, seat_type, updated_at, seat_id) 
    values
        (?, ?, ?, ?, ?, ?, ?, default)
Hibernate: 
    insert 
    into
        seats
        (bus_id, created_at, reserved_booking_id, seat_number, seat_status, seat_type, updated_at, seat_id) 
    values
        (?, ?, ?, ?, ?, ?, ?, default)
2026-06-23T15:49:10.702+05:30 DEBUG 9260 --- [FastX-Test] [           main] org.hibernate.SQL                        : 
    insert 
    into
        seats
        (bus_id, created_at, reserved_booking_id, seat_number, seat_status, seat_type, updated_at, seat_id) 
    values
        (?, ?, ?, ?, ?, ?, ?, default)
Hibernate: 
    insert 
    into
        seats
        (bus_id, created_at, reserved_booking_id, seat_number, seat_status, seat_type, updated_at, seat_id) 
    values
        (?, ?, ?, ?, ?, ?, ?, default)
2026-06-23T15:49:10.702+05:30 DEBUG 9260 --- [FastX-Test] [           main] org.hibernate.SQL                        : 
    insert 
    into
        seats
        (bus_id, created_at, reserved_booking_id, seat_number, seat_status, seat_type, updated_at, seat_id) 
    values
        (?, ?, ?, ?, ?, ?, ?, default)
Hibernate: 
    insert 
    into
        seats
        (bus_id, created_at, reserved_booking_id, seat_number, seat_status, seat_type, updated_at, seat_id) 
    values
        (?, ?, ?, ?, ?, ?, ?, default)
2026-06-23T15:49:10.703+05:30 DEBUG 9260 --- [FastX-Test] [           main] org.hibernate.SQL                        : 
    insert 
    into
        seats
        (bus_id, created_at, reserved_booking_id, seat_number, seat_status, seat_type, updated_at, seat_id) 
    values
        (?, ?, ?, ?, ?, ?, ?, default)
Hibernate: 
    insert 
    into
        seats
        (bus_id, created_at, reserved_booking_id, seat_number, seat_status, seat_type, updated_at, seat_id) 
    values
        (?, ?, ?, ?, ?, ?, ?, default)
2026-06-23T15:49:10.703+05:30 DEBUG 9260 --- [FastX-Test] [           main] org.hibernate.SQL                        : 
    insert 
    into
        seats
        (bus_id, created_at, reserved_booking_id, seat_number, seat_status, seat_type, updated_at, seat_id) 
    values
        (?, ?, ?, ?, ?, ?, ?, default)
Hibernate: 
    insert 
    into
        seats
        (bus_id, created_at, reserved_booking_id, seat_number, seat_status, seat_type, updated_at, seat_id) 
    values
        (?, ?, ?, ?, ?, ?, ?, default)
2026-06-23T15:49:10.703+05:30 DEBUG 9260 --- [FastX-Test] [           main] org.hibernate.SQL                        : 
    insert 
    into
        seats
        (bus_id, created_at, reserved_booking_id, seat_number, seat_status, seat_type, updated_at, seat_id) 
    values
        (?, ?, ?, ?, ?, ?, ?, default)
Hibernate: 
    insert 
    into
        seats
        (bus_id, created_at, reserved_booking_id, seat_number, seat_status, seat_type, updated_at, seat_id) 
    values
        (?, ?, ?, ?, ?, ?, ?, default)
2026-06-23T15:49:10.703+05:30  INFO 9260 --- [FastX-Test] [           main] c.h.fastx.service.impl.BusServiceImpl    : 40 seats created for Bus ID: 11
]]></system-out>
  </testcase>
</testsuite>