<?xml version="1.0" encoding="UTF-8"?>
<testsuite xmlns:xsi="http://www.w3.org/2001/XMLSchema-instance" xsi:noNamespaceSchemaLocation="https://maven.apache.org/surefire/maven-surefire-plugin/xsd/surefire-test-report.xsd" version="3.0.2" name="com.hexaware.fastx.service.UserServiceTest" time="0.502" tests="9" errors="0" skipped="0" failures="0" flakes="0">
  <properties>
[...]
</properties>
  <testcase name="testGetUserByEmail" classname="com.hexaware.fastx.service.UserServiceTest" time="0.064">
    <system-out><![CDATA[2026-06-23T15:49:13.346+05:30  INFO 9260 --- [FastX-Test] [           main] t.c.s.AnnotationConfigContextLoaderUtils : Could not detect default configuration classes for test class [com.hexaware.fastx.service.UserServiceTest]: UserServiceTest does not declare any static, non-private, non-final, nested classes annotated with @Configuration.
2026-06-23T15:49:13.347+05:30  INFO 9260 --- [FastX-Test] [           main] .b.t.c.SpringBootTestContextBootstrapper : Found @SpringBootConfiguration com.hexaware.fastx.FastXApplication for test class com.hexaware.fastx.service.UserServiceTest
2026-06-23T15:49:13.350+05:30 DEBUG 9260 --- [FastX-Test] [           main] org.hibernate.SQL                        : 
    insert 
    into
        roles
        (created_at, role_name, updated_at, role_id) 
    values
        (?, ?, ?, default)
Hibernate: 
    insert 
    into
        roles
        (created_at, role_name, updated_at, role_id) 
    values
        (?, ?, ?, default)
2026-06-23T15:49:13.351+05:30  INFO 9260 --- [FastX-Test] [           main] c.h.fastx.service.impl.RoleServiceImpl   : Role created with ID: 26
2026-06-23T15:49:13.352+05:30 DEBUG 9260 --- [FastX-Test] [           main] org.hibernate.SQL                        : 
    select
        u1_0.user_id 
    from
        users u1_0 
    where
        u1_0.email=? 
    fetch
        first ? rows only
Hibernate: 
    select
        u1_0.user_id 
    from
        users u1_0 
    where
        u1_0.email=? 
    fetch
        first ? rows only
2026-06-23T15:49:13.407+05:30 DEBUG 9260 --- [FastX-Test] [           main] org.hibernate.SQL                        : 
    insert 
    into
        users
        (address, created_at, email, full_name, gender, is_active, password, phone_number, role_id, updated_at, user_id) 
    values
        (?, ?, ?, ?, ?, ?, ?, ?, ?, ?, default)
Hibernate: 
    insert 
    into
        users
        (address, created_at, email, full_name, gender, is_active, password, phone_number, role_id, updated_at, user_id) 
    values
        (?, ?, ?, ?, ?, ?, ?, ?, ?, ?, default)
2026-06-23T15:49:13.407+05:30  INFO 9260 --- [FastX-Test] [           main] c.h.fastx.service.impl.UserServiceImpl   : User created with ID: 20
2026-06-23T15:49:13.409+05:30 DEBUG 9260 --- [FastX-Test] [           main] org.hibernate.SQL                        : 
    select
        u1_0.user_id,
        u1_0.address,
        u1_0.created_at,
        u1_0.email,
        u1_0.full_name,
        u1_0.gender,
        u1_0.is_active,
        u1_0.password,
        u1_0.phone_number,
        u1_0.role_id,
        u1_0.updated_at 
    from
        users u1_0 
    where
        u1_0.email=?
Hibernate: 
    select
        u1_0.user_id,
        u1_0.address,
        u1_0.created_at,
        u1_0.email,
        u1_0.full_name,
        u1_0.gender,
        u1_0.is_active,
        u1_0.password,
        u1_0.phone_number,
        u1_0.role_id,
        u1_0.updated_at 
    from
        users u1_0 
    where
        u1_0.email=?
]]></system-out>
  </testcase>
  <testcase name="testGetAllUsers" classname="com.hexaware.fastx.service.UserServiceTest" time="0.063">
    <system-out><![CDATA[2026-06-23T15:49:13.414+05:30 DEBUG 9260 --- [FastX-Test] [           main] org.hibernate.SQL                        : 
    insert 
    into
        roles
        (created_at, role_name, updated_at, role_id) 
    values
        (?, ?, ?, default)
Hibernate: 
    insert 
    into
        roles
        (created_at, role_name, updated_at, role_id) 
    values
        (?, ?, ?, default)
2026-06-23T15:49:13.415+05:30  INFO 9260 --- [FastX-Test] [           main] c.h.fastx.service.impl.RoleServiceImpl   : Role created with ID: 27
2026-06-23T15:49:13.416+05:30 DEBUG 9260 --- [FastX-Test] [           main] org.hibernate.SQL                        : 
    select
        u1_0.user_id 
    from
        users u1_0 
    where
        u1_0.email=? 
    fetch
        first ? rows only
Hibernate: 
    select
        u1_0.user_id 
    from
        users u1_0 
    where
        u1_0.email=? 
    fetch
        first ? rows only
2026-06-23T15:49:13.471+05:30 DEBUG 9260 --- [FastX-Test] [           main] org.hibernate.SQL                        : 
    insert 
    into
        users
        (address, created_at, email, full_name, gender, is_active, password, phone_number, role_id, updated_at, user_id) 
    values
        (?, ?, ?, ?, ?, ?, ?, ?, ?, ?, default)
Hibernate: 
    insert 
    into
        users
        (address, created_at, email, full_name, gender, is_active, password, phone_number, role_id, updated_at, user_id) 
    values
        (?, ?, ?, ?, ?, ?, ?, ?, ?, ?, default)
2026-06-23T15:49:13.472+05:30  INFO 9260 --- [FastX-Test] [           main] c.h.fastx.service.impl.UserServiceImpl   : User created with ID: 21
2026-06-23T15:49:13.473+05:30 DEBUG 9260 --- [FastX-Test] [           main] org.hibernate.SQL                        : 
    select
        u1_0.user_id,
        u1_0.address,
        u1_0.created_at,
        u1_0.email,
        u1_0.full_name,
        u1_0.gender,
        u1_0.is_active,
        u1_0.password,
        u1_0.phone_number,
        u1_0.role_id,
        u1_0.updated_at 
    from
        users u1_0
Hibernate: 
    select
        u1_0.user_id,
        u1_0.address,
        u1_0.created_at,
        u1_0.email,
        u1_0.full_name,
        u1_0.gender,
        u1_0.is_active,
        u1_0.password,
        u1_0.phone_number,
        u1_0.role_id,
        u1_0.updated_at 
    from
        users u1_0
]]></system-out>
  </testcase>
  <testcase name="testUpdateUser" classname="com.hexaware.fastx.service.UserServiceTest" time="0.06">
    <system-out><![CDATA[2026-06-23T15:49:13.477+05:30 DEBUG 9260 --- [FastX-Test] [           main] org.hibernate.SQL                        : 
    insert 
    into
        roles
        (created_at, role_name, updated_at, role_id) 
    values
        (?, ?, ?, default)
Hibernate: 
    insert 
    into
        roles
        (created_at, role_name, updated_at, role_id) 
    values
        (?, ?, ?, default)
2026-06-23T15:49:13.477+05:30  INFO 9260 --- [FastX-Test] [           main] c.h.fastx.service.impl.RoleServiceImpl   : Role created with ID: 28
2026-06-23T15:49:13.478+05:30 DEBUG 9260 --- [FastX-Test] [           main] org.hibernate.SQL                        : 
    select
        u1_0.user_id 
    from
        users u1_0 
    where
        u1_0.email=? 
    fetch
        first ? rows only
Hibernate: 
    select
        u1_0.user_id 
    from
        users u1_0 
    where
        u1_0.email=? 
    fetch
        first ? rows only
2026-06-23T15:49:13.533+05:30 DEBUG 9260 --- [FastX-Test] [           main] org.hibernate.SQL                        : 
    insert 
    into
        users
        (address, created_at, email, full_name, gender, is_active, password, phone_number, role_id, updated_at, user_id) 
    values
        (?, ?, ?, ?, ?, ?, ?, ?, ?, ?, default)
Hibernate: 
    insert 
    into
        users
        (address, created_at, email, full_name, gender, is_active, password, phone_number, role_id, updated_at, user_id) 
    values
        (?, ?, ?, ?, ?, ?, ?, ?, ?, ?, default)
2026-06-23T15:49:13.533+05:30  INFO 9260 --- [FastX-Test] [           main] c.h.fastx.service.impl.UserServiceImpl   : User created with ID: 22
2026-06-23T15:49:13.534+05:30  INFO 9260 --- [FastX-Test] [           main] c.h.fastx.service.impl.UserServiceImpl   : User updated with ID: 22
]]></system-out>
  </testcase>
  <testcase name="testSearchUsersByName" classname="com.hexaware.fastx.service.UserServiceTest" time="0.062">
    <system-out><![CDATA[2026-06-23T15:49:13.538+05:30 DEBUG 9260 --- [FastX-Test] [           main] org.hibernate.SQL                        : 
    insert 
    into
        roles
        (created_at, role_name, updated_at, role_id) 
    values
        (?, ?, ?, default)
Hibernate: 
    insert 
    into
        roles
        (created_at, role_name, updated_at, role_id) 
    values
        (?, ?, ?, default)
2026-06-23T15:49:13.538+05:30  INFO 9260 --- [FastX-Test] [           main] c.h.fastx.service.impl.RoleServiceImpl   : Role created with ID: 29
2026-06-23T15:49:13.539+05:30 DEBUG 9260 --- [FastX-Test] [           main] org.hibernate.SQL                        : 
    select
        u1_0.user_id 
    from
        users u1_0 
    where
        u1_0.email=? 
    fetch
        first ? rows only
Hibernate: 
    select
        u1_0.user_id 
    from
        users u1_0 
    where
        u1_0.email=? 
    fetch
        first ? rows only
2026-06-23T15:49:13.593+05:30 DEBUG 9260 --- [FastX-Test] [           main] org.hibernate.SQL                        : 
    insert 
    into
        users
        (address, created_at, email, full_name, gender, is_active, password, phone_number, role_id, updated_at, user_id) 
    values
        (?, ?, ?, ?, ?, ?, ?, ?, ?, ?, default)
Hibernate: 
    insert 
    into
        users
        (address, created_at, email, full_name, gender, is_active, password, phone_number, role_id, updated_at, user_id) 
    values
        (?, ?, ?, ?, ?, ?, ?, ?, ?, ?, default)
2026-06-23T15:49:13.594+05:30  INFO 9260 --- [FastX-Test] [           main] c.h.fastx.service.impl.UserServiceImpl   : User created with ID: 23
2026-06-23T15:49:13.595+05:30 DEBUG 9260 --- [FastX-Test] [           main] org.hibernate.SQL                        : 
    select
        u1_0.user_id,
        u1_0.address,
        u1_0.created_at,
        u1_0.email,
        u1_0.full_name,
        u1_0.gender,
        u1_0.is_active,
        u1_0.password,
        u1_0.phone_number,
        u1_0.role_id,
        u1_0.updated_at 
    from
        users u1_0 
    where
        upper(u1_0.full_name) like upper(?) escape '\'
Hibernate: 
    select
        u1_0.user_id,
        u1_0.address,
        u1_0.created_at,
        u1_0.email,
        u1_0.full_name,
        u1_0.gender,
        u1_0.is_active,
        u1_0.password,
        u1_0.phone_number,
        u1_0.role_id,
        u1_0.updated_at 
    from
        users u1_0 
    where
        upper(u1_0.full_name) like upper(?) escape '\'
]]></system-out>
  </testcase>
  <testcase name="testCreateUser" classname="com.hexaware.fastx.service.UserServiceTest" time="0.06">
    <system-out><![CDATA[2026-06-23T15:49:13.600+05:30 DEBUG 9260 --- [FastX-Test] [           main] org.hibernate.SQL                        : 
    insert 
    into
        roles
        (created_at, role_name, updated_at, role_id) 
    values
        (?, ?, ?, default)
Hibernate: 
    insert 
    into
        roles
        (created_at, role_name, updated_at, role_id) 
    values
        (?, ?, ?, default)
2026-06-23T15:49:13.600+05:30  INFO 9260 --- [FastX-Test] [           main] c.h.fastx.service.impl.RoleServiceImpl   : Role created with ID: 30
2026-06-23T15:49:13.601+05:30 DEBUG 9260 --- [FastX-Test] [           main] org.hibernate.SQL                        : 
    select
        u1_0.user_id 
    from
        users u1_0 
    where
        u1_0.email=? 
    fetch
        first ? rows only
Hibernate: 
    select
        u1_0.user_id 
    from
        users u1_0 
    where
        u1_0.email=? 
    fetch
        first ? rows only
2026-06-23T15:49:13.656+05:30 DEBUG 9260 --- [FastX-Test] [           main] org.hibernate.SQL                        : 
    insert 
    into
        users
        (address, created_at, email, full_name, gender, is_active, password, phone_number, role_id, updated_at, user_id) 
    values
        (?, ?, ?, ?, ?, ?, ?, ?, ?, ?, default)
Hibernate: 
    insert 
    into
        users
        (address, created_at, email, full_name, gender, is_active, password, phone_number, role_id, updated_at, user_id) 
    values
        (?, ?, ?, ?, ?, ?, ?, ?, ?, ?, default)
2026-06-23T15:49:13.656+05:30  INFO 9260 --- [FastX-Test] [           main] c.h.fastx.service.impl.UserServiceImpl   : User created with ID: 24
]]></system-out>
  </testcase>
  <testcase name="testGetBookingHistory" classname="com.hexaware.fastx.service.UserServiceTest" time="0.061">
    <system-out><![CDATA[2026-06-23T15:49:13.660+05:30 DEBUG 9260 --- [FastX-Test] [           main] org.hibernate.SQL                        : 
    insert 
    into
        roles
        (created_at, role_name, updated_at, role_id) 
    values
        (?, ?, ?, default)
Hibernate: 
    insert 
    into
        roles
        (created_at, role_name, updated_at, role_id) 
    values
        (?, ?, ?, default)
2026-06-23T15:49:13.661+05:30  INFO 9260 --- [FastX-Test] [           main] c.h.fastx.service.impl.RoleServiceImpl   : Role created with ID: 31
2026-06-23T15:49:13.662+05:30 DEBUG 9260 --- [FastX-Test] [           main] org.hibernate.SQL                        : 
    select
        u1_0.user_id 
    from
        users u1_0 
    where
        u1_0.email=? 
    fetch
        first ? rows only
Hibernate: 
    select
        u1_0.user_id 
    from
        users u1_0 
    where
        u1_0.email=? 
    fetch
        first ? rows only
2026-06-23T15:49:13.716+05:30 DEBUG 9260 --- [FastX-Test] [           main] org.hibernate.SQL                        : 
    insert 
    into
        users
        (address, created_at, email, full_name, gender, is_active, password, phone_number, role_id, updated_at, user_id) 
    values
        (?, ?, ?, ?, ?, ?, ?, ?, ?, ?, default)
Hibernate: 
    insert 
    into
        users
        (address, created_at, email, full_name, gender, is_active, password, phone_number, role_id, updated_at, user_id) 
    values
        (?, ?, ?, ?, ?, ?, ?, ?, ?, ?, default)
2026-06-23T15:49:13.717+05:30  INFO 9260 --- [FastX-Test] [           main] c.h.fastx.service.impl.UserServiceImpl   : User created with ID: 25
2026-06-23T15:49:13.718+05:30 DEBUG 9260 --- [FastX-Test] [           main] org.hibernate.SQL                        : 
    select
        b1_0.booking_id,
        b1_0.booking_date,
        b1_0.booking_status,
        b1_0.bus_id,
        b1_0.created_at,
        b1_0.reservation_expires_at,
        b1_0.total_amount,
        b1_0.updated_at,
        b1_0.user_id 
    from
        bookings b1_0 
    where
        b1_0.user_id=?
Hibernate: 
    select
        b1_0.booking_id,
        b1_0.booking_date,
        b1_0.booking_status,
        b1_0.bus_id,
        b1_0.created_at,
        b1_0.reservation_expires_at,
        b1_0.total_amount,
        b1_0.updated_at,
        b1_0.user_id 
    from
        bookings b1_0 
    where
        b1_0.user_id=?
]]></system-out>
  </testcase>
  <testcase name="testDeleteUser" classname="com.hexaware.fastx.service.UserServiceTest" time="0.06">
    <system-out><![CDATA[2026-06-23T15:49:13.723+05:30 DEBUG 9260 --- [FastX-Test] [           main] org.hibernate.SQL                        : 
    insert 
    into
        roles
        (created_at, role_name, updated_at, role_id) 
    values
        (?, ?, ?, default)
Hibernate: 
    insert 
    into
        roles
        (created_at, role_name, updated_at, role_id) 
    values
        (?, ?, ?, default)
2026-06-23T15:49:13.723+05:30  INFO 9260 --- [FastX-Test] [           main] c.h.fastx.service.impl.RoleServiceImpl   : Role created with ID: 32
2026-06-23T15:49:13.724+05:30 DEBUG 9260 --- [FastX-Test] [           main] org.hibernate.SQL                        : 
    select
        u1_0.user_id 
    from
        users u1_0 
    where
        u1_0.email=? 
    fetch
        first ? rows only
Hibernate: 
    select
        u1_0.user_id 
    from
        users u1_0 
    where
        u1_0.email=? 
    fetch
        first ? rows only
2026-06-23T15:49:13.778+05:30 DEBUG 9260 --- [FastX-Test] [           main] org.hibernate.SQL                        : 
    insert 
    into
        users
        (address, created_at, email, full_name, gender, is_active, password, phone_number, role_id, updated_at, user_id) 
    values
        (?, ?, ?, ?, ?, ?, ?, ?, ?, ?, default)
Hibernate: 
    insert 
    into
        users
        (address, created_at, email, full_name, gender, is_active, password, phone_number, role_id, updated_at, user_id) 
    values
        (?, ?, ?, ?, ?, ?, ?, ?, ?, ?, default)
2026-06-23T15:49:13.778+05:30  INFO 9260 --- [FastX-Test] [           main] c.h.fastx.service.impl.UserServiceImpl   : User created with ID: 26
2026-06-23T15:49:13.779+05:30  INFO 9260 --- [FastX-Test] [           main] c.h.fastx.service.impl.UserServiceImpl   : User deleted with ID: 26
]]></system-out>
  </testcase>
  <testcase name="testGetUserById" classname="com.hexaware.fastx.service.UserServiceTest" time="0.06">
    <system-out><![CDATA[2026-06-23T15:49:13.783+05:30 DEBUG 9260 --- [FastX-Test] [           main] org.hibernate.SQL                        : 
    insert 
    into
        roles
        (created_at, role_name, updated_at, role_id) 
    values
        (?, ?, ?, default)
Hibernate: 
    insert 
    into
        roles
        (created_at, role_name, updated_at, role_id) 
    values
        (?, ?, ?, default)
2026-06-23T15:49:13.783+05:30  INFO 9260 --- [FastX-Test] [           main] c.h.fastx.service.impl.RoleServiceImpl   : Role created with ID: 33
2026-06-23T15:49:13.784+05:30 DEBUG 9260 --- [FastX-Test] [           main] org.hibernate.SQL                        : 
    select
        u1_0.user_id 
    from
        users u1_0 
    where
        u1_0.email=? 
    fetch
        first ? rows only
Hibernate: 
    select
        u1_0.user_id 
    from
        users u1_0 
    where
        u1_0.email=? 
    fetch
        first ? rows only
2026-06-23T15:49:13.839+05:30 DEBUG 9260 --- [FastX-Test] [           main] org.hibernate.SQL                        : 
    insert 
    into
        users
        (address, created_at, email, full_name, gender, is_active, password, phone_number, role_id, updated_at, user_id) 
    values
        (?, ?, ?, ?, ?, ?, ?, ?, ?, ?, default)
Hibernate: 
    insert 
    into
        users
        (address, created_at, email, full_name, gender, is_active, password, phone_number, role_id, updated_at, user_id) 
    values
        (?, ?, ?, ?, ?, ?, ?, ?, ?, ?, default)
2026-06-23T15:49:13.839+05:30  INFO 9260 --- [FastX-Test] [           main] c.h.fastx.service.impl.UserServiceImpl   : User created with ID: 27
]]></system-out>
  </testcase>
  <testcase name="testGetActiveUsers" classname="com.hexaware.fastx.service.UserServiceTest" time="0.004">
    <system-out><![CDATA[2026-06-23T15:49:13.844+05:30 DEBUG 9260 --- [FastX-Test] [           main] org.hibernate.SQL                        : 
    select
        u1_0.user_id,
        u1_0.address,
        u1_0.created_at,
        u1_0.email,
        u1_0.full_name,
        u1_0.gender,
        u1_0.is_active,
        u1_0.password,
        u1_0.phone_number,
        u1_0.role_id,
        u1_0.updated_at 
    from
        users u1_0 
    where
        u1_0.is_active
Hibernate: 
    select
        u1_0.user_id,
        u1_0.address,
        u1_0.created_at,
        u1_0.email,
        u1_0.full_name,
        u1_0.gender,
        u1_0.is_active,
        u1_0.password,
        u1_0.phone_number,
        u1_0.role_id,
        u1_0.updated_at 
    from
        users u1_0 
    where
        u1_0.is_active
]]></system-out>
  </testcase>
</testsuite>