<?xml version="1.0" encoding="UTF-8"?>
<testsuite xmlns:xsi="http://www.w3.org/2001/XMLSchema-instance" xsi:noNamespaceSchemaLocation="https://maven.apache.org/surefire/maven-surefire-plugin/xsd/surefire-test-report.xsd" version="3.0.2" name="com.hexaware.fastx.service.PaymentServiceTest" time="0.588" tests="4" errors="0" skipped="0" failures="0" flakes="0">
  <properties>
[...]
</properties>
  <testcase name="testProcessPayment" classname="com.hexaware.fastx.service.PaymentServiceTest" time="0.164">
    <system-out><![CDATA[2026-06-23T15:49:10.712+05:30  INFO 9260 --- [FastX-Test] [           main] t.c.s.AnnotationConfigContextLoaderUtils : Could not detect default configuration classes for test class [com.hexaware.fastx.service.PaymentServiceTest]: PaymentServiceTest does not declare any static, non-private, non-final, nested classes annotated with @Configuration.
2026-06-23T15:49:10.714+05:30  INFO 9260 --- [FastX-Test] [           main] .b.t.c.SpringBootTestContextBootstrapper : Found @SpringBootConfiguration com.hexaware.fastx.FastXApplication for test class com.hexaware.fastx.service.PaymentServiceTest
2026-06-23T15:49:10.723+05:30 DEBUG 9260 --- [FastX-Test] [           main] org.hibernate.SQL                        : 
    insert 
    into
        roles
        (created_at, role_name, updated_at, role_id) 
    values
        (?, ?, ?, default)
Hibernate: 
    insert 
    into
        roles
        (created_at, role_name, updated_at, role_id) 
    values
        (?, ?, ?, default)
2026-06-23T15:49:10.724+05:30  INFO 9260 --- [FastX-Test] [           main] c.h.fastx.service.impl.RoleServiceImpl   : Role created with ID: 1
2026-06-23T15:49:10.727+05:30 DEBUG 9260 --- [FastX-Test] [           main] org.hibernate.SQL                        : 
    select
        u1_0.user_id 
    from
        users u1_0 
    where
        u1_0.email=? 
    fetch
        first ? rows only
Hibernate: 
    select
        u1_0.user_id 
    from
        users u1_0 
    where
        u1_0.email=? 
    fetch
        first ? rows only
2026-06-23T15:49:10.785+05:30 DEBUG 9260 --- [FastX-Test] [           main] org.hibernate.SQL                        : 
    insert 
    into
        users
        (address, created_at, email, full_name, gender, is_active, password, phone_number, role_id, updated_at, user_id) 
    values
        (?, ?, ?, ?, ?, ?, ?, ?, ?, ?, default)
Hibernate: 
    insert 
    into
        users
        (address, created_at, email, full_name, gender, is_active, password, phone_number, role_id, updated_at, user_id) 
    values
        (?, ?, ?, ?, ?, ?, ?, ?, ?, ?, default)
2026-06-23T15:49:10.786+05:30  INFO 9260 --- [FastX-Test] [           main] c.h.fastx.service.impl.UserServiceImpl   : User created with ID: 1
2026-06-23T15:49:10.840+05:30 DEBUG 9260 --- [FastX-Test] [           main] org.hibernate.SQL                        : 
    insert 
    into
        bus_operators
        (address, company_name, created_at, email, is_active, password, phone_number, updated_at, operator_id) 
    values
        (?, ?, ?, ?, ?, ?, ?, ?, default)
Hibernate: 
    insert 
    into
        bus_operators
        (address, company_name, created_at, email, is_active, password, phone_number, updated_at, operator_id) 
    values
        (?, ?, ?, ?, ?, ?, ?, ?, default)
2026-06-23T15:49:10.840+05:30  INFO 9260 --- [FastX-Test] [           main] c.h.f.s.impl.BusOperatorServiceImpl      : Bus Operator created with ID: 12
2026-06-23T15:49:10.841+05:30 DEBUG 9260 --- [FastX-Test] [           main] org.hibernate.SQL                        : 
    insert 
    into
        buses
        (arrival_time, bus_name, bus_number, operator_id, bus_type, created_at, departure_time, destination, fare, journey_date, origin, total_seats, updated_at, bus_id) 
    values
        (?, ?, ?, ?, ?, ?, ?, ?, ?, ?, ?, ?, ?, default)
Hibernate: 
    insert 
    into
        buses
        (arrival_time, bus_name, bus_number, operator_id, bus_type, created_at, departure_time, destination, fare, journey_date, origin, total_seats, updated_at, bus_id) 
    values
        (?, ?, ?, ?, ?, ?, ?, ?, ?, ?, ?, ?, ?, default)
2026-06-23T15:49:10.841+05:30  INFO 9260 --- [FastX-Test] [           main] c.h.fastx.service.impl.BusServiceImpl    : Bus added with ID: 12
2026-06-23T15:49:10.841+05:30 DEBUG 9260 --- [FastX-Test] [           main] org.hibernate.SQL                        : 
    insert 
    into
        seats
        (bus_id, created_at, reserved_booking_id, seat_number, seat_status, seat_type, updated_at, seat_id) 
    values
        (?, ?, ?, ?, ?, ?, ?, default)
Hibernate: 
    insert 
    into
        seats
        (bus_id, created_at, reserved_booking_id, seat_number, seat_status, seat_type, updated_at, seat_id) 
    values
        (?, ?, ?, ?, ?, ?, ?, default)
2026-06-23T15:49:10.842+05:30 DEBUG 9260 --- [FastX-Test] [           main] org.hibernate.SQL                        : 
    insert 
    into
        seats
        (bus_id, created_at, reserved_booking_id, seat_number, seat_status, seat_type, updated_at, seat_id) 
    values
        (?, ?, ?, ?, ?, ?, ?, default)
Hibernate: 
    insert 
    into
        seats
        (bus_id, created_at, reserved_booking_id, seat_number, seat_status, seat_type, updated_at, seat_id) 
    values
        (?, ?, ?, ?, ?, ?, ?, default)
2026-06-23T15:49:10.842+05:30 DEBUG 9260 --- [FastX-Test] [           main] org.hibernate.SQL                        : 
    insert 
    into
        seats
        (bus_id, created_at, reserved_booking_id, seat_number, seat_status, seat_type, updated_at, seat_id) 
    values
        (?, ?, ?, ?, ?, ?, ?, default)
Hibernate: 
    insert 
    into
        seats
        (bus_id, created_at, reserved_booking_id, seat_number, seat_status, seat_type, updated_at, seat_id) 
    values
        (?, ?, ?, ?, ?, ?, ?, default)
2026-06-23T15:49:10.842+05:30 DEBUG 9260 --- [FastX-Test] [           main] org.hibernate.SQL                        : 
    insert 
    into
        seats
        (bus_id, created_at, reserved_booking_id, seat_number, seat_status, seat_type, updated_at, seat_id) 
    values
        (?, ?, ?, ?, ?, ?, ?, default)
Hibernate: 
    insert 
    into
        seats
        (bus_id, created_at, reserved_booking_id, seat_number, seat_status, seat_type, updated_at, seat_id) 
    values
        (?, ?, ?, ?, ?, ?, ?, default)
2026-06-23T15:49:10.843+05:30 DEBUG 9260 --- [FastX-Test] [           main] org.hibernate.SQL                        : 
    insert 
    into
        seats
        (bus_id, created_at, reserved_booking_id, seat_number, seat_status, seat_type, updated_at, seat_id) 
    values
        (?, ?, ?, ?, ?, ?, ?, default)
Hibernate: 
    insert 
    into
        seats
        (bus_id, created_at, reserved_booking_id, seat_number, seat_status, seat_type, updated_at, seat_id) 
    values
        (?, ?, ?, ?, ?, ?, ?, default)
2026-06-23T15:49:10.843+05:30 DEBUG 9260 --- [FastX-Test] [           main] org.hibernate.SQL                        : 
    insert 
    into
        seats
        (bus_id, created_at, reserved_booking_id, seat_number, seat_status, seat_type, updated_at, seat_id) 
    values
        (?, ?, ?, ?, ?, ?, ?, default)
Hibernate: 
    insert 
    into
        seats
        (bus_id, created_at, reserved_booking_id, seat_number, seat_status, seat_type, updated_at, seat_id) 
    values
        (?, ?, ?, ?, ?, ?, ?, default)
2026-06-23T15:49:10.843+05:30 DEBUG 9260 --- [FastX-Test] [           main] org.hibernate.SQL                        : 
    insert 
    into
        seats
        (bus_id, created_at, reserved_booking_id, seat_number, seat_status, seat_type, updated_at, seat_id) 
    values
        (?, ?, ?, ?, ?, ?, ?, default)
Hibernate: 
    insert 
    into
        seats
        (bus_id, created_at, reserved_booking_id, seat_number, seat_status, seat_type, updated_at, seat_id) 
    values
        (?, ?, ?, ?, ?, ?, ?, default)
2026-06-23T15:49:10.843+05:30 DEBUG 9260 --- [FastX-Test] [           main] org.hibernate.SQL                        : 
    insert 
    into
        seats
        (bus_id, created_at, reserved_booking_id, seat_number, seat_status, seat_type, updated_at, seat_id) 
    values
        (?, ?, ?, ?, ?, ?, ?, default)
Hibernate: 
    insert 
    into
        seats
        (bus_id, created_at, reserved_booking_id, seat_number, seat_status, seat_type, updated_at, seat_id) 
    values
        (?, ?, ?, ?, ?, ?, ?, default)
2026-06-23T15:49:10.844+05:30 DEBUG 9260 --- [FastX-Test] [           main] org.hibernate.SQL                        : 
    insert 
    into
        seats
        (bus_id, created_at, reserved_booking_id, seat_number, seat_status, seat_type, updated_at, seat_id) 
    values
        (?, ?, ?, ?, ?, ?, ?, default)
Hibernate: 
    insert 
    into
        seats
        (bus_id, created_at, reserved_booking_id, seat_number, seat_status, seat_type, updated_at, seat_id) 
    values
        (?, ?, ?, ?, ?, ?, ?, default)
2026-06-23T15:49:10.844+05:30 DEBUG 9260 --- [FastX-Test] [           main] org.hibernate.SQL                        : 
    insert 
    into
        seats
        (bus_id, created_at, reserved_booking_id, seat_number, seat_status, seat_type, updated_at, seat_id) 
    values
        (?, ?, ?, ?, ?, ?, ?, default)
Hibernate: 
    insert 
    into
        seats
        (bus_id, created_at, reserved_booking_id, seat_number, seat_status, seat_type, updated_at, seat_id) 
    values
        (?, ?, ?, ?, ?, ?, ?, default)
2026-06-23T15:49:10.844+05:30 DEBUG 9260 --- [FastX-Test] [           main] org.hibernate.SQL                        : 
    insert 
    into
        seats
        (bus_id, created_at, reserved_booking_id, seat_number, seat_status, seat_type, updated_at, seat_id) 
    values
        (?, ?, ?, ?, ?, ?, ?, default)
Hibernate: 
    insert 
    into
        seats
        (bus_id, created_at, reserved_booking_id, seat_number, seat_status, seat_type, updated_at, seat_id) 
    values
        (?, ?, ?, ?, ?, ?, ?, default)
2026-06-23T15:49:10.845+05:30 DEBUG 9260 --- [FastX-Test] [           main] org.hibernate.SQL                        : 
    insert 
    into
        seats
        (bus_id, created_at, reserved_booking_id, seat_number, seat_status, seat_type, updated_at, seat_id) 
    values
        (?, ?, ?, ?, ?, ?, ?, default)
Hibernate: 
    insert 
    into
        seats
        (bus_id, created_at, reserved_booking_id, seat_number, seat_status, seat_type, updated_at, seat_id) 
    values
        (?, ?, ?, ?, ?, ?, ?, default)
2026-06-23T15:49:10.845+05:30 DEBUG 9260 --- [FastX-Test] [           main] org.hibernate.SQL                        : 
    insert 
    into
        seats
        (bus_id, created_at, reserved_booking_id, seat_number, seat_status, seat_type, updated_at, seat_id) 
    values
        (?, ?, ?, ?, ?, ?, ?, default)
Hibernate: 
    insert 
    into
        seats
        (bus_id, created_at, reserved_booking_id, seat_number, seat_status, seat_type, updated_at, seat_id) 
    values
        (?, ?, ?, ?, ?, ?, ?, default)
2026-06-23T15:49:10.846+05:30 DEBUG 9260 --- [FastX-Test] [           main] org.hibernate.SQL                        : 
    insert 
    into
        seats
        (bus_id, created_at, reserved_booking_id, seat_number, seat_status, seat_type, updated_at, seat_id) 
    values
        (?, ?, ?, ?, ?, ?, ?, default)
Hibernate: 
    insert 
    into
        seats
        (bus_id, created_at, reserved_booking_id, seat_number, seat_status, seat_type, updated_at, seat_id) 
    values
        (?, ?, ?, ?, ?, ?, ?, default)
2026-06-23T15:49:10.846+05:30 DEBUG 9260 --- [FastX-Test] [           main] org.hibernate.SQL                        : 
    insert 
    into
        seats
        (bus_id, created_at, reserved_booking_id, seat_number, seat_status, seat_type, updated_at, seat_id) 
    values
        (?, ?, ?, ?, ?, ?, ?, default)
Hibernate: 
    insert 
    into
        seats
        (bus_id, created_at, reserved_booking_id, seat_number, seat_status, seat_type, updated_at, seat_id) 
    values
        (?, ?, ?, ?, ?, ?, ?, default)
2026-06-23T15:49:10.846+05:30 DEBUG 9260 --- [FastX-Test] [           main] org.hibernate.SQL                        : 
    insert 
    into
        seats
        (bus_id, created_at, reserved_booking_id, seat_number, seat_status, seat_type, updated_at, seat_id) 
    values
        (?, ?, ?, ?, ?, ?, ?, default)
Hibernate: 
    insert 
    into
        seats
        (bus_id, created_at, reserved_booking_id, seat_number, seat_status, seat_type, updated_at, seat_id) 
    values
        (?, ?, ?, ?, ?, ?, ?, default)
2026-06-23T15:49:10.847+05:30 DEBUG 9260 --- [FastX-Test] [           main] org.hibernate.SQL                        : 
    insert 
    into
        seats
        (bus_id, created_at, reserved_booking_id, seat_number, seat_status, seat_type, updated_at, seat_id) 
    values
        (?, ?, ?, ?, ?, ?, ?, default)
Hibernate: 
    insert 
    into
        seats
        (bus_id, created_at, reserved_booking_id, seat_number, seat_status, seat_type, updated_at, seat_id) 
    values
        (?, ?, ?, ?, ?, ?, ?, default)
2026-06-23T15:49:10.847+05:30 DEBUG 9260 --- [FastX-Test] [           main] org.hibernate.SQL                        : 
    insert 
    into
        seats
        (bus_id, created_at, reserved_booking_id, seat_number, seat_status, seat_type, updated_at, seat_id) 
    values
        (?, ?, ?, ?, ?, ?, ?, default)
Hibernate: 
    insert 
    into
        seats
        (bus_id, created_at, reserved_booking_id, seat_number, seat_status, seat_type, updated_at, seat_id) 
    values
        (?, ?, ?, ?, ?, ?, ?, default)
2026-06-23T15:49:10.848+05:30 DEBUG 9260 --- [FastX-Test] [           main] org.hibernate.SQL                        : 
    insert 
    into
        seats
        (bus_id, created_at, reserved_booking_id, seat_number, seat_status, seat_type, updated_at, seat_id) 
    values
        (?, ?, ?, ?, ?, ?, ?, default)
Hibernate: 
    insert 
    into
        seats
        (bus_id, created_at, reserved_booking_id, seat_number, seat_status, seat_type, updated_at, seat_id) 
    values
        (?, ?, ?, ?, ?, ?, ?, default)
2026-06-23T15:49:10.848+05:30 DEBUG 9260 --- [FastX-Test] [           main] org.hibernate.SQL                        : 
    insert 
    into
        seats
        (bus_id, created_at, reserved_booking_id, seat_number, seat_status, seat_type, updated_at, seat_id) 
    values
        (?, ?, ?, ?, ?, ?, ?, default)
Hibernate: 
    insert 
    into
        seats
        (bus_id, created_at, reserved_booking_id, seat_number, seat_status, seat_type, updated_at, seat_id) 
    values
        (?, ?, ?, ?, ?, ?, ?, default)
2026-06-23T15:49:10.848+05:30 DEBUG 9260 --- [FastX-Test] [           main] org.hibernate.SQL                        : 
    insert 
    into
        seats
        (bus_id, created_at, reserved_booking_id, seat_number, seat_status, seat_type, updated_at, seat_id) 
    values
        (?, ?, ?, ?, ?, ?, ?, default)
Hibernate: 
    insert 
    into
        seats
        (bus_id, created_at, reserved_booking_id, seat_number, seat_status, seat_type, updated_at, seat_id) 
    values
        (?, ?, ?, ?, ?, ?, ?, default)
2026-06-23T15:49:10.848+05:30 DEBUG 9260 --- [FastX-Test] [           main] org.hibernate.SQL                        : 
    insert 
    into
        seats
        (bus_id, created_at, reserved_booking_id, seat_number, seat_status, seat_type, updated_at, seat_id) 
    values
        (?, ?, ?, ?, ?, ?, ?, default)
Hibernate: 
    insert 
    into
        seats
        (bus_id, created_at, reserved_booking_id, seat_number, seat_status, seat_type, updated_at, seat_id) 
    values
        (?, ?, ?, ?, ?, ?, ?, default)
2026-06-23T15:49:10.849+05:30 DEBUG 9260 --- [FastX-Test] [           main] org.hibernate.SQL                        : 
    insert 
    into
        seats
        (bus_id, created_at, reserved_booking_id, seat_number, seat_status, seat_type, updated_at, seat_id) 
    values
        (?, ?, ?, ?, ?, ?, ?, default)
Hibernate: 
    insert 
    into
        seats
        (bus_id, created_at, reserved_booking_id, seat_number, seat_status, seat_type, updated_at, seat_id) 
    values
        (?, ?, ?, ?, ?, ?, ?, default)
2026-06-23T15:49:10.849+05:30 DEBUG 9260 --- [FastX-Test] [           main] org.hibernate.SQL                        : 
    insert 
    into
        seats
        (bus_id, created_at, reserved_booking_id, seat_number, seat_status, seat_type, updated_at, seat_id) 
    values
        (?, ?, ?, ?, ?, ?, ?, default)
Hibernate: 
    insert 
    into
        seats
        (bus_id, created_at, reserved_booking_id, seat_number, seat_status, seat_type, updated_at, seat_id) 
    values
        (?, ?, ?, ?, ?, ?, ?, default)
2026-06-23T15:49:10.849+05:30 DEBUG 9260 --- [FastX-Test] [           main] org.hibernate.SQL                        : 
    insert 
    into
        seats
        (bus_id, created_at, reserved_booking_id, seat_number, seat_status, seat_type, updated_at, seat_id) 
    values
        (?, ?, ?, ?, ?, ?, ?, default)
Hibernate: 
    insert 
    into
        seats
        (bus_id, created_at, reserved_booking_id, seat_number, seat_status, seat_type, updated_at, seat_id) 
    values
        (?, ?, ?, ?, ?, ?, ?, default)
2026-06-23T15:49:10.849+05:30 DEBUG 9260 --- [FastX-Test] [           main] org.hibernate.SQL                        : 
    insert 
    into
        seats
        (bus_id, created_at, reserved_booking_id, seat_number, seat_status, seat_type, updated_at, seat_id) 
    values
        (?, ?, ?, ?, ?, ?, ?, default)
Hibernate: 
    insert 
    into
        seats
        (bus_id, created_at, reserved_booking_id, seat_number, seat_status, seat_type, updated_at, seat_id) 
    values
        (?, ?, ?, ?, ?, ?, ?, default)
2026-06-23T15:49:10.850+05:30 DEBUG 9260 --- [FastX-Test] [           main] org.hibernate.SQL                        : 
    insert 
    into
        seats
        (bus_id, created_at, reserved_booking_id, seat_number, seat_status, seat_type, updated_at, seat_id) 
    values
        (?, ?, ?, ?, ?, ?, ?, default)
Hibernate: 
    insert 
    into
        seats
        (bus_id, created_at, reserved_booking_id, seat_number, seat_status, seat_type, updated_at, seat_id) 
    values
        (?, ?, ?, ?, ?, ?, ?, default)
2026-06-23T15:49:10.850+05:30 DEBUG 9260 --- [FastX-Test] [           main] org.hibernate.SQL                        : 
    insert 
    into
        seats
        (bus_id, created_at, reserved_booking_id, seat_number, seat_status, seat_type, updated_at, seat_id) 
    values
        (?, ?, ?, ?, ?, ?, ?, default)
Hibernate: 
    insert 
    into
        seats
        (bus_id, created_at, reserved_booking_id, seat_number, seat_status, seat_type, updated_at, seat_id) 
    values
        (?, ?, ?, ?, ?, ?, ?, default)
2026-06-23T15:49:10.850+05:30 DEBUG 9260 --- [FastX-Test] [           main] org.hibernate.SQL                        : 
    insert 
    into
        seats
        (bus_id, created_at, reserved_booking_id, seat_number, seat_status, seat_type, updated_at, seat_id) 
    values
        (?, ?, ?, ?, ?, ?, ?, default)
Hibernate: 
    insert 
    into
        seats
        (bus_id, created_at, reserved_booking_id, seat_number, seat_status, seat_type, updated_at, seat_id) 
    values
        (?, ?, ?, ?, ?, ?, ?, default)
2026-06-23T15:49:10.851+05:30 DEBUG 9260 --- [FastX-Test] [           main] org.hibernate.SQL                        : 
    insert 
    into
        seats
        (bus_id, created_at, reserved_booking_id, seat_number, seat_status, seat_type, updated_at, seat_id) 
    values
        (?, ?, ?, ?, ?, ?, ?, default)
Hibernate: 
    insert 
    into
        seats
        (bus_id, created_at, reserved_booking_id, seat_number, seat_status, seat_type, updated_at, seat_id) 
    values
        (?, ?, ?, ?, ?, ?, ?, default)
2026-06-23T15:49:10.851+05:30 DEBUG 9260 --- [FastX-Test] [           main] org.hibernate.SQL                        : 
    insert 
    into
        seats
        (bus_id, created_at, reserved_booking_id, seat_number, seat_status, seat_type, updated_at, seat_id) 
    values
        (?, ?, ?, ?, ?, ?, ?, default)
Hibernate: 
    insert 
    into
        seats
        (bus_id, created_at, reserved_booking_id, seat_number, seat_status, seat_type, updated_at, seat_id) 
    values
        (?, ?, ?, ?, ?, ?, ?, default)
2026-06-23T15:49:10.851+05:30 DEBUG 9260 --- [FastX-Test] [           main] org.hibernate.SQL                        : 
    insert 
    into
        seats
        (bus_id, created_at, reserved_booking_id, seat_number, seat_status, seat_type, updated_at, seat_id) 
    values
        (?, ?, ?, ?, ?, ?, ?, default)
Hibernate: 
    insert 
    into
        seats
        (bus_id, created_at, reserved_booking_id, seat_number, seat_status, seat_type, updated_at, seat_id) 
    values
        (?, ?, ?, ?, ?, ?, ?, default)
2026-06-23T15:49:10.851+05:30 DEBUG 9260 --- [FastX-Test] [           main] org.hibernate.SQL                        : 
    insert 
    into
        seats
        (bus_id, created_at, reserved_booking_id, seat_number, seat_status, seat_type, updated_at, seat_id) 
    values
        (?, ?, ?, ?, ?, ?, ?, default)
Hibernate: 
    insert 
    into
        seats
        (bus_id, created_at, reserved_booking_id, seat_number, seat_status, seat_type, updated_at, seat_id) 
    values
        (?, ?, ?, ?, ?, ?, ?, default)
2026-06-23T15:49:10.852+05:30 DEBUG 9260 --- [FastX-Test] [           main] org.hibernate.SQL                        : 
    insert 
    into
        seats
        (bus_id, created_at, reserved_booking_id, seat_number, seat_status, seat_type, updated_at, seat_id) 
    values
        (?, ?, ?, ?, ?, ?, ?, default)
Hibernate: 
    insert 
    into
        seats
        (bus_id, created_at, reserved_booking_id, seat_number, seat_status, seat_type, updated_at, seat_id) 
    values
        (?, ?, ?, ?, ?, ?, ?, default)
2026-06-23T15:49:10.852+05:30 DEBUG 9260 --- [FastX-Test] [           main] org.hibernate.SQL                        : 
    insert 
    into
        seats
        (bus_id, created_at, reserved_booking_id, seat_number, seat_status, seat_type, updated_at, seat_id) 
    values
        (?, ?, ?, ?, ?, ?, ?, default)
Hibernate: 
    insert 
    into
        seats
        (bus_id, created_at, reserved_booking_id, seat_number, seat_status, seat_type, updated_at, seat_id) 
    values
        (?, ?, ?, ?, ?, ?, ?, default)
2026-06-23T15:49:10.852+05:30 DEBUG 9260 --- [FastX-Test] [           main] org.hibernate.SQL                        : 
    insert 
    into
        seats
        (bus_id, created_at, reserved_booking_id, seat_number, seat_status, seat_type, updated_at, seat_id) 
    values
        (?, ?, ?, ?, ?, ?, ?, default)
Hibernate: 
    insert 
    into
        seats
        (bus_id, created_at, reserved_booking_id, seat_number, seat_status, seat_type, updated_at, seat_id) 
    values
        (?, ?, ?, ?, ?, ?, ?, default)
2026-06-23T15:49:10.852+05:30 DEBUG 9260 --- [FastX-Test] [           main] org.hibernate.SQL                        : 
    insert 
    into
        seats
        (bus_id, created_at, reserved_booking_id, seat_number, seat_status, seat_type, updated_at, seat_id) 
    values
        (?, ?, ?, ?, ?, ?, ?, default)
Hibernate: 
    insert 
    into
        seats
        (bus_id, created_at, reserved_booking_id, seat_number, seat_status, seat_type, updated_at, seat_id) 
    values
        (?, ?, ?, ?, ?, ?, ?, default)
2026-06-23T15:49:10.853+05:30 DEBUG 9260 --- [FastX-Test] [           main] org.hibernate.SQL                        : 
    insert 
    into
        seats
        (bus_id, created_at, reserved_booking_id, seat_number, seat_status, seat_type, updated_at, seat_id) 
    values
        (?, ?, ?, ?, ?, ?, ?, default)
Hibernate: 
    insert 
    into
        seats
        (bus_id, created_at, reserved_booking_id, seat_number, seat_status, seat_type, updated_at, seat_id) 
    values
        (?, ?, ?, ?, ?, ?, ?, default)
2026-06-23T15:49:10.854+05:30 DEBUG 9260 --- [FastX-Test] [           main] org.hibernate.SQL                        : 
    insert 
    into
        seats
        (bus_id, created_at, reserved_booking_id, seat_number, seat_status, seat_type, updated_at, seat_id) 
    values
        (?, ?, ?, ?, ?, ?, ?, default)
Hibernate: 
    insert 
    into
        seats
        (bus_id, created_at, reserved_booking_id, seat_number, seat_status, seat_type, updated_at, seat_id) 
    values
        (?, ?, ?, ?, ?, ?, ?, default)
2026-06-23T15:49:10.854+05:30 DEBUG 9260 --- [FastX-Test] [           main] org.hibernate.SQL                        : 
    insert 
    into
        seats
        (bus_id, created_at, reserved_booking_id, seat_number, seat_status, seat_type, updated_at, seat_id) 
    values
        (?, ?, ?, ?, ?, ?, ?, default)
Hibernate: 
    insert 
    into
        seats
        (bus_id, created_at, reserved_booking_id, seat_number, seat_status, seat_type, updated_at, seat_id) 
    values
        (?, ?, ?, ?, ?, ?, ?, default)
2026-06-23T15:49:10.854+05:30  INFO 9260 --- [FastX-Test] [           main] c.h.fastx.service.impl.BusServiceImpl    : 40 seats created for Bus ID: 12
2026-06-23T15:49:10.856+05:30 DEBUG 9260 --- [FastX-Test] [           main] org.hibernate.SQL                        : 
    select
        s1_0.seat_id,
        s1_0.bus_id,
        s1_0.created_at,
        s1_0.reserved_booking_id,
        s1_0.seat_number,
        s1_0.seat_status,
        s1_0.seat_type,
        s1_0.updated_at 
    from
        seats s1_0 
    where
        s1_0.bus_id=? 
        and s1_0.seat_status=?
Hibernate: 
    select
        s1_0.seat_id,
        s1_0.bus_id,
        s1_0.created_at,
        s1_0.reserved_booking_id,
        s1_0.seat_number,
        s1_0.seat_status,
        s1_0.seat_type,
        s1_0.updated_at 
    from
        seats s1_0 
    where
        s1_0.bus_id=? 
        and s1_0.seat_status=?
2026-06-23T15:49:10.857+05:30  INFO 9260 --- [FastX-Test] [           main] c.h.f.service.impl.BookingServiceImpl    : Creating booking for User ID: 1 on Bus ID: 12
2026-06-23T15:49:10.858+05:30  INFO 9260 --- [FastX-Test] [           main] c.h.f.service.impl.BookingServiceImpl    : Number of passengers: 1
2026-06-23T15:49:10.862+05:30 DEBUG 9260 --- [FastX-Test] [           main] org.hibernate.SQL                        : 
    select
        count(s1_0.seat_id) 
    from
        seats s1_0 
    where
        s1_0.bus_id=? 
        and s1_0.seat_status=?
Hibernate: 
    select
        count(s1_0.seat_id) 
    from
        seats s1_0 
    where
        s1_0.bus_id=? 
        and s1_0.seat_status=?
2026-06-23T15:49:10.864+05:30  INFO 9260 --- [FastX-Test] [           main] c.h.f.service.impl.BookingServiceImpl    : Total amount calculated: 500.0 (fare 500.0 x 1 passengers)
2026-06-23T15:49:10.865+05:30  INFO 9260 --- [FastX-Test] [           main] c.h.f.service.impl.BookingServiceImpl    : Reservation expires at: 2026-06-23T16:19:10.864986543 (30-minute window)
2026-06-23T15:49:10.865+05:30 DEBUG 9260 --- [FastX-Test] [           main] org.hibernate.SQL                        : 
    insert 
    into
        bookings
        (booking_date, booking_status, bus_id, created_at, reservation_expires_at, total_amount, updated_at, user_id, booking_id) 
    values
        (?, ?, ?, ?, ?, ?, ?, ?, default)
Hibernate: 
    insert 
    into
        bookings
        (booking_date, booking_status, bus_id, created_at, reservation_expires_at, total_amount, updated_at, user_id, booking_id) 
    values
        (?, ?, ?, ?, ?, ?, ?, ?, default)
2026-06-23T15:49:10.866+05:30  INFO 9260 --- [FastX-Test] [           main] c.h.f.service.impl.BookingServiceImpl    : Booking saved with auto-generated ID: 1. User will use this ID to complete payment.
2026-06-23T15:49:10.867+05:30  INFO 9260 --- [FastX-Test] [           main] c.h.fastx.service.impl.SeatServiceImpl   : Seat reserved (held for payment): B12-LB-01 for Booking ID: 1
2026-06-23T15:49:10.867+05:30 DEBUG 9260 --- [FastX-Test] [           main] org.hibernate.SQL                        : 
    insert 
    into
        passengers
        (age, booking_id, created_at, gender, name, seat_id, updated_at, passenger_id) 
    values
        (?, ?, ?, ?, ?, ?, ?, default)
Hibernate: 
    insert 
    into
        passengers
        (age, booking_id, created_at, gender, name, seat_id, updated_at, passenger_id) 
    values
        (?, ?, ?, ?, ?, ?, ?, default)
2026-06-23T15:49:10.868+05:30  INFO 9260 --- [FastX-Test] [           main] c.h.f.service.impl.BookingServiceImpl    : Passenger added: Buddy (Age: 21) -> Seat: B12-LB-01
2026-06-23T15:49:10.868+05:30 DEBUG 9260 --- [FastX-Test] [           main] org.hibernate.SQL                        : 
    insert 
    into
        payments
        (amount, booking_id, created_at, payment_date, payment_method, payment_status, transaction_id, updated_at, payment_id) 
    values
        (?, ?, ?, ?, ?, ?, ?, ?, default)
Hibernate: 
    insert 
    into
        payments
        (amount, booking_id, created_at, payment_date, payment_method, payment_status, transaction_id, updated_at, payment_id) 
    values
        (?, ?, ?, ?, ?, ?, ?, ?, default)
2026-06-23T15:49:10.868+05:30  INFO 9260 --- [FastX-Test] [           main] c.h.f.service.impl.BookingServiceImpl    : Pending payment record created for Booking ID: 1
2026-06-23T15:49:10.869+05:30  INFO 9260 --- [FastX-Test] [           main] c.h.f.service.impl.BookingServiceImpl    : Booking created successfully! Booking ID: 1 | Status: PENDING | Seats: RESERVED for 30 mins | Complete payment to confirm.
2026-06-23T15:49:10.877+05:30 DEBUG 9260 --- [FastX-Test] [           main] org.hibernate.SQL                        : 
    select
        p1_0.payment_id,
        p1_0.amount,
        p1_0.booking_id,
        p1_0.created_at,
        p1_0.payment_date,
        p1_0.payment_method,
        p1_0.payment_status,
        p1_0.transaction_id,
        p1_0.updated_at 
    from
        payments p1_0 
    where
        p1_0.booking_id=?
Hibernate: 
    select
        p1_0.payment_id,
        p1_0.amount,
        p1_0.booking_id,
        p1_0.created_at,
        p1_0.payment_date,
        p1_0.payment_method,
        p1_0.payment_status,
        p1_0.transaction_id,
        p1_0.updated_at 
    from
        payments p1_0 
    where
        p1_0.booking_id=?
2026-06-23T15:49:10.878+05:30  INFO 9260 --- [FastX-Test] [           main] c.h.f.service.impl.PaymentServiceImpl    : Payment processed successfully for Booking ID: 1. Transaction ID: 0bc17e89-06be-42b1-a755-8dc18a4141a5
2026-06-23T15:49:10.878+05:30  INFO 9260 --- [FastX-Test] [           main] c.h.f.service.impl.BookingServiceImpl    : Confirming booking with ID: 1
2026-06-23T15:49:10.879+05:30  INFO 9260 --- [FastX-Test] [           main] c.h.fastx.service.impl.SeatServiceImpl   : Seat confirmed (BOOKED): B12-LB-01
2026-06-23T15:49:10.879+05:30  INFO 9260 --- [FastX-Test] [           main] c.h.f.service.impl.BookingServiceImpl    : Seats confirmed (RESERVED -> BOOKED) for Booking ID: 1
2026-06-23T15:49:10.879+05:30  INFO 9260 --- [FastX-Test] [           main] c.h.f.service.impl.BookingServiceImpl    : Booking confirmed successfully. Booking ID: 1 | Seats are now permanently BOOKED.
2026-06-23T15:49:10.879+05:30  INFO 9260 --- [FastX-Test] [           main] c.h.f.service.impl.PaymentServiceImpl    : Booking auto-confirmed after payment. Booking ID: 1 | Seats are now permanently BOOKED.
]]></system-out>
  </testcase>
  <testcase name="testRefundPayment" classname="com.hexaware.fastx.service.PaymentServiceTest" time="0.138">
    <system-out><![CDATA[2026-06-23T15:49:10.885+05:30 DEBUG 9260 --- [FastX-Test] [           main] org.hibernate.SQL                        : 
    insert 
    into
        roles
        (created_at, role_name, updated_at, role_id) 
    values
        (?, ?, ?, default)
Hibernate: 
    insert 
    into
        roles
        (created_at, role_name, updated_at, role_id) 
    values
        (?, ?, ?, default)
2026-06-23T15:49:10.886+05:30  INFO 9260 --- [FastX-Test] [           main] c.h.fastx.service.impl.RoleServiceImpl   : Role created with ID: 2
2026-06-23T15:49:10.887+05:30 DEBUG 9260 --- [FastX-Test] [           main] org.hibernate.SQL                        : 
    select
        u1_0.user_id 
    from
        users u1_0 
    where
        u1_0.email=? 
    fetch
        first ? rows only
Hibernate: 
    select
        u1_0.user_id 
    from
        users u1_0 
    where
        u1_0.email=? 
    fetch
        first ? rows only
2026-06-23T15:49:10.941+05:30 DEBUG 9260 --- [FastX-Test] [           main] org.hibernate.SQL                        : 
    insert 
    into
        users
        (address, created_at, email, full_name, gender, is_active, password, phone_number, role_id, updated_at, user_id) 
    values
        (?, ?, ?, ?, ?, ?, ?, ?, ?, ?, default)
Hibernate: 
    insert 
    into
        users
        (address, created_at, email, full_name, gender, is_active, password, phone_number, role_id, updated_at, user_id) 
    values
        (?, ?, ?, ?, ?, ?, ?, ?, ?, ?, default)
2026-06-23T15:49:10.942+05:30  INFO 9260 --- [FastX-Test] [           main] c.h.fastx.service.impl.UserServiceImpl   : User created with ID: 2
2026-06-23T15:49:10.996+05:30 DEBUG 9260 --- [FastX-Test] [           main] org.hibernate.SQL                        : 
    insert 
    into
        bus_operators
        (address, company_name, created_at, email, is_active, password, phone_number, updated_at, operator_id) 
    values
        (?, ?, ?, ?, ?, ?, ?, ?, default)
Hibernate: 
    insert 
    into
        bus_operators
        (address, company_name, created_at, email, is_active, password, phone_number, updated_at, operator_id) 
    values
        (?, ?, ?, ?, ?, ?, ?, ?, default)
2026-06-23T15:49:10.997+05:30  INFO 9260 --- [FastX-Test] [           main] c.h.f.s.impl.BusOperatorServiceImpl      : Bus Operator created with ID: 13
2026-06-23T15:49:10.997+05:30 DEBUG 9260 --- [FastX-Test] [           main] org.hibernate.SQL                        : 
    insert 
    into
        buses
        (arrival_time, bus_name, bus_number, operator_id, bus_type, created_at, departure_time, destination, fare, journey_date, origin, total_seats, updated_at, bus_id) 
    values
        (?, ?, ?, ?, ?, ?, ?, ?, ?, ?, ?, ?, ?, default)
Hibernate: 
    insert 
    into
        buses
        (arrival_time, bus_name, bus_number, operator_id, bus_type, created_at, departure_time, destination, fare, journey_date, origin, total_seats, updated_at, bus_id) 
    values
        (?, ?, ?, ?, ?, ?, ?, ?, ?, ?, ?, ?, ?, default)
2026-06-23T15:49:10.998+05:30  INFO 9260 --- [FastX-Test] [           main] c.h.fastx.service.impl.BusServiceImpl    : Bus added with ID: 13
2026-06-23T15:49:10.998+05:30 DEBUG 9260 --- [FastX-Test] [           main] org.hibernate.SQL                        : 
    insert 
    into
        seats
        (bus_id, created_at, reserved_booking_id, seat_number, seat_status, seat_type, updated_at, seat_id) 
    values
        (?, ?, ?, ?, ?, ?, ?, default)
Hibernate: 
    insert 
    into
        seats
        (bus_id, created_at, reserved_booking_id, seat_number, seat_status, seat_type, updated_at, seat_id) 
    values
        (?, ?, ?, ?, ?, ?, ?, default)
2026-06-23T15:49:10.999+05:30 DEBUG 9260 --- [FastX-Test] [           main] org.hibernate.SQL                        : 
    insert 
    into
        seats
        (bus_id, created_at, reserved_booking_id, seat_number, seat_status, seat_type, updated_at, seat_id) 
    values
        (?, ?, ?, ?, ?, ?, ?, default)
Hibernate: 
    insert 
    into
        seats
        (bus_id, created_at, reserved_booking_id, seat_number, seat_status, seat_type, updated_at, seat_id) 
    values
        (?, ?, ?, ?, ?, ?, ?, default)
2026-06-23T15:49:11.000+05:30 DEBUG 9260 --- [FastX-Test] [           main] org.hibernate.SQL                        : 
    insert 
    into
        seats
        (bus_id, created_at, reserved_booking_id, seat_number, seat_status, seat_type, updated_at, seat_id) 
    values
        (?, ?, ?, ?, ?, ?, ?, default)
Hibernate: 
    insert 
    into
        seats
        (bus_id, created_at, reserved_booking_id, seat_number, seat_status, seat_type, updated_at, seat_id) 
    values
        (?, ?, ?, ?, ?, ?, ?, default)
2026-06-23T15:49:11.000+05:30 DEBUG 9260 --- [FastX-Test] [           main] org.hibernate.SQL                        : 
    insert 
    into
        seats
        (bus_id, created_at, reserved_booking_id, seat_number, seat_status, seat_type, updated_at, seat_id) 
    values
        (?, ?, ?, ?, ?, ?, ?, default)
Hibernate: 
    insert 
    into
        seats
        (bus_id, created_at, reserved_booking_id, seat_number, seat_status, seat_type, updated_at, seat_id) 
    values
        (?, ?, ?, ?, ?, ?, ?, default)
2026-06-23T15:49:11.000+05:30 DEBUG 9260 --- [FastX-Test] [           main] org.hibernate.SQL                        : 
    insert 
    into
        seats
        (bus_id, created_at, reserved_booking_id, seat_number, seat_status, seat_type, updated_at, seat_id) 
    values
        (?, ?, ?, ?, ?, ?, ?, default)
Hibernate: 
    insert 
    into
        seats
        (bus_id, created_at, reserved_booking_id, seat_number, seat_status, seat_type, updated_at, seat_id) 
    values
        (?, ?, ?, ?, ?, ?, ?, default)
2026-06-23T15:49:11.001+05:30 DEBUG 9260 --- [FastX-Test] [           main] org.hibernate.SQL                        : 
    insert 
    into
        seats
        (bus_id, created_at, reserved_booking_id, seat_number, seat_status, seat_type, updated_at, seat_id) 
    values
        (?, ?, ?, ?, ?, ?, ?, default)
Hibernate: 
    insert 
    into
        seats
        (bus_id, created_at, reserved_booking_id, seat_number, seat_status, seat_type, updated_at, seat_id) 
    values
        (?, ?, ?, ?, ?, ?, ?, default)
2026-06-23T15:49:11.001+05:30 DEBUG 9260 --- [FastX-Test] [           main] org.hibernate.SQL                        : 
    insert 
    into
        seats
        (bus_id, created_at, reserved_booking_id, seat_number, seat_status, seat_type, updated_at, seat_id) 
    values
        (?, ?, ?, ?, ?, ?, ?, default)
Hibernate: 
    insert 
    into
        seats
        (bus_id, created_at, reserved_booking_id, seat_number, seat_status, seat_type, updated_at, seat_id) 
    values
        (?, ?, ?, ?, ?, ?, ?, default)
2026-06-23T15:49:11.001+05:30 DEBUG 9260 --- [FastX-Test] [           main] org.hibernate.SQL                        : 
    insert 
    into
        seats
        (bus_id, created_at, reserved_booking_id, seat_number, seat_status, seat_type, updated_at, seat_id) 
    values
        (?, ?, ?, ?, ?, ?, ?, default)
Hibernate: 
    insert 
    into
        seats
        (bus_id, created_at, reserved_booking_id, seat_number, seat_status, seat_type, updated_at, seat_id) 
    values
        (?, ?, ?, ?, ?, ?, ?, default)
2026-06-23T15:49:11.001+05:30 DEBUG 9260 --- [FastX-Test] [           main] org.hibernate.SQL                        : 
    insert 
    into
        seats
        (bus_id, created_at, reserved_booking_id, seat_number, seat_status, seat_type, updated_at, seat_id) 
    values
        (?, ?, ?, ?, ?, ?, ?, default)
Hibernate: 
    insert 
    into
        seats
        (bus_id, created_at, reserved_booking_id, seat_number, seat_status, seat_type, updated_at, seat_id) 
    values
        (?, ?, ?, ?, ?, ?, ?, default)
2026-06-23T15:49:11.002+05:30 DEBUG 9260 --- [FastX-Test] [           main] org.hibernate.SQL                        : 
    insert 
    into
        seats
        (bus_id, created_at, reserved_booking_id, seat_number, seat_status, seat_type, updated_at, seat_id) 
    values
        (?, ?, ?, ?, ?, ?, ?, default)
Hibernate: 
    insert 
    into
        seats
        (bus_id, created_at, reserved_booking_id, seat_number, seat_status, seat_type, updated_at, seat_id) 
    values
        (?, ?, ?, ?, ?, ?, ?, default)
2026-06-23T15:49:11.002+05:30 DEBUG 9260 --- [FastX-Test] [           main] org.hibernate.SQL                        : 
    insert 
    into
        seats
        (bus_id, created_at, reserved_booking_id, seat_number, seat_status, seat_type, updated_at, seat_id) 
    values
        (?, ?, ?, ?, ?, ?, ?, default)
Hibernate: 
    insert 
    into
        seats
        (bus_id, created_at, reserved_booking_id, seat_number, seat_status, seat_type, updated_at, seat_id) 
    values
        (?, ?, ?, ?, ?, ?, ?, default)
2026-06-23T15:49:11.002+05:30 DEBUG 9260 --- [FastX-Test] [           main] org.hibernate.SQL                        : 
    insert 
    into
        seats
        (bus_id, created_at, reserved_booking_id, seat_number, seat_status, seat_type, updated_at, seat_id) 
    values
        (?, ?, ?, ?, ?, ?, ?, default)
Hibernate: 
    insert 
    into
        seats
        (bus_id, created_at, reserved_booking_id, seat_number, seat_status, seat_type, updated_at, seat_id) 
    values
        (?, ?, ?, ?, ?, ?, ?, default)
2026-06-23T15:49:11.002+05:30 DEBUG 9260 --- [FastX-Test] [           main] org.hibernate.SQL                        : 
    insert 
    into
        seats
        (bus_id, created_at, reserved_booking_id, seat_number, seat_status, seat_type, updated_at, seat_id) 
    values
        (?, ?, ?, ?, ?, ?, ?, default)
Hibernate: 
    insert 
    into
        seats
        (bus_id, created_at, reserved_booking_id, seat_number, seat_status, seat_type, updated_at, seat_id) 
    values
        (?, ?, ?, ?, ?, ?, ?, default)
2026-06-23T15:49:11.002+05:30 DEBUG 9260 --- [FastX-Test] [           main] org.hibernate.SQL                        : 
    insert 
    into
        seats
        (bus_id, created_at, reserved_booking_id, seat_number, seat_status, seat_type, updated_at, seat_id) 
    values
        (?, ?, ?, ?, ?, ?, ?, default)
Hibernate: 
    insert 
    into
        seats
        (bus_id, created_at, reserved_booking_id, seat_number, seat_status, seat_type, updated_at, seat_id) 
    values
        (?, ?, ?, ?, ?, ?, ?, default)
2026-06-23T15:49:11.003+05:30 DEBUG 9260 --- [FastX-Test] [           main] org.hibernate.SQL                        : 
    insert 
    into
        seats
        (bus_id, created_at, reserved_booking_id, seat_number, seat_status, seat_type, updated_at, seat_id) 
    values
        (?, ?, ?, ?, ?, ?, ?, default)
Hibernate: 
    insert 
    into
        seats
        (bus_id, created_at, reserved_booking_id, seat_number, seat_status, seat_type, updated_at, seat_id) 
    values
        (?, ?, ?, ?, ?, ?, ?, default)
2026-06-23T15:49:11.003+05:30 DEBUG 9260 --- [FastX-Test] [           main] org.hibernate.SQL                        : 
    insert 
    into
        seats
        (bus_id, created_at, reserved_booking_id, seat_number, seat_status, seat_type, updated_at, seat_id) 
    values
        (?, ?, ?, ?, ?, ?, ?, default)
Hibernate: 
    insert 
    into
        seats
        (bus_id, created_at, reserved_booking_id, seat_number, seat_status, seat_type, updated_at, seat_id) 
    values
        (?, ?, ?, ?, ?, ?, ?, default)
2026-06-23T15:49:11.003+05:30 DEBUG 9260 --- [FastX-Test] [           main] org.hibernate.SQL                        : 
    insert 
    into
        seats
        (bus_id, created_at, reserved_booking_id, seat_number, seat_status, seat_type, updated_at, seat_id) 
    values
        (?, ?, ?, ?, ?, ?, ?, default)
Hibernate: 
    insert 
    into
        seats
        (bus_id, created_at, reserved_booking_id, seat_number, seat_status, seat_type, updated_at, seat_id) 
    values
        (?, ?, ?, ?, ?, ?, ?, default)
2026-06-23T15:49:11.003+05:30 DEBUG 9260 --- [FastX-Test] [           main] org.hibernate.SQL                        : 
    insert 
    into
        seats
        (bus_id, created_at, reserved_booking_id, seat_number, seat_status, seat_type, updated_at, seat_id) 
    values
        (?, ?, ?, ?, ?, ?, ?, default)
Hibernate: 
    insert 
    into
        seats
        (bus_id, created_at, reserved_booking_id, seat_number, seat_status, seat_type, updated_at, seat_id) 
    values
        (?, ?, ?, ?, ?, ?, ?, default)
2026-06-23T15:49:11.004+05:30 DEBUG 9260 --- [FastX-Test] [           main] org.hibernate.SQL                        : 
    insert 
    into
        seats
        (bus_id, created_at, reserved_booking_id, seat_number, seat_status, seat_type, updated_at, seat_id) 
    values
        (?, ?, ?, ?, ?, ?, ?, default)
Hibernate: 
    insert 
    into
        seats
        (bus_id, created_at, reserved_booking_id, seat_number, seat_status, seat_type, updated_at, seat_id) 
    values
        (?, ?, ?, ?, ?, ?, ?, default)
2026-06-23T15:49:11.004+05:30 DEBUG 9260 --- [FastX-Test] [           main] org.hibernate.SQL                        : 
    insert 
    into
        seats
        (bus_id, created_at, reserved_booking_id, seat_number, seat_status, seat_type, updated_at, seat_id) 
    values
        (?, ?, ?, ?, ?, ?, ?, default)
Hibernate: 
    insert 
    into
        seats
        (bus_id, created_at, reserved_booking_id, seat_number, seat_status, seat_type, updated_at, seat_id) 
    values
        (?, ?, ?, ?, ?, ?, ?, default)
2026-06-23T15:49:11.004+05:30 DEBUG 9260 --- [FastX-Test] [           main] org.hibernate.SQL                        : 
    insert 
    into
        seats
        (bus_id, created_at, reserved_booking_id, seat_number, seat_status, seat_type, updated_at, seat_id) 
    values
        (?, ?, ?, ?, ?, ?, ?, default)
Hibernate: 
    insert 
    into
        seats
        (bus_id, created_at, reserved_booking_id, seat_number, seat_status, seat_type, updated_at, seat_id) 
    values
        (?, ?, ?, ?, ?, ?, ?, default)
2026-06-23T15:49:11.004+05:30 DEBUG 9260 --- [FastX-Test] [           main] org.hibernate.SQL                        : 
    insert 
    into
        seats
        (bus_id, created_at, reserved_booking_id, seat_number, seat_status, seat_type, updated_at, seat_id) 
    values
        (?, ?, ?, ?, ?, ?, ?, default)
Hibernate: 
    insert 
    into
        seats
        (bus_id, created_at, reserved_booking_id, seat_number, seat_status, seat_type, updated_at, seat_id) 
    values
        (?, ?, ?, ?, ?, ?, ?, default)
2026-06-23T15:49:11.004+05:30 DEBUG 9260 --- [FastX-Test] [           main] org.hibernate.SQL                        : 
    insert 
    into
        seats
        (bus_id, created_at, reserved_booking_id, seat_number, seat_status, seat_type, updated_at, seat_id) 
    values
        (?, ?, ?, ?, ?, ?, ?, default)
Hibernate: 
    insert 
    into
        seats
        (bus_id, created_at, reserved_booking_id, seat_number, seat_status, seat_type, updated_at, seat_id) 
    values
        (?, ?, ?, ?, ?, ?, ?, default)
2026-06-23T15:49:11.005+05:30 DEBUG 9260 --- [FastX-Test] [           main] org.hibernate.SQL                        : 
    insert 
    into
        seats
        (bus_id, created_at, reserved_booking_id, seat_number, seat_status, seat_type, updated_at, seat_id) 
    values
        (?, ?, ?, ?, ?, ?, ?, default)
Hibernate: 
    insert 
    into
        seats
        (bus_id, created_at, reserved_booking_id, seat_number, seat_status, seat_type, updated_at, seat_id) 
    values
        (?, ?, ?, ?, ?, ?, ?, default)
2026-06-23T15:49:11.005+05:30 DEBUG 9260 --- [FastX-Test] [           main] org.hibernate.SQL                        : 
    insert 
    into
        seats
        (bus_id, created_at, reserved_booking_id, seat_number, seat_status, seat_type, updated_at, seat_id) 
    values
        (?, ?, ?, ?, ?, ?, ?, default)
Hibernate: 
    insert 
    into
        seats
        (bus_id, created_at, reserved_booking_id, seat_number, seat_status, seat_type, updated_at, seat_id) 
    values
        (?, ?, ?, ?, ?, ?, ?, default)
2026-06-23T15:49:11.005+05:30 DEBUG 9260 --- [FastX-Test] [           main] org.hibernate.SQL                        : 
    insert 
    into
        seats
        (bus_id, created_at, reserved_booking_id, seat_number, seat_status, seat_type, updated_at, seat_id) 
    values
        (?, ?, ?, ?, ?, ?, ?, default)
Hibernate: 
    insert 
    into
        seats
        (bus_id, created_at, reserved_booking_id, seat_number, seat_status, seat_type, updated_at, seat_id) 
    values
        (?, ?, ?, ?, ?, ?, ?, default)
2026-06-23T15:49:11.006+05:30 DEBUG 9260 --- [FastX-Test] [           main] org.hibernate.SQL                        : 
    insert 
    into
        seats
        (bus_id, created_at, reserved_booking_id, seat_number, seat_status, seat_type, updated_at, seat_id) 
    values
        (?, ?, ?, ?, ?, ?, ?, default)
Hibernate: 
    insert 
    into
        seats
        (bus_id, created_at, reserved_booking_id, seat_number, seat_status, seat_type, updated_at, seat_id) 
    values
        (?, ?, ?, ?, ?, ?, ?, default)
2026-06-23T15:49:11.006+05:30 DEBUG 9260 --- [FastX-Test] [           main] org.hibernate.SQL                        : 
    insert 
    into
        seats
        (bus_id, created_at, reserved_booking_id, seat_number, seat_status, seat_type, updated_at, seat_id) 
    values
        (?, ?, ?, ?, ?, ?, ?, default)
Hibernate: 
    insert 
    into
        seats
        (bus_id, created_at, reserved_booking_id, seat_number, seat_status, seat_type, updated_at, seat_id) 
    values
        (?, ?, ?, ?, ?, ?, ?, default)
2026-06-23T15:49:11.007+05:30 DEBUG 9260 --- [FastX-Test] [           main] org.hibernate.SQL                        : 
    insert 
    into
        seats
        (bus_id, created_at, reserved_booking_id, seat_number, seat_status, seat_type, updated_at, seat_id) 
    values
        (?, ?, ?, ?, ?, ?, ?, default)
Hibernate: 
    insert 
    into
        seats
        (bus_id, created_at, reserved_booking_id, seat_number, seat_status, seat_type, updated_at, seat_id) 
    values
        (?, ?, ?, ?, ?, ?, ?, default)
2026-06-23T15:49:11.007+05:30 DEBUG 9260 --- [FastX-Test] [           main] org.hibernate.SQL                        : 
    insert 
    into
        seats
        (bus_id, created_at, reserved_booking_id, seat_number, seat_status, seat_type, updated_at, seat_id) 
    values
        (?, ?, ?, ?, ?, ?, ?, default)
Hibernate: 
    insert 
    into
        seats
        (bus_id, created_at, reserved_booking_id, seat_number, seat_status, seat_type, updated_at, seat_id) 
    values
        (?, ?, ?, ?, ?, ?, ?, default)
2026-06-23T15:49:11.007+05:30 DEBUG 9260 --- [FastX-Test] [           main] org.hibernate.SQL                        : 
    insert 
    into
        seats
        (bus_id, created_at, reserved_booking_id, seat_number, seat_status, seat_type, updated_at, seat_id) 
    values
        (?, ?, ?, ?, ?, ?, ?, default)
Hibernate: 
    insert 
    into
        seats
        (bus_id, created_at, reserved_booking_id, seat_number, seat_status, seat_type, updated_at, seat_id) 
    values
        (?, ?, ?, ?, ?, ?, ?, default)
2026-06-23T15:49:11.007+05:30 DEBUG 9260 --- [FastX-Test] [           main] org.hibernate.SQL                        : 
    insert 
    into
        seats
        (bus_id, created_at, reserved_booking_id, seat_number, seat_status, seat_type, updated_at, seat_id) 
    values
        (?, ?, ?, ?, ?, ?, ?, default)
Hibernate: 
    insert 
    into
        seats
        (bus_id, created_at, reserved_booking_id, seat_number, seat_status, seat_type, updated_at, seat_id) 
    values
        (?, ?, ?, ?, ?, ?, ?, default)
2026-06-23T15:49:11.008+05:30 DEBUG 9260 --- [FastX-Test] [           main] org.hibernate.SQL                        : 
    insert 
    into
        seats
        (bus_id, created_at, reserved_booking_id, seat_number, seat_status, seat_type, updated_at, seat_id) 
    values
        (?, ?, ?, ?, ?, ?, ?, default)
Hibernate: 
    insert 
    into
        seats
        (bus_id, created_at, reserved_booking_id, seat_number, seat_status, seat_type, updated_at, seat_id) 
    values
        (?, ?, ?, ?, ?, ?, ?, default)
2026-06-23T15:49:11.008+05:30 DEBUG 9260 --- [FastX-Test] [           main] org.hibernate.SQL                        : 
    insert 
    into
        seats
        (bus_id, created_at, reserved_booking_id, seat_number, seat_status, seat_type, updated_at, seat_id) 
    values
        (?, ?, ?, ?, ?, ?, ?, default)
Hibernate: 
    insert 
    into
        seats
        (bus_id, created_at, reserved_booking_id, seat_number, seat_status, seat_type, updated_at, seat_id) 
    values
        (?, ?, ?, ?, ?, ?, ?, default)
2026-06-23T15:49:11.008+05:30 DEBUG 9260 --- [FastX-Test] [           main] org.hibernate.SQL                        : 
    insert 
    into
        seats
        (bus_id, created_at, reserved_booking_id, seat_number, seat_status, seat_type, updated_at, seat_id) 
    values
        (?, ?, ?, ?, ?, ?, ?, default)
Hibernate: 
    insert 
    into
        seats
        (bus_id, created_at, reserved_booking_id, seat_number, seat_status, seat_type, updated_at, seat_id) 
    values
        (?, ?, ?, ?, ?, ?, ?, default)
2026-06-23T15:49:11.009+05:30 DEBUG 9260 --- [FastX-Test] [           main] org.hibernate.SQL                        : 
    insert 
    into
        seats
        (bus_id, created_at, reserved_booking_id, seat_number, seat_status, seat_type, updated_at, seat_id) 
    values
        (?, ?, ?, ?, ?, ?, ?, default)
Hibernate: 
    insert 
    into
        seats
        (bus_id, created_at, reserved_booking_id, seat_number, seat_status, seat_type, updated_at, seat_id) 
    values
        (?, ?, ?, ?, ?, ?, ?, default)
2026-06-23T15:49:11.009+05:30 DEBUG 9260 --- [FastX-Test] [           main] org.hibernate.SQL                        : 
    insert 
    into
        seats
        (bus_id, created_at, reserved_booking_id, seat_number, seat_status, seat_type, updated_at, seat_id) 
    values
        (?, ?, ?, ?, ?, ?, ?, default)
Hibernate: 
    insert 
    into
        seats
        (bus_id, created_at, reserved_booking_id, seat_number, seat_status, seat_type, updated_at, seat_id) 
    values
        (?, ?, ?, ?, ?, ?, ?, default)
2026-06-23T15:49:11.009+05:30 DEBUG 9260 --- [FastX-Test] [           main] org.hibernate.SQL                        : 
    insert 
    into
        seats
        (bus_id, created_at, reserved_booking_id, seat_number, seat_status, seat_type, updated_at, seat_id) 
    values
        (?, ?, ?, ?, ?, ?, ?, default)
Hibernate: 
    insert 
    into
        seats
        (bus_id, created_at, reserved_booking_id, seat_number, seat_status, seat_type, updated_at, seat_id) 
    values
        (?, ?, ?, ?, ?, ?, ?, default)
2026-06-23T15:49:11.009+05:30 DEBUG 9260 --- [FastX-Test] [           main] org.hibernate.SQL                        : 
    insert 
    into
        seats
        (bus_id, created_at, reserved_booking_id, seat_number, seat_status, seat_type, updated_at, seat_id) 
    values
        (?, ?, ?, ?, ?, ?, ?, default)
Hibernate: 
    insert 
    into
        seats
        (bus_id, created_at, reserved_booking_id, seat_number, seat_status, seat_type, updated_at, seat_id) 
    values
        (?, ?, ?, ?, ?, ?, ?, default)
2026-06-23T15:49:11.009+05:30 DEBUG 9260 --- [FastX-Test] [           main] org.hibernate.SQL                        : 
    insert 
    into
        seats
        (bus_id, created_at, reserved_booking_id, seat_number, seat_status, seat_type, updated_at, seat_id) 
    values
        (?, ?, ?, ?, ?, ?, ?, default)
Hibernate: 
    insert 
    into
        seats
        (bus_id, created_at, reserved_booking_id, seat_number, seat_status, seat_type, updated_at, seat_id) 
    values
        (?, ?, ?, ?, ?, ?, ?, default)
2026-06-23T15:49:11.010+05:30  INFO 9260 --- [FastX-Test] [           main] c.h.fastx.service.impl.BusServiceImpl    : 40 seats created for Bus ID: 13
2026-06-23T15:49:11.010+05:30 DEBUG 9260 --- [FastX-Test] [           main] org.hibernate.SQL                        : 
    select
        s1_0.seat_id,
        s1_0.bus_id,
        s1_0.created_at,
        s1_0.reserved_booking_id,
        s1_0.seat_number,
        s1_0.seat_status,
        s1_0.seat_type,
        s1_0.updated_at 
    from
        seats s1_0 
    where
        s1_0.bus_id=? 
        and s1_0.seat_status=?
Hibernate: 
    select
        s1_0.seat_id,
        s1_0.bus_id,
        s1_0.created_at,
        s1_0.reserved_booking_id,
        s1_0.seat_number,
        s1_0.seat_status,
        s1_0.seat_type,
        s1_0.updated_at 
    from
        seats s1_0 
    where
        s1_0.bus_id=? 
        and s1_0.seat_status=?
2026-06-23T15:49:11.012+05:30  INFO 9260 --- [FastX-Test] [           main] c.h.f.service.impl.BookingServiceImpl    : Creating booking for User ID: 2 on Bus ID: 13
2026-06-23T15:49:11.012+05:30  INFO 9260 --- [FastX-Test] [           main] c.h.f.service.impl.BookingServiceImpl    : Number of passengers: 1
2026-06-23T15:49:11.013+05:30 DEBUG 9260 --- [FastX-Test] [           main] org.hibernate.SQL                        : 
    select
        count(s1_0.seat_id) 
    from
        seats s1_0 
    where
        s1_0.bus_id=? 
        and s1_0.seat_status=?
Hibernate: 
    select
        count(s1_0.seat_id) 
    from
        seats s1_0 
    where
        s1_0.bus_id=? 
        and s1_0.seat_status=?
2026-06-23T15:49:11.014+05:30  INFO 9260 --- [FastX-Test] [           main] c.h.f.service.impl.BookingServiceImpl    : Total amount calculated: 500.0 (fare 500.0 x 1 passengers)
2026-06-23T15:49:11.014+05:30  INFO 9260 --- [FastX-Test] [           main] c.h.f.service.impl.BookingServiceImpl    : Reservation expires at: 2026-06-23T16:19:11.014517071 (30-minute window)
2026-06-23T15:49:11.014+05:30 DEBUG 9260 --- [FastX-Test] [           main] org.hibernate.SQL                        : 
    insert 
    into
        bookings
        (booking_date, booking_status, bus_id, created_at, reservation_expires_at, total_amount, updated_at, user_id, booking_id) 
    values
        (?, ?, ?, ?, ?, ?, ?, ?, default)
Hibernate: 
    insert 
    into
        bookings
        (booking_date, booking_status, bus_id, created_at, reservation_expires_at, total_amount, updated_at, user_id, booking_id) 
    values
        (?, ?, ?, ?, ?, ?, ?, ?, default)
2026-06-23T15:49:11.015+05:30  INFO 9260 --- [FastX-Test] [           main] c.h.f.service.impl.BookingServiceImpl    : Booking saved with auto-generated ID: 2. User will use this ID to complete payment.
2026-06-23T15:49:11.015+05:30  INFO 9260 --- [FastX-Test] [           main] c.h.fastx.service.impl.SeatServiceImpl   : Seat reserved (held for payment): B13-LB-01 for Booking ID: 2
2026-06-23T15:49:11.015+05:30 DEBUG 9260 --- [FastX-Test] [           main] org.hibernate.SQL                        : 
    insert 
    into
        passengers
        (age, booking_id, created_at, gender, name, seat_id, updated_at, passenger_id) 
    values
        (?, ?, ?, ?, ?, ?, ?, default)
Hibernate: 
    insert 
    into
        passengers
        (age, booking_id, created_at, gender, name, seat_id, updated_at, passenger_id) 
    values
        (?, ?, ?, ?, ?, ?, ?, default)
2026-06-23T15:49:11.015+05:30  INFO 9260 --- [FastX-Test] [           main] c.h.f.service.impl.BookingServiceImpl    : Passenger added: Buddy (Age: 21) -> Seat: B13-LB-01
2026-06-23T15:49:11.016+05:30 DEBUG 9260 --- [FastX-Test] [           main] org.hibernate.SQL                        : 
    insert 
    into
        payments
        (amount, booking_id, created_at, payment_date, payment_method, payment_status, transaction_id, updated_at, payment_id) 
    values
        (?, ?, ?, ?, ?, ?, ?, ?, default)
Hibernate: 
    insert 
    into
        payments
        (amount, booking_id, created_at, payment_date, payment_method, payment_status, transaction_id, updated_at, payment_id) 
    values
        (?, ?, ?, ?, ?, ?, ?, ?, default)
2026-06-23T15:49:11.016+05:30  INFO 9260 --- [FastX-Test] [           main] c.h.f.service.impl.BookingServiceImpl    : Pending payment record created for Booking ID: 2
2026-06-23T15:49:11.016+05:30  INFO 9260 --- [FastX-Test] [           main] c.h.f.service.impl.BookingServiceImpl    : Booking created successfully! Booking ID: 2 | Status: PENDING | Seats: RESERVED for 30 mins | Complete payment to confirm.
2026-06-23T15:49:11.017+05:30 DEBUG 9260 --- [FastX-Test] [           main] org.hibernate.SQL                        : 
    select
        p1_0.payment_id,
        p1_0.amount,
        p1_0.booking_id,
        p1_0.created_at,
        p1_0.payment_date,
        p1_0.payment_method,
        p1_0.payment_status,
        p1_0.transaction_id,
        p1_0.updated_at 
    from
        payments p1_0 
    where
        p1_0.booking_id=?
Hibernate: 
    select
        p1_0.payment_id,
        p1_0.amount,
        p1_0.booking_id,
        p1_0.created_at,
        p1_0.payment_date,
        p1_0.payment_method,
        p1_0.payment_status,
        p1_0.transaction_id,
        p1_0.updated_at 
    from
        payments p1_0 
    where
        p1_0.booking_id=?
2026-06-23T15:49:11.017+05:30  INFO 9260 --- [FastX-Test] [           main] c.h.f.service.impl.PaymentServiceImpl    : Payment processed successfully for Booking ID: 2. Transaction ID: adf58f2a-de75-4984-8cbd-339c9bfec7c3
2026-06-23T15:49:11.017+05:30  INFO 9260 --- [FastX-Test] [           main] c.h.f.service.impl.BookingServiceImpl    : Confirming booking with ID: 2
2026-06-23T15:49:11.018+05:30  INFO 9260 --- [FastX-Test] [           main] c.h.fastx.service.impl.SeatServiceImpl   : Seat confirmed (BOOKED): B13-LB-01
2026-06-23T15:49:11.018+05:30  INFO 9260 --- [FastX-Test] [           main] c.h.f.service.impl.BookingServiceImpl    : Seats confirmed (RESERVED -> BOOKED) for Booking ID: 2
2026-06-23T15:49:11.018+05:30  INFO 9260 --- [FastX-Test] [           main] c.h.f.service.impl.BookingServiceImpl    : Booking confirmed successfully. Booking ID: 2 | Seats are now permanently BOOKED.
2026-06-23T15:49:11.018+05:30  INFO 9260 --- [FastX-Test] [           main] c.h.f.service.impl.PaymentServiceImpl    : Booking auto-confirmed after payment. Booking ID: 2 | Seats are now permanently BOOKED.
2026-06-23T15:49:11.018+05:30  INFO 9260 --- [FastX-Test] [           main] c.h.f.service.impl.PaymentServiceImpl    : Payment refunded for ID: 2
]]></system-out>
  </testcase>
  <testcase name="testVerifyPayment" classname="com.hexaware.fastx.service.PaymentServiceTest" time="0.139">
    <system-out><![CDATA[2026-06-23T15:49:11.024+05:30 DEBUG 9260 --- [FastX-Test] [           main] org.hibernate.SQL                        : 
    insert 
    into
        roles
        (created_at, role_name, updated_at, role_id) 
    values
        (?, ?, ?, default)
Hibernate: 
    insert 
    into
        roles
        (created_at, role_name, updated_at, role_id) 
    values
        (?, ?, ?, default)
2026-06-23T15:49:11.025+05:30  INFO 9260 --- [FastX-Test] [           main] c.h.fastx.service.impl.RoleServiceImpl   : Role created with ID: 3
2026-06-23T15:49:11.026+05:30 DEBUG 9260 --- [FastX-Test] [           main] org.hibernate.SQL                        : 
    select
        u1_0.user_id 
    from
        users u1_0 
    where
        u1_0.email=? 
    fetch
        first ? rows only
Hibernate: 
    select
        u1_0.user_id 
    from
        users u1_0 
    where
        u1_0.email=? 
    fetch
        first ? rows only
2026-06-23T15:49:11.080+05:30 DEBUG 9260 --- [FastX-Test] [           main] org.hibernate.SQL                        : 
    insert 
    into
        users
        (address, created_at, email, full_name, gender, is_active, password, phone_number, role_id, updated_at, user_id) 
    values
        (?, ?, ?, ?, ?, ?, ?, ?, ?, ?, default)
Hibernate: 
    insert 
    into
        users
        (address, created_at, email, full_name, gender, is_active, password, phone_number, role_id, updated_at, user_id) 
    values
        (?, ?, ?, ?, ?, ?, ?, ?, ?, ?, default)
2026-06-23T15:49:11.081+05:30  INFO 9260 --- [FastX-Test] [           main] c.h.fastx.service.impl.UserServiceImpl   : User created with ID: 3
2026-06-23T15:49:11.135+05:30 DEBUG 9260 --- [FastX-Test] [           main] org.hibernate.SQL                        : 
    insert 
    into
        bus_operators
        (address, company_name, created_at, email, is_active, password, phone_number, updated_at, operator_id) 
    values
        (?, ?, ?, ?, ?, ?, ?, ?, default)
Hibernate: 
    insert 
    into
        bus_operators
        (address, company_name, created_at, email, is_active, password, phone_number, updated_at, operator_id) 
    values
        (?, ?, ?, ?, ?, ?, ?, ?, default)
2026-06-23T15:49:11.135+05:30  INFO 9260 --- [FastX-Test] [           main] c.h.f.s.impl.BusOperatorServiceImpl      : Bus Operator created with ID: 14
2026-06-23T15:49:11.136+05:30 DEBUG 9260 --- [FastX-Test] [           main] org.hibernate.SQL                        : 
    insert 
    into
        buses
        (arrival_time, bus_name, bus_number, operator_id, bus_type, created_at, departure_time, destination, fare, journey_date, origin, total_seats, updated_at, bus_id) 
    values
        (?, ?, ?, ?, ?, ?, ?, ?, ?, ?, ?, ?, ?, default)
Hibernate: 
    insert 
    into
        buses
        (arrival_time, bus_name, bus_number, operator_id, bus_type, created_at, departure_time, destination, fare, journey_date, origin, total_seats, updated_at, bus_id) 
    values
        (?, ?, ?, ?, ?, ?, ?, ?, ?, ?, ?, ?, ?, default)
2026-06-23T15:49:11.136+05:30  INFO 9260 --- [FastX-Test] [           main] c.h.fastx.service.impl.BusServiceImpl    : Bus added with ID: 14
2026-06-23T15:49:11.136+05:30 DEBUG 9260 --- [FastX-Test] [           main] org.hibernate.SQL                        : 
    insert 
    into
        seats
        (bus_id, created_at, reserved_booking_id, seat_number, seat_status, seat_type, updated_at, seat_id) 
    values
        (?, ?, ?, ?, ?, ?, ?, default)
Hibernate: 
    insert 
    into
        seats
        (bus_id, created_at, reserved_booking_id, seat_number, seat_status, seat_type, updated_at, seat_id) 
    values
        (?, ?, ?, ?, ?, ?, ?, default)
2026-06-23T15:49:11.137+05:30 DEBUG 9260 --- [FastX-Test] [           main] org.hibernate.SQL                        : 
    insert 
    into
        seats
        (bus_id, created_at, reserved_booking_id, seat_number, seat_status, seat_type, updated_at, seat_id) 
    values
        (?, ?, ?, ?, ?, ?, ?, default)
Hibernate: 
    insert 
    into
        seats
        (bus_id, created_at, reserved_booking_id, seat_number, seat_status, seat_type, updated_at, seat_id) 
    values
        (?, ?, ?, ?, ?, ?, ?, default)
2026-06-23T15:49:11.137+05:30 DEBUG 9260 --- [FastX-Test] [           main] org.hibernate.SQL                        : 
    insert 
    into
        seats
        (bus_id, created_at, reserved_booking_id, seat_number, seat_status, seat_type, updated_at, seat_id) 
    values
        (?, ?, ?, ?, ?, ?, ?, default)
Hibernate: 
    insert 
    into
        seats
        (bus_id, created_at, reserved_booking_id, seat_number, seat_status, seat_type, updated_at, seat_id) 
    values
        (?, ?, ?, ?, ?, ?, ?, default)
2026-06-23T15:49:11.137+05:30 DEBUG 9260 --- [FastX-Test] [           main] org.hibernate.SQL                        : 
    insert 
    into
        seats
        (bus_id, created_at, reserved_booking_id, seat_number, seat_status, seat_type, updated_at, seat_id) 
    values
        (?, ?, ?, ?, ?, ?, ?, default)
Hibernate: 
    insert 
    into
        seats
        (bus_id, created_at, reserved_booking_id, seat_number, seat_status, seat_type, updated_at, seat_id) 
    values
        (?, ?, ?, ?, ?, ?, ?, default)
2026-06-23T15:49:11.138+05:30 DEBUG 9260 --- [FastX-Test] [           main] org.hibernate.SQL                        : 
    insert 
    into
        seats
        (bus_id, created_at, reserved_booking_id, seat_number, seat_status, seat_type, updated_at, seat_id) 
    values
        (?, ?, ?, ?, ?, ?, ?, default)
Hibernate: 
    insert 
    into
        seats
        (bus_id, created_at, reserved_booking_id, seat_number, seat_status, seat_type, updated_at, seat_id) 
    values
        (?, ?, ?, ?, ?, ?, ?, default)
2026-06-23T15:49:11.138+05:30 DEBUG 9260 --- [FastX-Test] [           main] org.hibernate.SQL                        : 
    insert 
    into
        seats
        (bus_id, created_at, reserved_booking_id, seat_number, seat_status, seat_type, updated_at, seat_id) 
    values
        (?, ?, ?, ?, ?, ?, ?, default)
Hibernate: 
    insert 
    into
        seats
        (bus_id, created_at, reserved_booking_id, seat_number, seat_status, seat_type, updated_at, seat_id) 
    values
        (?, ?, ?, ?, ?, ?, ?, default)
2026-06-23T15:49:11.138+05:30 DEBUG 9260 --- [FastX-Test] [           main] org.hibernate.SQL                        : 
    insert 
    into
        seats
        (bus_id, created_at, reserved_booking_id, seat_number, seat_status, seat_type, updated_at, seat_id) 
    values
        (?, ?, ?, ?, ?, ?, ?, default)
Hibernate: 
    insert 
    into
        seats
        (bus_id, created_at, reserved_booking_id, seat_number, seat_status, seat_type, updated_at, seat_id) 
    values
        (?, ?, ?, ?, ?, ?, ?, default)
2026-06-23T15:49:11.138+05:30 DEBUG 9260 --- [FastX-Test] [           main] org.hibernate.SQL                        : 
    insert 
    into
        seats
        (bus_id, created_at, reserved_booking_id, seat_number, seat_status, seat_type, updated_at, seat_id) 
    values
        (?, ?, ?, ?, ?, ?, ?, default)
Hibernate: 
    insert 
    into
        seats
        (bus_id, created_at, reserved_booking_id, seat_number, seat_status, seat_type, updated_at, seat_id) 
    values
        (?, ?, ?, ?, ?, ?, ?, default)
2026-06-23T15:49:11.139+05:30 DEBUG 9260 --- [FastX-Test] [           main] org.hibernate.SQL                        : 
    insert 
    into
        seats
        (bus_id, created_at, reserved_booking_id, seat_number, seat_status, seat_type, updated_at, seat_id) 
    values
        (?, ?, ?, ?, ?, ?, ?, default)
Hibernate: 
    insert 
    into
        seats
        (bus_id, created_at, reserved_booking_id, seat_number, seat_status, seat_type, updated_at, seat_id) 
    values
        (?, ?, ?, ?, ?, ?, ?, default)
2026-06-23T15:49:11.139+05:30 DEBUG 9260 --- [FastX-Test] [           main] org.hibernate.SQL                        : 
    insert 
    into
        seats
        (bus_id, created_at, reserved_booking_id, seat_number, seat_status, seat_type, updated_at, seat_id) 
    values
        (?, ?, ?, ?, ?, ?, ?, default)
Hibernate: 
    insert 
    into
        seats
        (bus_id, created_at, reserved_booking_id, seat_number, seat_status, seat_type, updated_at, seat_id) 
    values
        (?, ?, ?, ?, ?, ?, ?, default)
2026-06-23T15:49:11.140+05:30 DEBUG 9260 --- [FastX-Test] [           main] org.hibernate.SQL                        : 
    insert 
    into
        seats
        (bus_id, created_at, reserved_booking_id, seat_number, seat_status, seat_type, updated_at, seat_id) 
    values
        (?, ?, ?, ?, ?, ?, ?, default)
Hibernate: 
    insert 
    into
        seats
        (bus_id, created_at, reserved_booking_id, seat_number, seat_status, seat_type, updated_at, seat_id) 
    values
        (?, ?, ?, ?, ?, ?, ?, default)
2026-06-23T15:49:11.140+05:30 DEBUG 9260 --- [FastX-Test] [           main] org.hibernate.SQL                        : 
    insert 
    into
        seats
        (bus_id, created_at, reserved_booking_id, seat_number, seat_status, seat_type, updated_at, seat_id) 
    values
        (?, ?, ?, ?, ?, ?, ?, default)
Hibernate: 
    insert 
    into
        seats
        (bus_id, created_at, reserved_booking_id, seat_number, seat_status, seat_type, updated_at, seat_id) 
    values
        (?, ?, ?, ?, ?, ?, ?, default)
2026-06-23T15:49:11.140+05:30 DEBUG 9260 --- [FastX-Test] [           main] org.hibernate.SQL                        : 
    insert 
    into
        seats
        (bus_id, created_at, reserved_booking_id, seat_number, seat_status, seat_type, updated_at, seat_id) 
    values
        (?, ?, ?, ?, ?, ?, ?, default)
Hibernate: 
    insert 
    into
        seats
        (bus_id, created_at, reserved_booking_id, seat_number, seat_status, seat_type, updated_at, seat_id) 
    values
        (?, ?, ?, ?, ?, ?, ?, default)
2026-06-23T15:49:11.140+05:30 DEBUG 9260 --- [FastX-Test] [           main] org.hibernate.SQL                        : 
    insert 
    into
        seats
        (bus_id, created_at, reserved_booking_id, seat_number, seat_status, seat_type, updated_at, seat_id) 
    values
        (?, ?, ?, ?, ?, ?, ?, default)
Hibernate: 
    insert 
    into
        seats
        (bus_id, created_at, reserved_booking_id, seat_number, seat_status, seat_type, updated_at, seat_id) 
    values
        (?, ?, ?, ?, ?, ?, ?, default)
2026-06-23T15:49:11.140+05:30 DEBUG 9260 --- [FastX-Test] [           main] org.hibernate.SQL                        : 
    insert 
    into
        seats
        (bus_id, created_at, reserved_booking_id, seat_number, seat_status, seat_type, updated_at, seat_id) 
    values
        (?, ?, ?, ?, ?, ?, ?, default)
Hibernate: 
    insert 
    into
        seats
        (bus_id, created_at, reserved_booking_id, seat_number, seat_status, seat_type, updated_at, seat_id) 
    values
        (?, ?, ?, ?, ?, ?, ?, default)
2026-06-23T15:49:11.141+05:30 DEBUG 9260 --- [FastX-Test] [           main] org.hibernate.SQL                        : 
    insert 
    into
        seats
        (bus_id, created_at, reserved_booking_id, seat_number, seat_status, seat_type, updated_at, seat_id) 
    values
        (?, ?, ?, ?, ?, ?, ?, default)
Hibernate: 
    insert 
    into
        seats
        (bus_id, created_at, reserved_booking_id, seat_number, seat_status, seat_type, updated_at, seat_id) 
    values
        (?, ?, ?, ?, ?, ?, ?, default)
2026-06-23T15:49:11.141+05:30 DEBUG 9260 --- [FastX-Test] [           main] org.hibernate.SQL                        : 
    insert 
    into
        seats
        (bus_id, created_at, reserved_booking_id, seat_number, seat_status, seat_type, updated_at, seat_id) 
    values
        (?, ?, ?, ?, ?, ?, ?, default)
Hibernate: 
    insert 
    into
        seats
        (bus_id, created_at, reserved_booking_id, seat_number, seat_status, seat_type, updated_at, seat_id) 
    values
        (?, ?, ?, ?, ?, ?, ?, default)
2026-06-23T15:49:11.141+05:30 DEBUG 9260 --- [FastX-Test] [           main] org.hibernate.SQL                        : 
    insert 
    into
        seats
        (bus_id, created_at, reserved_booking_id, seat_number, seat_status, seat_type, updated_at, seat_id) 
    values
        (?, ?, ?, ?, ?, ?, ?, default)
Hibernate: 
    insert 
    into
        seats
        (bus_id, created_at, reserved_booking_id, seat_number, seat_status, seat_type, updated_at, seat_id) 
    values
        (?, ?, ?, ?, ?, ?, ?, default)
2026-06-23T15:49:11.141+05:30 DEBUG 9260 --- [FastX-Test] [           main] org.hibernate.SQL                        : 
    insert 
    into
        seats
        (bus_id, created_at, reserved_booking_id, seat_number, seat_status, seat_type, updated_at, seat_id) 
    values
        (?, ?, ?, ?, ?, ?, ?, default)
Hibernate: 
    insert 
    into
        seats
        (bus_id, created_at, reserved_booking_id, seat_number, seat_status, seat_type, updated_at, seat_id) 
    values
        (?, ?, ?, ?, ?, ?, ?, default)
2026-06-23T15:49:11.142+05:30 DEBUG 9260 --- [FastX-Test] [           main] org.hibernate.SQL                        : 
    insert 
    into
        seats
        (bus_id, created_at, reserved_booking_id, seat_number, seat_status, seat_type, updated_at, seat_id) 
    values
        (?, ?, ?, ?, ?, ?, ?, default)
Hibernate: 
    insert 
    into
        seats
        (bus_id, created_at, reserved_booking_id, seat_number, seat_status, seat_type, updated_at, seat_id) 
    values
        (?, ?, ?, ?, ?, ?, ?, default)
2026-06-23T15:49:11.142+05:30 DEBUG 9260 --- [FastX-Test] [           main] org.hibernate.SQL                        : 
    insert 
    into
        seats
        (bus_id, created_at, reserved_booking_id, seat_number, seat_status, seat_type, updated_at, seat_id) 
    values
        (?, ?, ?, ?, ?, ?, ?, default)
Hibernate: 
    insert 
    into
        seats
        (bus_id, created_at, reserved_booking_id, seat_number, seat_status, seat_type, updated_at, seat_id) 
    values
        (?, ?, ?, ?, ?, ?, ?, default)
2026-06-23T15:49:11.142+05:30 DEBUG 9260 --- [FastX-Test] [           main] org.hibernate.SQL                        : 
    insert 
    into
        seats
        (bus_id, created_at, reserved_booking_id, seat_number, seat_status, seat_type, updated_at, seat_id) 
    values
        (?, ?, ?, ?, ?, ?, ?, default)
Hibernate: 
    insert 
    into
        seats
        (bus_id, created_at, reserved_booking_id, seat_number, seat_status, seat_type, updated_at, seat_id) 
    values
        (?, ?, ?, ?, ?, ?, ?, default)
2026-06-23T15:49:11.142+05:30 DEBUG 9260 --- [FastX-Test] [           main] org.hibernate.SQL                        : 
    insert 
    into
        seats
        (bus_id, created_at, reserved_booking_id, seat_number, seat_status, seat_type, updated_at, seat_id) 
    values
        (?, ?, ?, ?, ?, ?, ?, default)
Hibernate: 
    insert 
    into
        seats
        (bus_id, created_at, reserved_booking_id, seat_number, seat_status, seat_type, updated_at, seat_id) 
    values
        (?, ?, ?, ?, ?, ?, ?, default)
2026-06-23T15:49:11.142+05:30 DEBUG 9260 --- [FastX-Test] [           main] org.hibernate.SQL                        : 
    insert 
    into
        seats
        (bus_id, created_at, reserved_booking_id, seat_number, seat_status, seat_type, updated_at, seat_id) 
    values
        (?, ?, ?, ?, ?, ?, ?, default)
Hibernate: 
    insert 
    into
        seats
        (bus_id, created_at, reserved_booking_id, seat_number, seat_status, seat_type, updated_at, seat_id) 
    values
        (?, ?, ?, ?, ?, ?, ?, default)
2026-06-23T15:49:11.143+05:30 DEBUG 9260 --- [FastX-Test] [           main] org.hibernate.SQL                        : 
    insert 
    into
        seats
        (bus_id, created_at, reserved_booking_id, seat_number, seat_status, seat_type, updated_at, seat_id) 
    values
        (?, ?, ?, ?, ?, ?, ?, default)
Hibernate: 
    insert 
    into
        seats
        (bus_id, created_at, reserved_booking_id, seat_number, seat_status, seat_type, updated_at, seat_id) 
    values
        (?, ?, ?, ?, ?, ?, ?, default)
2026-06-23T15:49:11.143+05:30 DEBUG 9260 --- [FastX-Test] [           main] org.hibernate.SQL                        : 
    insert 
    into
        seats
        (bus_id, created_at, reserved_booking_id, seat_number, seat_status, seat_type, updated_at, seat_id) 
    values
        (?, ?, ?, ?, ?, ?, ?, default)
Hibernate: 
    insert 
    into
        seats
        (bus_id, created_at, reserved_booking_id, seat_number, seat_status, seat_type, updated_at, seat_id) 
    values
        (?, ?, ?, ?, ?, ?, ?, default)
2026-06-23T15:49:11.143+05:30 DEBUG 9260 --- [FastX-Test] [           main] org.hibernate.SQL                        : 
    insert 
    into
        seats
        (bus_id, created_at, reserved_booking_id, seat_number, seat_status, seat_type, updated_at, seat_id) 
    values
        (?, ?, ?, ?, ?, ?, ?, default)
Hibernate: 
    insert 
    into
        seats
        (bus_id, created_at, reserved_booking_id, seat_number, seat_status, seat_type, updated_at, seat_id) 
    values
        (?, ?, ?, ?, ?, ?, ?, default)
2026-06-23T15:49:11.144+05:30 DEBUG 9260 --- [FastX-Test] [           main] org.hibernate.SQL                        : 
    insert 
    into
        seats
        (bus_id, created_at, reserved_booking_id, seat_number, seat_status, seat_type, updated_at, seat_id) 
    values
        (?, ?, ?, ?, ?, ?, ?, default)
Hibernate: 
    insert 
    into
        seats
[...]
    values
        (?, ?, ?, ?, ?, ?, ?, default)
2026-06-23T15:49:11.280+05:30 DEBUG 9260 --- [FastX-Test] [           main] org.hibernate.SQL                        : 
    insert 
    into
        seats
        (bus_id, created_at, reserved_booking_id, seat_number, seat_status, seat_type, updated_at, seat_id) 
    values
        (?, ?, ?, ?, ?, ?, ?, default)
Hibernate: 
    insert 
    into
        seats
        (bus_id, created_at, reserved_booking_id, seat_number, seat_status, seat_type, updated_at, seat_id) 
    values
        (?, ?, ?, ?, ?, ?, ?, default)
2026-06-23T15:49:11.281+05:30 DEBUG 9260 --- [FastX-Test] [           main] org.hibernate.SQL                        : 
    insert 
    into
        seats
        (bus_id, created_at, reserved_booking_id, seat_number, seat_status, seat_type, updated_at, seat_id) 
    values
        (?, ?, ?, ?, ?, ?, ?, default)
Hibernate: 
    insert 
    into
        seats
        (bus_id, created_at, reserved_booking_id, seat_number, seat_status, seat_type, updated_at, seat_id) 
    values
        (?, ?, ?, ?, ?, ?, ?, default)
2026-06-23T15:49:11.281+05:30 DEBUG 9260 --- [FastX-Test] [           main] org.hibernate.SQL                        : 
    insert 
    into
        seats
        (bus_id, created_at, reserved_booking_id, seat_number, seat_status, seat_type, updated_at, seat_id) 
    values
        (?, ?, ?, ?, ?, ?, ?, default)
Hibernate: 
    insert 
    into
        seats
        (bus_id, created_at, reserved_booking_id, seat_number, seat_status, seat_type, updated_at, seat_id) 
    values
        (?, ?, ?, ?, ?, ?, ?, default)
2026-06-23T15:49:11.282+05:30 DEBUG 9260 --- [FastX-Test] [           main] org.hibernate.SQL                        : 
    insert 
    into
        seats
        (bus_id, created_at, reserved_booking_id, seat_number, seat_status, seat_type, updated_at, seat_id) 
    values
        (?, ?, ?, ?, ?, ?, ?, default)
Hibernate: 
    insert 
    into
        seats
        (bus_id, created_at, reserved_booking_id, seat_number, seat_status, seat_type, updated_at, seat_id) 
    values
        (?, ?, ?, ?, ?, ?, ?, default)
2026-06-23T15:49:11.282+05:30 DEBUG 9260 --- [FastX-Test] [           main] org.hibernate.SQL                        : 
    insert 
    into
        seats
        (bus_id, created_at, reserved_booking_id, seat_number, seat_status, seat_type, updated_at, seat_id) 
    values
        (?, ?, ?, ?, ?, ?, ?, default)
Hibernate: 
    insert 
    into
        seats
        (bus_id, created_at, reserved_booking_id, seat_number, seat_status, seat_type, updated_at, seat_id) 
    values
        (?, ?, ?, ?, ?, ?, ?, default)
2026-06-23T15:49:11.283+05:30 DEBUG 9260 --- [FastX-Test] [           main] org.hibernate.SQL                        : 
    insert 
    into
        seats
        (bus_id, created_at, reserved_booking_id, seat_number, seat_status, seat_type, updated_at, seat_id) 
    values
        (?, ?, ?, ?, ?, ?, ?, default)
Hibernate: 
    insert 
    into
        seats
        (bus_id, created_at, reserved_booking_id, seat_number, seat_status, seat_type, updated_at, seat_id) 
    values
        (?, ?, ?, ?, ?, ?, ?, default)
2026-06-23T15:49:11.283+05:30 DEBUG 9260 --- [FastX-Test] [           main] org.hibernate.SQL                        : 
    insert 
    into
        seats
        (bus_id, created_at, reserved_booking_id, seat_number, seat_status, seat_type, updated_at, seat_id) 
    values
        (?, ?, ?, ?, ?, ?, ?, default)
Hibernate: 
    insert 
    into
        seats
        (bus_id, created_at, reserved_booking_id, seat_number, seat_status, seat_type, updated_at, seat_id) 
    values
        (?, ?, ?, ?, ?, ?, ?, default)
2026-06-23T15:49:11.283+05:30 DEBUG 9260 --- [FastX-Test] [           main] org.hibernate.SQL                        : 
    insert 
    into
        seats
        (bus_id, created_at, reserved_booking_id, seat_number, seat_status, seat_type, updated_at, seat_id) 
    values
        (?, ?, ?, ?, ?, ?, ?, default)
Hibernate: 
    insert 
    into
        seats
        (bus_id, created_at, reserved_booking_id, seat_number, seat_status, seat_type, updated_at, seat_id) 
    values
        (?, ?, ?, ?, ?, ?, ?, default)
2026-06-23T15:49:11.283+05:30 DEBUG 9260 --- [FastX-Test] [           main] org.hibernate.SQL                        : 
    insert 
    into
        seats
        (bus_id, created_at, reserved_booking_id, seat_number, seat_status, seat_type, updated_at, seat_id) 
    values
        (?, ?, ?, ?, ?, ?, ?, default)
Hibernate: 
    insert 
    into
        seats
        (bus_id, created_at, reserved_booking_id, seat_number, seat_status, seat_type, updated_at, seat_id) 
    values
        (?, ?, ?, ?, ?, ?, ?, default)
2026-06-23T15:49:11.284+05:30 DEBUG 9260 --- [FastX-Test] [           main] org.hibernate.SQL                        : 
    insert 
    into
        seats
        (bus_id, created_at, reserved_booking_id, seat_number, seat_status, seat_type, updated_at, seat_id) 
    values
        (?, ?, ?, ?, ?, ?, ?, default)
Hibernate: 
    insert 
    into
        seats
        (bus_id, created_at, reserved_booking_id, seat_number, seat_status, seat_type, updated_at, seat_id) 
    values
        (?, ?, ?, ?, ?, ?, ?, default)
2026-06-23T15:49:11.284+05:30 DEBUG 9260 --- [FastX-Test] [           main] org.hibernate.SQL                        : 
    insert 
    into
        seats
        (bus_id, created_at, reserved_booking_id, seat_number, seat_status, seat_type, updated_at, seat_id) 
    values
        (?, ?, ?, ?, ?, ?, ?, default)
Hibernate: 
    insert 
    into
        seats
        (bus_id, created_at, reserved_booking_id, seat_number, seat_status, seat_type, updated_at, seat_id) 
    values
        (?, ?, ?, ?, ?, ?, ?, default)
2026-06-23T15:49:11.284+05:30 DEBUG 9260 --- [FastX-Test] [           main] org.hibernate.SQL                        : 
    insert 
    into
        seats
        (bus_id, created_at, reserved_booking_id, seat_number, seat_status, seat_type, updated_at, seat_id) 
    values
        (?, ?, ?, ?, ?, ?, ?, default)
Hibernate: 
    insert 
    into
        seats
        (bus_id, created_at, reserved_booking_id, seat_number, seat_status, seat_type, updated_at, seat_id) 
    values
        (?, ?, ?, ?, ?, ?, ?, default)
2026-06-23T15:49:11.284+05:30 DEBUG 9260 --- [FastX-Test] [           main] org.hibernate.SQL                        : 
    insert 
    into
        seats
        (bus_id, created_at, reserved_booking_id, seat_number, seat_status, seat_type, updated_at, seat_id) 
    values
        (?, ?, ?, ?, ?, ?, ?, default)
Hibernate: 
    insert 
    into
        seats
        (bus_id, created_at, reserved_booking_id, seat_number, seat_status, seat_type, updated_at, seat_id) 
    values
        (?, ?, ?, ?, ?, ?, ?, default)
2026-06-23T15:49:11.285+05:30 DEBUG 9260 --- [FastX-Test] [           main] org.hibernate.SQL                        : 
    insert 
    into
        seats
        (bus_id, created_at, reserved_booking_id, seat_number, seat_status, seat_type, updated_at, seat_id) 
    values
        (?, ?, ?, ?, ?, ?, ?, default)
Hibernate: 
    insert 
    into
        seats
        (bus_id, created_at, reserved_booking_id, seat_number, seat_status, seat_type, updated_at, seat_id) 
    values
        (?, ?, ?, ?, ?, ?, ?, default)
2026-06-23T15:49:11.285+05:30 DEBUG 9260 --- [FastX-Test] [           main] org.hibernate.SQL                        : 
    insert 
    into
        seats
        (bus_id, created_at, reserved_booking_id, seat_number, seat_status, seat_type, updated_at, seat_id) 
    values
        (?, ?, ?, ?, ?, ?, ?, default)
Hibernate: 
    insert 
    into
        seats
        (bus_id, created_at, reserved_booking_id, seat_number, seat_status, seat_type, updated_at, seat_id) 
    values
        (?, ?, ?, ?, ?, ?, ?, default)
2026-06-23T15:49:11.285+05:30 DEBUG 9260 --- [FastX-Test] [           main] org.hibernate.SQL                        : 
    insert 
    into
        seats
        (bus_id, created_at, reserved_booking_id, seat_number, seat_status, seat_type, updated_at, seat_id) 
    values
        (?, ?, ?, ?, ?, ?, ?, default)
Hibernate: 
    insert 
    into
        seats
        (bus_id, created_at, reserved_booking_id, seat_number, seat_status, seat_type, updated_at, seat_id) 
    values
        (?, ?, ?, ?, ?, ?, ?, default)
2026-06-23T15:49:11.285+05:30 DEBUG 9260 --- [FastX-Test] [           main] org.hibernate.SQL                        : 
    insert 
    into
        seats
        (bus_id, created_at, reserved_booking_id, seat_number, seat_status, seat_type, updated_at, seat_id) 
    values
        (?, ?, ?, ?, ?, ?, ?, default)
Hibernate: 
    insert 
    into
        seats
        (bus_id, created_at, reserved_booking_id, seat_number, seat_status, seat_type, updated_at, seat_id) 
    values
        (?, ?, ?, ?, ?, ?, ?, default)
2026-06-23T15:49:11.286+05:30 DEBUG 9260 --- [FastX-Test] [           main] org.hibernate.SQL                        : 
    insert 
    into
        seats
        (bus_id, created_at, reserved_booking_id, seat_number, seat_status, seat_type, updated_at, seat_id) 
    values
        (?, ?, ?, ?, ?, ?, ?, default)
Hibernate: 
    insert 
    into
        seats
        (bus_id, created_at, reserved_booking_id, seat_number, seat_status, seat_type, updated_at, seat_id) 
    values
        (?, ?, ?, ?, ?, ?, ?, default)
2026-06-23T15:49:11.286+05:30 DEBUG 9260 --- [FastX-Test] [           main] org.hibernate.SQL                        : 
    insert 
    into
        seats
        (bus_id, created_at, reserved_booking_id, seat_number, seat_status, seat_type, updated_at, seat_id) 
    values
        (?, ?, ?, ?, ?, ?, ?, default)
Hibernate: 
    insert 
    into
        seats
        (bus_id, created_at, reserved_booking_id, seat_number, seat_status, seat_type, updated_at, seat_id) 
    values
        (?, ?, ?, ?, ?, ?, ?, default)
2026-06-23T15:49:11.286+05:30 DEBUG 9260 --- [FastX-Test] [           main] org.hibernate.SQL                        : 
    insert 
    into
        seats
        (bus_id, created_at, reserved_booking_id, seat_number, seat_status, seat_type, updated_at, seat_id) 
    values
        (?, ?, ?, ?, ?, ?, ?, default)
Hibernate: 
    insert 
    into
        seats
        (bus_id, created_at, reserved_booking_id, seat_number, seat_status, seat_type, updated_at, seat_id) 
    values
        (?, ?, ?, ?, ?, ?, ?, default)
2026-06-23T15:49:11.286+05:30 DEBUG 9260 --- [FastX-Test] [           main] org.hibernate.SQL                        : 
    insert 
    into
        seats
        (bus_id, created_at, reserved_booking_id, seat_number, seat_status, seat_type, updated_at, seat_id) 
    values
        (?, ?, ?, ?, ?, ?, ?, default)
Hibernate: 
    insert 
    into
        seats
        (bus_id, created_at, reserved_booking_id, seat_number, seat_status, seat_type, updated_at, seat_id) 
    values
        (?, ?, ?, ?, ?, ?, ?, default)
2026-06-23T15:49:11.287+05:30 DEBUG 9260 --- [FastX-Test] [           main] org.hibernate.SQL                        : 
    insert 
    into
        seats
        (bus_id, created_at, reserved_booking_id, seat_number, seat_status, seat_type, updated_at, seat_id) 
    values
        (?, ?, ?, ?, ?, ?, ?, default)
Hibernate: 
    insert 
    into
        seats
        (bus_id, created_at, reserved_booking_id, seat_number, seat_status, seat_type, updated_at, seat_id) 
    values
        (?, ?, ?, ?, ?, ?, ?, default)
2026-06-23T15:49:11.288+05:30 DEBUG 9260 --- [FastX-Test] [           main] org.hibernate.SQL                        : 
    insert 
    into
        seats
        (bus_id, created_at, reserved_booking_id, seat_number, seat_status, seat_type, updated_at, seat_id) 
    values
        (?, ?, ?, ?, ?, ?, ?, default)
Hibernate: 
    insert 
    into
        seats
        (bus_id, created_at, reserved_booking_id, seat_number, seat_status, seat_type, updated_at, seat_id) 
    values
        (?, ?, ?, ?, ?, ?, ?, default)
2026-06-23T15:49:11.288+05:30 DEBUG 9260 --- [FastX-Test] [           main] org.hibernate.SQL                        : 
    insert 
    into
        seats
        (bus_id, created_at, reserved_booking_id, seat_number, seat_status, seat_type, updated_at, seat_id) 
    values
        (?, ?, ?, ?, ?, ?, ?, default)
Hibernate: 
    insert 
    into
        seats
        (bus_id, created_at, reserved_booking_id, seat_number, seat_status, seat_type, updated_at, seat_id) 
    values
        (?, ?, ?, ?, ?, ?, ?, default)
2026-06-23T15:49:11.288+05:30 DEBUG 9260 --- [FastX-Test] [           main] org.hibernate.SQL                        : 
    insert 
    into
        seats
        (bus_id, created_at, reserved_booking_id, seat_number, seat_status, seat_type, updated_at, seat_id) 
    values
        (?, ?, ?, ?, ?, ?, ?, default)
Hibernate: 
    insert 
    into
        seats
        (bus_id, created_at, reserved_booking_id, seat_number, seat_status, seat_type, updated_at, seat_id) 
    values
        (?, ?, ?, ?, ?, ?, ?, default)
2026-06-23T15:49:11.288+05:30 DEBUG 9260 --- [FastX-Test] [           main] org.hibernate.SQL                        : 
    insert 
    into
        seats
        (bus_id, created_at, reserved_booking_id, seat_number, seat_status, seat_type, updated_at, seat_id) 
    values
        (?, ?, ?, ?, ?, ?, ?, default)
Hibernate: 
    insert 
    into
        seats
        (bus_id, created_at, reserved_booking_id, seat_number, seat_status, seat_type, updated_at, seat_id) 
    values
        (?, ?, ?, ?, ?, ?, ?, default)
2026-06-23T15:49:11.289+05:30 DEBUG 9260 --- [FastX-Test] [           main] org.hibernate.SQL                        : 
    insert 
    into
        seats
        (bus_id, created_at, reserved_booking_id, seat_number, seat_status, seat_type, updated_at, seat_id) 
    values
        (?, ?, ?, ?, ?, ?, ?, default)
Hibernate: 
    insert 
    into
        seats
        (bus_id, created_at, reserved_booking_id, seat_number, seat_status, seat_type, updated_at, seat_id) 
    values
        (?, ?, ?, ?, ?, ?, ?, default)
2026-06-23T15:49:11.289+05:30 DEBUG 9260 --- [FastX-Test] [           main] org.hibernate.SQL                        : 
    insert 
    into
        seats
        (bus_id, created_at, reserved_booking_id, seat_number, seat_status, seat_type, updated_at, seat_id) 
    values
        (?, ?, ?, ?, ?, ?, ?, default)
Hibernate: 
    insert 
    into
        seats
        (bus_id, created_at, reserved_booking_id, seat_number, seat_status, seat_type, updated_at, seat_id) 
    values
        (?, ?, ?, ?, ?, ?, ?, default)
2026-06-23T15:49:11.289+05:30  INFO 9260 --- [FastX-Test] [           main] c.h.fastx.service.impl.BusServiceImpl    : 40 seats created for Bus ID: 15
2026-06-23T15:49:11.290+05:30 DEBUG 9260 --- [FastX-Test] [           main] org.hibernate.SQL                        : 
    select
        s1_0.seat_id,
        s1_0.bus_id,
        s1_0.created_at,
        s1_0.reserved_booking_id,
        s1_0.seat_number,
        s1_0.seat_status,
        s1_0.seat_type,
        s1_0.updated_at 
    from
        seats s1_0 
    where
        s1_0.bus_id=? 
        and s1_0.seat_status=?
Hibernate: 
    select
        s1_0.seat_id,
        s1_0.bus_id,
        s1_0.created_at,
        s1_0.reserved_booking_id,
        s1_0.seat_number,
        s1_0.seat_status,
        s1_0.seat_type,
        s1_0.updated_at 
    from
        seats s1_0 
    where
        s1_0.bus_id=? 
        and s1_0.seat_status=?
2026-06-23T15:49:11.291+05:30  INFO 9260 --- [FastX-Test] [           main] c.h.f.service.impl.BookingServiceImpl    : Creating booking for User ID: 4 on Bus ID: 15
2026-06-23T15:49:11.291+05:30  INFO 9260 --- [FastX-Test] [           main] c.h.f.service.impl.BookingServiceImpl    : Number of passengers: 1
2026-06-23T15:49:11.292+05:30 DEBUG 9260 --- [FastX-Test] [           main] org.hibernate.SQL                        : 
    select
        count(s1_0.seat_id) 
    from
        seats s1_0 
    where
        s1_0.bus_id=? 
        and s1_0.seat_status=?
Hibernate: 
    select
        count(s1_0.seat_id) 
    from
        seats s1_0 
    where
        s1_0.bus_id=? 
        and s1_0.seat_status=?
2026-06-23T15:49:11.292+05:30  INFO 9260 --- [FastX-Test] [           main] c.h.f.service.impl.BookingServiceImpl    : Total amount calculated: 500.0 (fare 500.0 x 1 passengers)
2026-06-23T15:49:11.293+05:30  INFO 9260 --- [FastX-Test] [           main] c.h.f.service.impl.BookingServiceImpl    : Reservation expires at: 2026-06-23T16:19:11.293058054 (30-minute window)
2026-06-23T15:49:11.293+05:30 DEBUG 9260 --- [FastX-Test] [           main] org.hibernate.SQL                        : 
    insert 
    into
        bookings
        (booking_date, booking_status, bus_id, created_at, reservation_expires_at, total_amount, updated_at, user_id, booking_id) 
    values
        (?, ?, ?, ?, ?, ?, ?, ?, default)
Hibernate: 
    insert 
    into
        bookings
        (booking_date, booking_status, bus_id, created_at, reservation_expires_at, total_amount, updated_at, user_id, booking_id) 
    values
        (?, ?, ?, ?, ?, ?, ?, ?, default)
2026-06-23T15:49:11.293+05:30  INFO 9260 --- [FastX-Test] [           main] c.h.f.service.impl.BookingServiceImpl    : Booking saved with auto-generated ID: 4. User will use this ID to complete payment.
2026-06-23T15:49:11.293+05:30  INFO 9260 --- [FastX-Test] [           main] c.h.fastx.service.impl.SeatServiceImpl   : Seat reserved (held for payment): B15-LB-01 for Booking ID: 4
2026-06-23T15:49:11.294+05:30 DEBUG 9260 --- [FastX-Test] [           main] org.hibernate.SQL                        : 
    insert 
    into
        passengers
        (age, booking_id, created_at, gender, name, seat_id, updated_at, passenger_id) 
    values
        (?, ?, ?, ?, ?, ?, ?, default)
Hibernate: 
    insert 
    into
        passengers
        (age, booking_id, created_at, gender, name, seat_id, updated_at, passenger_id) 
    values
        (?, ?, ?, ?, ?, ?, ?, default)
2026-06-23T15:49:11.294+05:30  INFO 9260 --- [FastX-Test] [           main] c.h.f.service.impl.BookingServiceImpl    : Passenger added: Buddy (Age: 21) -> Seat: B15-LB-01
2026-06-23T15:49:11.294+05:30 DEBUG 9260 --- [FastX-Test] [           main] org.hibernate.SQL                        : 
    insert 
    into
        payments
        (amount, booking_id, created_at, payment_date, payment_method, payment_status, transaction_id, updated_at, payment_id) 
    values
        (?, ?, ?, ?, ?, ?, ?, ?, default)
Hibernate: 
    insert 
    into
        payments
        (amount, booking_id, created_at, payment_date, payment_method, payment_status, transaction_id, updated_at, payment_id) 
    values
        (?, ?, ?, ?, ?, ?, ?, ?, default)
2026-06-23T15:49:11.294+05:30  INFO 9260 --- [FastX-Test] [           main] c.h.f.service.impl.BookingServiceImpl    : Pending payment record created for Booking ID: 4
2026-06-23T15:49:11.294+05:30  INFO 9260 --- [FastX-Test] [           main] c.h.f.service.impl.BookingServiceImpl    : Booking created successfully! Booking ID: 4 | Status: PENDING | Seats: RESERVED for 30 mins | Complete payment to confirm.
2026-06-23T15:49:11.295+05:30 DEBUG 9260 --- [FastX-Test] [           main] org.hibernate.SQL                        : 
    select
        p1_0.payment_id,
        p1_0.amount,
        p1_0.booking_id,
        p1_0.created_at,
        p1_0.payment_date,
        p1_0.payment_method,
        p1_0.payment_status,
        p1_0.transaction_id,
        p1_0.updated_at 
    from
        payments p1_0 
    where
        p1_0.booking_id=?
Hibernate: 
    select
        p1_0.payment_id,
        p1_0.amount,
        p1_0.booking_id,
        p1_0.created_at,
        p1_0.payment_date,
        p1_0.payment_method,
        p1_0.payment_status,
        p1_0.transaction_id,
        p1_0.updated_at 
    from
        payments p1_0 
    where
        p1_0.booking_id=?
]]></system-out>
  </testcase>
</testsuite>